Log file open, 01/13/17 11:27:10
LogInit:Display: Running engine for game: aliluyaOVO
LogPlatformFile: Not using cached read wrapper
LogInit:Display: RandInit(1009510502) SRandInit(1009510502).
LogTaskGraph: Started task graph with 5 named threads and 6 total threads with 1 sets of task threads.
LogStats: Stats thread started at 0.061776
LogPluginManager: Loaded Plugin Paper2D, From C:/Program Files (x86)/Epic Games/4.14/Engine/Plugins/2D/Paper2D/Paper2D.uplugin
LogPluginManager: Loaded Plugin LightPropagationVolume, From C:/Program Files (x86)/Epic Games/4.14/Engine/Plugins/Blendables/LightPropagationVolume/LightPropagationVolume.uplugin
LogPluginManager: Loaded Plugin BlankPlugin, From C:/Program Files (x86)/Epic Games/4.14/Engine/Plugins/Developer/BlankPlugin/BlankPlugin.uplugin
LogPluginManager: Loaded Plugin CodeLiteSourceCodeAccess, From C:/Program Files (x86)/Epic Games/4.14/Engine/Plugins/Developer/CodeLiteSourceCodeAccess/CodeLiteSourceCodeAccess.uplugin
LogPluginManager: Loaded Plugin GitSourceControl, From C:/Program Files (x86)/Epic Games/4.14/Engine/Plugins/Developer/GitSourceControl/GitSourceControl.uplugin
LogPluginManager: Loaded Plugin KDevelopSourceCodeAccess, From C:/Program Files (x86)/Epic Games/4.14/Engine/Plugins/Developer/KDevelopSourceCodeAccess/KDevelopSourceCodeAccess.uplugin
LogPluginManager: Loaded Plugin NullSourceCodeAccess, From C:/Program Files (x86)/Epic Games/4.14/Engine/Plugins/Developer/NullSourceCodeAccess/NullSourceCodeAccess.uplugin
LogPluginManager: Loaded Plugin OneSkyLocalizationService, From C:/Program Files (x86)/Epic Games/4.14/Engine/Plugins/Developer/OneSkyLocalizationService/OneSkyLocalizationService.uplugin
LogPluginManager: Loaded Plugin PerforceSourceControl, From C:/Program Files (x86)/Epic Games/4.14/Engine/Plugins/Developer/PerforceSourceControl/PerforceSourceControl.uplugin
LogPluginManager: Loaded Plugin SubversionSourceControl, From C:/Program Files (x86)/Epic Games/4.14/Engine/Plugins/Developer/SubversionSourceControl/SubversionSourceControl.uplugin
LogPluginManager: Loaded Plugin UObjectPlugin, From C:/Program Files (x86)/Epic Games/4.14/Engine/Plugins/Developer/UObjectPlugin/UObjectPlugin.uplugin
LogPluginManager: Loaded Plugin VisualStudioSourceCodeAccess, From C:/Program Files (x86)/Epic Games/4.14/Engine/Plugins/Developer/VisualStudioSourceCodeAccess/VisualStudioSourceCodeAccess.uplugin
LogPluginManager: Loaded Plugin XCodeSourceCodeAccess, From C:/Program Files (x86)/Epic Games/4.14/Engine/Plugins/Developer/XCodeSourceCodeAccess/XCodeSourceCodeAccess.uplugin
LogPluginManager: Loaded Plugin AudioCapture, From C:/Program Files (x86)/Epic Games/4.14/Engine/Plugins/Editor/AudioCapture/AudioCapture.uplugin
LogPluginManager: Loaded Plugin EpicSurvey, From C:/Program Files (x86)/Epic Games/4.14/Engine/Plugins/Editor/EpicSurvey/EpicSurvey.uplugin
LogPluginManager: Loaded Plugin MacGraphicsSwitching, From C:/Program Files (x86)/Epic Games/4.14/Engine/Plugins/Editor/MacGraphicsSwitching/MacGraphicsSwitching.uplugin
LogPluginManager: Loaded Plugin MobileLauncherProfileWizard, From C:/Program Files (x86)/Epic Games/4.14/Engine/Plugins/Editor/MobileLauncherProfileWizard/MobileLauncherProfileWizard.uplugin
LogPluginManager: Loaded Plugin PluginBrowser, From C:/Program Files (x86)/Epic Games/4.14/Engine/Plugins/Editor/PluginBrowser/PluginBrowser.uplugin
LogPluginManager: Loaded Plugin SpeedTreeImporter, From C:/Program Files (x86)/Epic Games/4.14/Engine/Plugins/Editor/SpeedTreeImporter/SpeedTreeImporter.uplugin
LogPluginManager: Loaded Plugin SuperSearchEditor, From C:/Program Files (x86)/Epic Games/4.14/Engine/Plugins/Editor/SuperSearchEditor/SuperSearchEditor.uplugin
LogPluginManager: Loaded Plugin AlembicImporter, From C:/Program Files (x86)/Epic Games/4.14/Engine/Plugins/Experimental/AlembicImporter/AlembicImporter.uplugin
LogPluginManager: Loaded Plugin BlueprintStats, From C:/Program Files (x86)/Epic Games/4.14/Engine/Plugins/Experimental/BlueprintStats/BlueprintStats.uplugin
LogPluginManager: Loaded Plugin CharacterAI, From C:/Program Files (x86)/Epic Games/4.14/Engine/Plugins/Experimental/CharacterAI/CharacterAI.uplugin
LogPluginManager: Loaded Plugin CodeEditor, From C:/Program Files (x86)/Epic Games/4.14/Engine/Plugins/Experimental/CodeEditor/CodeEditor.uplugin
LogPluginManager: Loaded Plugin CodeView, From C:/Program Files (x86)/Epic Games/4.14/Engine/Plugins/Experimental/CodeView/CodeView.uplugin
LogPluginManager: Loaded Plugin HTML5Networking, From C:/Program Files (x86)/Epic Games/4.14/Engine/Plugins/Experimental/HTML5Networking/HTML5Networking.uplugin
LogPluginManager: Loaded Plugin OSVR, From C:/Program Files (x86)/Epic Games/4.14/Engine/Plugins/Experimental/OSVR/OSVR.uplugin
LogPluginManager: Loaded Plugin Phya, From C:/Program Files (x86)/Epic Games/4.14/Engine/Plugins/Experimental/Phya/Phya.uplugin
LogPluginManager: Loaded Plugin SignificanceManager, From C:/Program Files (x86)/Epic Games/4.14/Engine/Plugins/Experimental/SignificanceManager/SignificanceManager.uplugin
LogPluginManager: Loaded Plugin SimpleHMD, From C:/Program Files (x86)/Epic Games/4.14/Engine/Plugins/Experimental/SimpleHMD/SimpleHMD.uplugin
LogPluginManager: Loaded Plugin StereoPanorama, From C:/Program Files (x86)/Epic Games/4.14/Engine/Plugins/Experimental/StereoPanorama/StereoPanorama.uplugin
LogPluginManager: Loaded Plugin StructBox, From C:/Program Files (x86)/Epic Games/4.14/Engine/Plugins/Experimental/StructBox/StructBox.uplugin
LogPluginManager: Loaded Plugin AndroidMedia, From C:/Program Files (x86)/Epic Games/4.14/Engine/Plugins/Media/AndroidMedia/AndroidMedia.uplugin
LogPluginManager: Loaded Plugin AvfMedia, From C:/Program Files (x86)/Epic Games/4.14/Engine/Plugins/Media/AvfMedia/AvfMedia.uplugin
LogPluginManager: Loaded Plugin MediaPlayerEditor, From C:/Program Files (x86)/Epic Games/4.14/Engine/Plugins/Media/MediaPlayerEditor/MediaPlayerEditor.uplugin
LogPluginManager: Loaded Plugin WmfMedia, From C:/Program Files (x86)/Epic Games/4.14/Engine/Plugins/Media/WmfMedia/WmfMedia.uplugin
LogPluginManager: Loaded Plugin MessagingDebugger, From C:/Program Files (x86)/Epic Games/4.14/Engine/Plugins/Messaging/MessagingDebugger/MessagingDebugger.uplugin
LogPluginManager: Loaded Plugin TcpMessaging, From C:/Program Files (x86)/Epic Games/4.14/Engine/Plugins/Messaging/TcpMessaging/TcpMessaging.uplugin
LogPluginManager: Loaded Plugin UdpMessaging, From C:/Program Files (x86)/Epic Games/4.14/Engine/Plugins/Messaging/UdpMessaging/UdpMessaging.uplugin
LogPluginManager: Loaded Plugin LevelSequenceEditor, From C:/Program Files (x86)/Epic Games/4.14/Engine/Plugins/MovieScene/LevelSequenceEditor/LevelSequenceEditor.uplugin
LogPluginManager: Loaded Plugin MatineeToLevelSequence, From C:/Program Files (x86)/Epic Games/4.14/Engine/Plugins/MovieScene/MatineeToLevelSequence/MatineeToLevelSequence.uplugin
LogPluginManager: Loaded Plugin NetcodeUnitTest, From C:/Program Files (x86)/Epic Games/4.14/Engine/Plugins/NetcodeUnitTest/NetcodeUnitTest/NetcodeUnitTest.uplugin
LogPluginManager: Loaded Plugin NUTUnrealEngine4, From C:/Program Files (x86)/Epic Games/4.14/Engine/Plugins/NetcodeUnitTest/NUTUnrealEngine4/NUTUnrealEngine4.uplugin
LogPluginManager: Loaded Plugin OnlineSubsystemGameCircle, From C:/Program Files (x86)/Epic Games/4.14/Engine/Plugins/Online/Android/OnlineSubsystemGameCircle/OnlineSubsystemGameCircle.uplugin
LogPluginManager: Loaded Plugin OnlineSubsystemGooglePlay, From C:/Program Files (x86)/Epic Games/4.14/Engine/Plugins/Online/Android/OnlineSubsystemGooglePlay/OnlineSubsystemGooglePlay.uplugin
LogPluginManager: Loaded Plugin OnlineSubsystemIOS, From C:/Program Files (x86)/Epic Games/4.14/Engine/Plugins/Online/IOS/OnlineSubsystemIOS/OnlineSubsystemIOS.uplugin
LogPluginManager: Loaded Plugin OnlineFramework, From C:/Program Files (x86)/Epic Games/4.14/Engine/Plugins/Online/OnlineFramework/OnlineFramework.uplugin
LogPluginManager: Loaded Plugin OnlineSubsystem, From C:/Program Files (x86)/Epic Games/4.14/Engine/Plugins/Online/OnlineSubsystem/OnlineSubsystem.uplugin
LogPluginManager: Loaded Plugin OnlineSubsystemAmazon, From C:/Program Files (x86)/Epic Games/4.14/Engine/Plugins/Online/OnlineSubsystemAmazon/OnlineSubsystemAmazon.uplugin
LogPluginManager: Loaded Plugin OnlineSubsystemFacebook, From C:/Program Files (x86)/Epic Games/4.14/Engine/Plugins/Online/OnlineSubsystemFacebook/OnlineSubsystemFacebook.uplugin
LogPluginManager: Loaded Plugin OnlineSubsystemNull, From C:/Program Files (x86)/Epic Games/4.14/Engine/Plugins/Online/OnlineSubsystemNull/OnlineSubsystemNull.uplugin
LogPluginManager: Loaded Plugin OnlineSubsystemOculus, From C:/Program Files (x86)/Epic Games/4.14/Engine/Plugins/Online/OnlineSubsystemOculus/OnlineSubsystemOculus.uplugin
LogPluginManager: Loaded Plugin OnlineSubsystemSteam, From C:/Program Files (x86)/Epic Games/4.14/Engine/Plugins/Online/OnlineSubsystemSteam/OnlineSubsystemSteam.uplugin
LogPluginManager: Loaded Plugin OnlineSubsystemUtils, From C:/Program Files (x86)/Epic Games/4.14/Engine/Plugins/Online/OnlineSubsystemUtils/OnlineSubsystemUtils.uplugin
LogPluginManager: Loaded Plugin IOSTapJoy, From C:/Program Files (x86)/Epic Games/4.14/Engine/Plugins/Runtime/Advertising/IOSTapJoy/IOSTapJoy.uplugin
LogPluginManager: Loaded Plugin AnalyticsBlueprintLibrary, From C:/Program Files (x86)/Epic Games/4.14/Engine/Plugins/Runtime/Analytics/AnalyticsBlueprintLibrary/AnalyticsBlueprintLibrary.uplugin
LogPluginManager: Loaded Plugin AnalyticsMulticast, From C:/Program Files (x86)/Epic Games/4.14/Engine/Plugins/Runtime/Analytics/AnalyticsMulticast/AnalyticsMulticast.uplugin
LogPluginManager: Loaded Plugin Apsalar, From C:/Program Files (x86)/Epic Games/4.14/Engine/Plugins/Runtime/Analytics/Apsalar/Apsalar.uplugin
LogPluginManager: Loaded Plugin FileLogging, From C:/Program Files (x86)/Epic Games/4.14/Engine/Plugins/Runtime/Analytics/FileLogging/FileLogging.uplugin
LogPluginManager: Loaded Plugin Flurry, From C:/Program Files (x86)/Epic Games/4.14/Engine/Plugins/Runtime/Analytics/Flurry/Flurry.uplugin
LogPluginManager: Loaded Plugin AndroidDeviceProfileSelector, From C:/Program Files (x86)/Epic Games/4.14/Engine/Plugins/Runtime/AndroidDeviceProfileSelector/AndroidDeviceProfileSelector.uplugin
LogPluginManager: Loaded Plugin AndroidMoviePlayer, From C:/Program Files (x86)/Epic Games/4.14/Engine/Plugins/Runtime/AndroidMoviePlayer/AndroidMoviePlayer.uplugin
LogPluginManager: Loaded Plugin AppleMoviePlayer, From C:/Program Files (x86)/Epic Games/4.14/Engine/Plugins/Runtime/AppleMoviePlayer/AppleMoviePlayer.uplugin
LogPluginManager: Loaded Plugin ArchVisCharacter, From C:/Program Files (x86)/Epic Games/4.14/Engine/Plugins/Runtime/ArchVisCharacter/ArchVisCharacter.uplugin
LogPluginManager: Loaded Plugin CableComponent, From C:/Program Files (x86)/Epic Games/4.14/Engine/Plugins/Runtime/CableComponent/CableComponent.uplugin
LogPluginManager: Loaded Plugin CustomMeshComponent, From C:/Program Files (x86)/Epic Games/4.14/Engine/Plugins/Runtime/CustomMeshComponent/CustomMeshComponent.uplugin
LogPluginManager: Loaded Plugin ExampleDeviceProfileSelector, From C:/Program Files (x86)/Epic Games/4.14/Engine/Plugins/Runtime/ExampleDeviceProfileSelector/ExampleDeviceProfileSelector.uplugin
LogPluginManager: Loaded Plugin GearVR, From C:/Program Files (x86)/Epic Games/4.14/Engine/Plugins/Runtime/GearVR/GearVR.uplugin
LogPluginManager: Loaded Plugin GoogleVRController, From C:/Program Files (x86)/Epic Games/4.14/Engine/Plugins/Runtime/GoogleVR/GoogleVRController/GoogleVRController.uplugin
LogPluginManager: Loaded Plugin GoogleVRHMD, From C:/Program Files (x86)/Epic Games/4.14/Engine/Plugins/Runtime/GoogleVR/GoogleVRHMD/GoogleVRHMD.uplugin
LogPluginManager: Loaded Plugin IOSDeviceProfileSelector, From C:/Program Files (x86)/Epic Games/4.14/Engine/Plugins/Runtime/IOSDeviceProfileSelector/IOSDeviceProfileSelector.uplugin
LogPluginManager: Loaded Plugin LeapMotion, From C:/Program Files (x86)/Epic Games/4.14/Engine/Plugins/Runtime/LeapMotion/LeapMotion.uplugin
LogPluginManager: Loaded Plugin LinuxDeviceProfileSelector, From C:/Program Files (x86)/Epic Games/4.14/Engine/Plugins/Runtime/LinuxDeviceProfileSelector/LinuxDeviceProfileSelector.uplugin
LogPluginManager: Loaded Plugin MIDIDevice, From C:/Program Files (x86)/Epic Games/4.14/Engine/Plugins/Runtime/MIDIDevice/MIDIDevice.uplugin
LogPluginManager: Loaded Plugin MobilePatchingUtils, From C:/Program Files (x86)/Epic Games/4.14/Engine/Plugins/Runtime/MobilePatchingUtils/MobilePatchingUtils.uplugin
LogPluginManager: Loaded Plugin Ansel, From C:/Program Files (x86)/Epic Games/4.14/Engine/Plugins/Runtime/Nvidia/Ansel/Ansel.uplugin
LogPluginManager: Loaded Plugin OculusAudio, From C:/Program Files (x86)/Epic Games/4.14/Engine/Plugins/Runtime/OculusAudio/OculusAudio.uplugin
LogPluginManager: Loaded Plugin OculusInput, From C:/Program Files (x86)/Epic Games/4.14/Engine/Plugins/Runtime/OculusInput/OculusInput.uplugin
LogPluginManager: Loaded Plugin OculusLibrary, From C:/Program Files (x86)/Epic Games/4.14/Engine/Plugins/Runtime/OculusLibrary/OculusLibrary.uplugin
LogPluginManager: Loaded Plugin OculusRift, From C:/Program Files (x86)/Epic Games/4.14/Engine/Plugins/Runtime/OculusRift/OculusRift.uplugin
LogPluginManager: Loaded Plugin Oodle, From C:/Program Files (x86)/Epic Games/4.14/Engine/Plugins/Runtime/PacketHandlers/CompressionComponents/Oodle/Oodle.uplugin
LogPluginManager: Loaded Plugin ProceduralMeshComponent, From C:/Program Files (x86)/Epic Games/4.14/Engine/Plugins/Runtime/ProceduralMeshComponent/ProceduralMeshComponent.uplugin
LogPluginManager: Loaded Plugin SoundMod, From C:/Program Files (x86)/Epic Games/4.14/Engine/Plugins/Runtime/SoundMod/SoundMod.uplugin
LogPluginManager: Loaded Plugin SoundVisualizations, From C:/Program Files (x86)/Epic Games/4.14/Engine/Plugins/Runtime/SoundVisualizations/SoundVisualizations.uplugin
LogPluginManager: Loaded Plugin SteamController, From C:/Program Files (x86)/Epic Games/4.14/Engine/Plugins/Runtime/Steam/SteamController/SteamController.uplugin
LogPluginManager: Loaded Plugin SteamVR, From C:/Program Files (x86)/Epic Games/4.14/Engine/Plugins/Runtime/Steam/SteamVR/SteamVR.uplugin
LogPluginManager: Loaded Plugin WebBrowserWidget, From C:/Program Files (x86)/Epic Games/4.14/Engine/Plugins/Runtime/WebBrowserWidget/WebBrowserWidget.uplugin
LogPluginManager: Loaded Plugin WindowsDeviceProfileSelector, From C:/Program Files (x86)/Epic Games/4.14/Engine/Plugins/Runtime/WindowsDeviceProfileSelector/WindowsDeviceProfileSelector.uplugin
LogPluginManager: Loaded Plugin WindowsMoviePlayer, From C:/Program Files (x86)/Epic Games/4.14/Engine/Plugins/Runtime/WindowsMoviePlayer/WindowsMoviePlayer.uplugin
LogPluginManager: Loaded Plugin ScriptPlugin, From C:/Program Files (x86)/Epic Games/4.14/Engine/Plugins/ScriptPlugin/ScriptPlugin.uplugin
LogPluginManager: Loaded Plugin SlateRemote, From C:/Program Files (x86)/Epic Games/4.14/Engine/Plugins/Slate/SlateRemote/SlateRemote.uplugin
LogPluginManager: Loaded Plugin EditorTests, From C:/Program Files (x86)/Epic Games/4.14/Engine/Plugins/Tests/EditorTests/EditorTests.uplugin
LogPluginManager: Loaded Plugin FbxAutomationTestBuilder, From C:/Program Files (x86)/Epic Games/4.14/Engine/Plugins/Tests/FbxAutomationTestBuilder/FbxAutomationTestBuilder.uplugin
LogPluginManager: Loaded Plugin FunctionalTestingEditor, From C:/Program Files (x86)/Epic Games/4.14/Engine/Plugins/Tests/FunctionalTestingEditor/FunctionalTestingEditor.uplugin
LogPluginManager: Loaded Plugin RuntimeTests, From C:/Program Files (x86)/Epic Games/4.14/Engine/Plugins/Tests/RuntimeTests/RuntimeTests.uplugin
LogPluginManager: Loaded Plugin ScreenshotTools, From C:/Program Files (x86)/Epic Games/4.14/Engine/Plugins/Tests/ScreenshotTools/ScreenshotTools.uplugin
LogInit: Using libcurl 7.47.1
LogInit:  - built for x86_64-pc-win32
LogInit:  - supports SSL with OpenSSL/1.0.2g
LogInit:  - supports HTTP deflate (compression) using libz 1.2.8
LogInit:  - other features:
LogInit:      CURL_VERSION_SSL
LogInit:      CURL_VERSION_LIBZ
LogInit:      CURL_VERSION_IPV6
LogInit:      CURL_VERSION_ASYNCHDNS
LogInit:      CURL_VERSION_LARGEFILE
LogInit:      CURL_VERSION_IDN
LogInit:  CurlRequestOptions (configurable via config and command line):
LogInit:  - bVerifyPeer = false  - Libcurl will NOT verify peer certificate
LogInit:  - bUseHttpProxy = false  - Libcurl will NOT use HTTP proxy
LogInit:  - bDontReuseConnections = false  - Libcurl will reuse connections
LogInit:  - CertBundlePath = nullptr  - Libcurl will use whatever was configured at build time.
LogInit: Build: ++UE4+Release-4.14-CL-3249277
LogInit: Engine Version: 4.14.3-3249277+++UE4+Release-4.14
LogInit: Compatible Engine Version: 4.14.0-3195953+++UE4+Release-4.14
LogInit: Net CL: 3195953
LogDevObjectVersion: Number of dev versions registered: 13
LogDevObjectVersion:   Dev-Blueprints (B0D832E4-1F89-4F0D-ACCF-7EB736FD4AA2): 7
LogDevObjectVersion:   Dev-Build (E1C64328-A22C-4D53-A36C-8E866417BD8C): 0
LogDevObjectVersion:   Dev-Core (375EC13C-06E4-48FB-B500-84F0262A717E): 1
LogDevObjectVersion:   Dev-Editor (E4B068ED-F494-42E9-A231-DA0B2E46BB41): 8
LogDevObjectVersion:   Dev-Framework (CFFC743F-43B0-4480-9391-14DF171D2073): 17
LogDevObjectVersion:   Dev-Mobile (B02B49B5-BB20-44E9-A304-32B752E40360): 0
LogDevObjectVersion:   Dev-Networking (A4E4105C-59A1-49B5-A7C5-40C4547EDFEE): 0
LogDevObjectVersion:   Dev-Online (39C831C9-5AE6-47DC-9A44-9C173E1C8E7C): 0
LogDevObjectVersion:   Dev-Physics (78F01B33-EBEA-4F98-B9B4-84EACCB95AA2): 0
LogDevObjectVersion:   Dev-Platform (6631380F-2D4D-43E0-8009-CF276956A95A): 0
LogDevObjectVersion:   Dev-Rendering (12F88B9F-8875-4AFC-A67C-D90C383ABD29): 12
LogDevObjectVersion:   Dev-Sequencer (7B5AE74C-D270-4C10-A958-57980B212A5A): 1
LogDevObjectVersion:   Dev-VR (D7296918-1DD6-4BDD-9DE2-64A83CC13884): 0
LogInit: Compiled (64-bit): Jan  6 2017 10:49:43
LogInit: Compiled with Visual C++: 19.00.23026.00
LogInit: Build Configuration: Development
LogInit: Branch Name: ++UE4+Release-4.14
LogInit: Command line:  
LogInit: Base directory: C:/Program Files (x86)/Epic Games/4.14/Engine/Binaries/Win64/
LogInit: Installed Engine Build: 1
LogInit: Presizing for max 8388607 objects, including 0 objects not considered by GC, pre-allocating 0 bytes for permanent pool.
LogInit: Object subsystem initialized
[2017.01.13-03.27.10:457][  0]LogInit: Selected Device Profile: [Windows]
[2017.01.13-03.27.10:457][  0]LogInit: Applying CVar settings loaded from the selected device profile: [Windows]
[2017.01.13-03.27.10:464][  0]LogInit: Computer: X6X8-20160115BT
[2017.01.13-03.27.10:464][  0]LogInit: User: Administrator
[2017.01.13-03.27.10:464][  0]LogInit: CPU Page size=65536, Cores=2
[2017.01.13-03.27.10:464][  0]LogInit: High frequency timer resolution =2.533251 MHz
[2017.01.13-03.27.10:464][  0]LogMemory: Memory total: Physical=3.7GB (4GB approx)
[2017.01.13-03.27.10:464][  0]LogMemory: Platform Memory Stats for Windows
[2017.01.13-03.27.10:464][  0]LogMemory: Process Physical Memory: 265.52 MB used, 265.52 MB peak
[2017.01.13-03.27.10:464][  0]LogMemory: Process Virtual Memory: 264.36 MB used, 264.36 MB peak
[2017.01.13-03.27.10:464][  0]LogMemory: Physical Memory: 2071.53 MB used,  1745.38 MB free, 3816.90 MB total
[2017.01.13-03.27.10:464][  0]LogMemory: Virtual Memory: 662.28 MB used,  1745.38 MB free, 8388608.00 MB total
[2017.01.13-03.27.10:569][  0]LogTextLocalizationManager:Warning: Loaded localization resources contain conflicting entries for (Namespace:UObjectToolTips, Key:AnimNode_AssetPlayerBase:InternalTimeAccumulator):
Localization Resource: (C:/Program Files (x86)/Epic Games/4.14/Engine/Content/Localization/EditorTutorials/zh-CN/EditorTutorials.locres) Source String Hash: (502993589) Localized String: (用于引用此节点中的资源的累积时间)
Localization Resource: (C:/Program Files (x86)/Epic Games/4.14/Engine/Content/Localization/Engine/zh-CN/Engine.locres) Source String Hash: (502993589) Localized String: (引用该节点中资源所用的累计时间)
[2017.01.13-03.27.10:569][  0]LogTextLocalizationManager:Warning: Loaded localization resources contain conflicting entries for (Namespace:UObjectToolTips, Key:AnimNode_AssetPlayerBase:bIgnoreForRelevancyTest):
Localization Resource: (C:/Program Files (x86)/Epic Games/4.14/Engine/Content/Localization/EditorTutorials/zh-CN/EditorTutorials.locres) Source String Hash: (319969718) Localized String: (若为真，在状态中寻找最高权重动画的“相关动画”节点将忽视 此节点)
Localization Resource: (C:/Program Files (x86)/Epic Games/4.14/Engine/Content/Localization/Engine/zh-CN/Engine.locres) Source String Hash: (319969718) Localized String: (如果为真，那么将会忽略查找最高权重动画的"相关动画"节点。
这个节点)
[2017.01.13-03.27.10:569][  0]LogTextLocalizationManager:Warning: Loaded localization resources contain conflicting entries for (Namespace:UObjectToolTips, Key:AnimNode_AssetPlayerBase:BlendWeight):
Localization Resource: (C:/Program Files (x86)/Epic Games/4.14/Engine/Content/Localization/EditorTutorials/zh-CN/EditorTutorials.locres) Source String Hash: (-1232800293) Localized String: (此节点最后交会的混合权重)
Localization Resource: (C:/Program Files (x86)/Epic Games/4.14/Engine/Content/Localization/Engine/zh-CN/Engine.locres) Source String Hash: (-1232800293) Localized String: (该节点上一次遇到的混合权重)
[2017.01.13-03.27.10:943][  0]LogD3D11RHI: D3D11 adapters:
[2017.01.13-03.27.10:977][  0]LogD3D11RHI:    0. 'NVIDIA GeForce GT 720M' (Feature Level 11_0)
[2017.01.13-03.27.10:977][  0]LogD3D11RHI:       978/0/1652 MB DedicatedVideo/DedicatedSystem/SharedSystem, Outputs:1, VendorId:0x10de
[2017.01.13-03.27.10:994][  0]LogD3D11RHI:    1. 'NVIDIA GeForce GT 720M' (Feature Level 11_0)
[2017.01.13-03.27.10:994][  0]LogD3D11RHI:       978/0/1652 MB DedicatedVideo/DedicatedSystem/SharedSystem, Outputs:0, VendorId:0x10de
[2017.01.13-03.27.10:994][  0]LogD3D11RHI: Chosen D3D11 Adapter: 0
[2017.01.13-03.27.11:002][  0]LogD3D11RHI: Creating new Direct3DDevice
[2017.01.13-03.27.11:002][  0]LogD3D11RHI:     GPU DeviceId: 0x1140 (for the marketing name, search the web for "GPU Device Id")
[2017.01.13-03.27.11:002][  0]LogWindows: EnumDisplayDevices:
[2017.01.13-03.27.11:002][  0]LogWindows:    0. 'Intel(R) HD Graphics 4600' (P:1 D:1)
[2017.01.13-03.27.11:002][  0]LogWindows:    1. 'Intel(R) HD Graphics 4600' (P:0 D:0)
[2017.01.13-03.27.11:002][  0]LogWindows:    2. 'Intel(R) HD Graphics 4600' (P:0 D:0)
[2017.01.13-03.27.11:003][  0]LogWindows:    3. 'NVIDIA GeForce GT 720M' (P:0 D:0)
[2017.01.13-03.27.11:003][  0]LogWindows:    4. 'RDPDD Chained DD' (P:0 D:0)
[2017.01.13-03.27.11:003][  0]LogWindows:    5. 'RDP Encoder Mirror Driver' (P:0 D:0)
[2017.01.13-03.27.11:003][  0]LogWindows:    6. 'RDP Reflector Display Driver' (P:0 D:0)
[2017.01.13-03.27.11:003][  0]LogWindows: DebugString: PrimaryIsNotTheChoosenAdapter PrimaryIsNotTheChoosenAdapter PrimaryIsNotTheChoosenAdapter GetVideoDriverDetailsInvalid PrimaryIsNotTheChoosenAdapter GetVideoDriverDetailsInvalid PrimaryIsNotTheChoosenAdapter GetVideoDriverDetailsInvalid PrimaryIsNotTheChoosenAdapter 
[2017.01.13-03.27.11:003][  0]LogD3D11RHI:     Adapter Name: NVIDIA GeForce GT 720M
[2017.01.13-03.27.11:003][  0]LogD3D11RHI:   Driver Version: 369.59 (internal:21.21.13.6959, unified:369.59)
[2017.01.13-03.27.11:003][  0]LogD3D11RHI:      Driver Date: 10-18-2016
[2017.01.13-03.27.11:003][  0]LogRHI: Texture pool is 685 MB (70% of 978 MB)
[2017.01.13-03.27.11:026][  0]LogD3D11RHI:Warning: Timestamp queries are currently disabled on this hardware due to instability. Realtime GPU stats will not be available. You can override this behaviour by setting r.NVIDIATimestampWorkaround to 0
[2017.01.13-03.27.11:026][  0]LogD3D11RHI: Async texture creation enabled
[2017.01.13-03.27.11:041][  0]LogD3D11RHI: GPU Timing Frequency: 1000.000000 (Debug: 2 2)
[2017.01.13-03.27.11:041][  0]LogShaderCompilers: Guid format shader working directory is 25 characters bigger than the processId version (D:/zuoye1/ALILUYA1/aliluyaOVO/Intermediate/Shaders/WorkingDirectory/2652/).
[2017.01.13-03.27.11:041][  0]LogShaderCompilers: Cleaned the shader compiler working directory 'C:/Users/Administrator/AppData/Local/Temp/UnrealShaderWorkingDir/56143BF0490F554030C428AE3006CE19/'.
[2017.01.13-03.27.11:041][  0]LogShaderCompilers:Display: Using Local Shader Compiler.
[2017.01.13-03.27.14:166][  0]LogTemp:Display: Loaded TP AllDesktopTargetPlatform
[2017.01.13-03.27.14:218][  0]LogTemp:Display: Loaded TP MacClientTargetPlatform
[2017.01.13-03.27.14:276][  0]LogTemp:Display: Loaded TP MacNoEditorTargetPlatform
[2017.01.13-03.27.14:332][  0]LogTemp:Display: Loaded TP MacServerTargetPlatform
[2017.01.13-03.27.14:388][  0]LogTemp:Display: Loaded TP MacTargetPlatform
[2017.01.13-03.27.14:444][  0]LogTemp:Display: Loaded TP WindowsClientTargetPlatform
[2017.01.13-03.27.14:497][  0]LogTemp:Display: Loaded TP WindowsNoEditorTargetPlatform
[2017.01.13-03.27.14:553][  0]LogTemp:Display: Loaded TP WindowsServerTargetPlatform
[2017.01.13-03.27.14:595][  0]LogTemp:Display: Loaded TP WindowsTargetPlatform
[2017.01.13-03.27.14:651][  0]LogTemp:Display: Loaded TP AndroidTargetPlatform
[2017.01.13-03.27.14:702][  0]LogTemp:Display: Loaded TP Android_ASTCTargetPlatform
[2017.01.13-03.27.14:755][  0]LogTemp:Display: Loaded TP Android_ATCTargetPlatform
[2017.01.13-03.27.14:810][  0]LogTemp:Display: Loaded TP Android_DXTTargetPlatform
[2017.01.13-03.27.14:861][  0]LogTemp:Display: Loaded TP Android_ETC1TargetPlatform
[2017.01.13-03.27.14:912][  0]LogTemp:Display: Loaded TP Android_ETC2TargetPlatform
[2017.01.13-03.27.15:021][  0]LogTemp:Display: Loaded TP Android_MultiTargetPlatform
[2017.01.13-03.27.15:021][  0]LogTemp:Display: Loaded TP Android_PVRTCTargetPlatform
[2017.01.13-03.27.15:057][  0]LogTemp:Display: Loaded TP HTML5TargetPlatform
[2017.01.13-03.27.15:146][  0]LogTemp:Display: Loaded TP IOSTargetPlatform
[2017.01.13-03.27.15:182][  0]LogTemp:Display: Loaded TP TVOSTargetPlatform
[2017.01.13-03.27.15:228][  0]LogTemp:Display: Loaded TP LinuxClientTargetPlatform
[2017.01.13-03.27.15:517][  0]LogTemp:Display: Loaded TP LinuxNoEditorTargetPlatform
[2017.01.13-03.27.15:572][  0]LogTemp:Display: Loaded TP LinuxServerTargetPlatform
[2017.01.13-03.27.15:627][  0]LogTemp:Display: Loaded TP LinuxTargetPlatform
[2017.01.13-03.27.15:627][  0]LogTargetPlatformManager:Display: Building Assets For Windows
[2017.01.13-03.27.16:010][  0]LogDerivedDataCache:Display: Max Cache Size: 512 MB
[2017.01.13-03.27.16:119][  0]LogDerivedDataCache: Loaded boot cache 0.11s 51MB C:/Users/Administrator/AppData/Local/UnrealEngine/4.14/DerivedDataCache/Boot.ddc.
[2017.01.13-03.27.16:119][  0]LogDerivedDataCache:Display: Loaded Boot cache: C:/Users/Administrator/AppData/Local/UnrealEngine/4.14/DerivedDataCache/Boot.ddc
[2017.01.13-03.27.16:119][  0]LogDerivedDataCache: FDerivedDataBackendGraph:  Pak pak cache file D:/zuoye1/ALILUYA1/aliluyaOVO/DerivedDataCache/DDC.ddp not found, will not use a pak cache.
[2017.01.13-03.27.16:119][  0]LogDerivedDataCache: Unable to find inner node Pak for hierarchical cache Hierarchy.
[2017.01.13-03.27.16:119][  0]LogDerivedDataCache: FDerivedDataBackendGraph:  CompressedPak pak cache file D:/zuoye1/ALILUYA1/aliluyaOVO/DerivedDataCache/Compressed.ddp not found, will not use a pak cache.
[2017.01.13-03.27.16:119][  0]LogDerivedDataCache: Unable to find inner node CompressedPak for hierarchical cache Hierarchy.
[2017.01.13-03.27.16:143][  0]LogDerivedDataCache:Display: Pak cache opened for reading ../../../Engine/DerivedDataCache/Compressed.ddp.
[2017.01.13-03.27.16:155][  0]LogDerivedDataCache: Using Local data cache path C:/Users/Administrator/AppData/Local/UnrealEngine/Common/DerivedDataCache: Writable
[2017.01.13-03.27.16:422][  0]LogInit: Selected Device Profile: [Windows]
[2017.01.13-03.27.16:428][  0]LogContentStreaming: Texture pool size is 0.00 MB
[2017.01.13-03.27.16:699][  0]LogMeshUtilities: Using QuadricMeshReduction for automatic static mesh reduction
[2017.01.13-03.27.16:790][  0]LogSimplygon: Simplygon DLL not present - disabling.
[2017.01.13-03.27.16:832][  0]LogMeshUtilities: Using SimplygonSwarm for distributed automatic mesh merging
[2017.01.13-03.27.16:832][  0]LogMeshUtilities: No automatic skeletal mesh reduction module available
[2017.01.13-03.27.16:832][  0]LogMeshUtilities: No automatic mesh merging module available
[2017.01.13-03.27.17:441][  0]LogNetVersion: GetLocalNetworkVersion: CL: 3195953, ProjectName: aliluyaovo, ProjectVersion: , EngineNetworkVersion: 2, GameNetworkVersion: 0, NetworkChecksum: 3199669633
[2017.01.13-03.27.17:506][  0]LogAssetRegistry: FAssetRegistry took 0.0257 seconds to start up
[2017.01.13-03.27.17:594][  0]LogPackageLocalizationCache: Processed 3 localized package path(s) for 4 prioritized culture(s) in 0.055549 seconds
[2017.01.13-03.27.17:601][  0]LogUObjectArray: 31946 objects as part of root set at end of initial load.
[2017.01.13-03.27.17:601][  0]LogUObjectAllocator: 6935848 out of 0 bytes used by permanent object pool.
[2017.01.13-03.27.17:601][  0]LogUObjectArray: CloseDisregardForGC: 0/0 objects in disregard for GC pool
[2017.01.13-03.27.17:660][  0]LogInit: WinSock: version 1.1 (2.2), MaxSocks=32767, MaxUdp=65467
[2017.01.13-03.27.18:418][  0]LogSlate: Using Freetype 2.6.0
[2017.01.13-03.27.18:419][  0]LogSlate: SlateFontCache - WITH_FREETYPE: 1, WITH_HARFBUZZ: 1
[2017.01.13-03.27.18:419][  0]LogSlate: SlateFontCache - WITH_FREETYPE: 1, WITH_HARFBUZZ: 1
[2017.01.13-03.27.19:219][  0]LogTcpMessaging: Initializing TcpMessaging bridge
[2017.01.13-03.27.19:253][  0]LogUdpMessaging: Initializing bridge on interface 0.0.0.0:0 to multicast group 230.0.0.1:6666.
[2017.01.13-03.27.19:908][  0]LogMaterial: Uniform references updated for custom material expression Custom.
[2017.01.13-03.27.20:280][  0]SourceControl: 信息 源码控制已禁用
[2017.01.13-03.27.20:331][  0]SourceControl: 信息 源码控制已禁用
[2017.01.13-03.27.20:376][  0]SourceControl: 信息 源码控制已禁用
[2017.01.13-03.27.20:417][  0]SourceControl: 信息 源码控制已禁用
[2017.01.13-03.27.21:662][  0]LogEngine: Initializing Engine...
[2017.01.13-03.27.21:663][  0]LogHMD: Failed to initialize OpenVR with code 110
[2017.01.13-03.27.21:937][  0]LogAIModule: Creating AISystem for world Untitled
[2017.01.13-03.27.21:955][  0]LogInit: XAudio2 using '喇叭/耳机 (Realtek High Definition Audio)' : 2 channels at 48 kHz using 32 bits per sample (channel mask 0x3)
[2017.01.13-03.27.22:011][  0]LogInit: FAudioDevice initialized.
[2017.01.13-03.27.22:054][  0]LogDerivedDataCache: Saved boot cache 0.04s 51MB C:/Users/Administrator/AppData/Local/UnrealEngine/4.14/DerivedDataCache/Boot.ddc.
[2017.01.13-03.27.22:068][  0]LogInit: Texture streaming: Enabled
[2017.01.13-03.27.22:257][  0]LogInit: Transaction tracking system initialized
[2017.01.13-03.27.22:591][  0]BlueprintLog: New page: 编辑器加载
[2017.01.13-03.27.23:514][  0]LocalizationService: 信息 本地化服务已被禁用
[2017.01.13-03.27.24:157][  0]LogConsoleResponse:Display: 
[2017.01.13-03.27.24:343][  0]LogCook:Display: Max memory allowance for cook 16384mb min free memory 0mb
[2017.01.13-03.27.24:343][  0]LogCook:Display: Mobile HDR setting 1
[2017.01.13-03.27.25:248][  0]LogFileCache: Scanning file cache for directory 'D:/zuoye1/ALILUYA1/aliluyaOVO/Content/' took 0.02s
[2017.01.13-03.27.25:293][  0]SourceControl: 信息 源码控制已禁用
[2017.01.13-03.27.25:293][  0]Cmd: MAP LOAD FILE="D:/zuoye1/ALILUYA1/aliluyaOVO/Content/FirstPersonCPP/Maps/FirstPersonExampleMap.umap" TEMPLATE=0 SHOWPROGRESS=1 FEATURELEVEL=3
[2017.01.13-03.27.25:294][  0]LightingResults: New page: 光照构建
[2017.01.13-03.27.25:334][  0]MapCheck: New page: 地图检测
[2017.01.13-03.27.25:334][  0]LightingResults: New page: 光照构建
[2017.01.13-03.27.25:817][  0]LogAIModule: Creating AISystem for world FirstPersonExampleMap
[2017.01.13-03.27.25:830][  0]LogEditorServer: Finished looking for orphan Actors (0.000 secs)
[2017.01.13-03.27.25:835][  0]Cmd: MAP CHECKDEP NOCLEARLOG
[2017.01.13-03.27.25:884][  0]MapCheck: 信息 地图检测完成：0个错误，0 个警告，用时48.668毫秒完成。
[2017.01.13-03.27.25:884][  0]LogFileHelpers: Loading map 'FirstPersonExampleMap' took 0.591
[2017.01.13-03.27.26:058][  0]LogCollectionManager: Loaded 0 collections in 0.001746 seconds
[2017.01.13-03.27.26:139][  0]LogFileCache: Scanning file cache for directory 'D:/zuoye1/ALILUYA1/aliluyaOVO/Saved/Collections/' took 0.01s
[2017.01.13-03.27.26:139][  0]LogFileCache: Scanning file cache for directory 'D:/zuoye1/ALILUYA1/aliluyaOVO/Content/Developers/Administrator/Collections/' took 0.01s
[2017.01.13-03.27.26:139][  0]LogFileCache: Scanning file cache for directory 'D:/zuoye1/ALILUYA1/aliluyaOVO/Content/Collections/' took 0.01s
[2017.01.13-03.27.26:139][  0]LogCollectionManager: Rebuilt the GUID cache for 0 collections in 0.000002 seconds
[2017.01.13-03.27.26:151][  0]LogContentBrowser: Native class hierarchy populated in 0.0117 seconds. Added 2196 classes and 431 folders.
[2017.01.13-03.27.26:196][  0]LogStats: UGameplayTagsManager::ConstructGameplayTagTree: Construct from data asset -  0.000 s
[2017.01.13-03.27.26:196][  0]LogStats: UGameplayTagsManager::ConstructGameplayTagTree: GameplayTagTreeChangedEvent.Broadcast -  0.000 s
[2017.01.13-03.27.26:198][  0]LogContentBrowser: Native class hierarchy updated for 'GameplayTags' in 0.0026 seconds. Added 13 classes and 0 folders.
[2017.01.13-03.27.26:259][  0]LogContentBrowser: Native class hierarchy updated for 'WidgetCarousel' in 0.0021 seconds. Added 0 classes and 0 folders.
[2017.01.13-03.27.26:295][  0]LogContentBrowser: Native class hierarchy updated for 'AddContentDialog' in 0.0012 seconds. Added 0 classes and 0 folders.
[2017.01.13-03.27.26:339][  0]LogContentBrowser: Native class hierarchy updated for 'SceneOutliner' in 0.0014 seconds. Added 1 classes and 2 folders.
[2017.01.13-03.27.26:378][  0]LogCrashTracker: Crashtracker disabled due to settings.
[2017.01.13-03.27.26:395][  0]LogUObjectGlobals:Warning: 寻找对象'Class 无.'失败
[2017.01.13-03.27.26:457][  0]LogContentBrowser: Native class hierarchy updated for 'HierarchicalLODOutliner' in 0.0014 seconds. Added 1 classes and 2 folders.
[2017.01.13-03.27.26:458][  0]LogLoad: (Engine Initialization) Total time: 17.33 seconds
[2017.01.13-03.27.26:458][  0]LogLoad: (Engine Initialization) Total Blueprint compile time: 0.16 seconds
[2017.01.13-03.27.26:458][  0]LogExternalProfiler: Found external profiler: VSPerf
[2017.01.13-03.27.26:458][  0]LogExternalProfiler: Using external profiler: VSPerf
[2017.01.13-03.27.26:479][  0]LogOcInput: OculusInput pre-init called
[2017.01.13-03.27.26:497][  0]LogContentStreaming: Texture pool size now 800 MB
[2017.01.13-03.27.26:649][  0]LogRenderer: Reallocating scene render targets to support 756x368 NumSamples 1 (Frame:2).
[2017.01.13-03.27.26:730][  1]LogAssetRegistry: Asset discovery search completed in 9.2506 seconds
[2017.01.13-03.27.26:730][  1]LogCollectionManager: Rebuilt the object cache for 0 collections in 0.000001 seconds (found 0 objects)
[2017.01.13-03.27.26:730][  1]LogCollectionManager: Fixed up redirectors for 0 collections in 0.000015 seconds (updated 0 objects)
[2017.01.13-03.28.04:280][460]LogTemp: Repeting last play command: 选中的视口
[2017.01.13-03.28.04:289][460]LogBlueprintUserMessages: Early PlayInEditor Detection: Level '/Game/FirstPersonCPP/Maps/FirstPersonExampleMap.FirstPersonExampleMap:PersistentLevel' has LevelScriptBlueprint '/Game/FirstPersonCPP/Maps/FirstPersonExampleMap.FirstPersonExampleMap:PersistentLevel.FirstPersonExampleMap' with GeneratedClass '/Game/FirstPersonCPP/Maps/FirstPersonExampleMap.FirstPersonExampleMap_C' with ClassGeneratedBy '/Game/FirstPersonCPP/Maps/FirstPersonExampleMap.FirstPersonExampleMap:PersistentLevel.FirstPersonExampleMap'
[2017.01.13-03.28.04:289][460]LogPlayLevel: PlayLevel: No blueprints needed recompiling
[2017.01.13-03.28.04:289][460]PIE: New page: PIE会话: FirstPersonExampleMap (2017年1月13日 下午7:28:04)
[2017.01.13-03.28.04:289][460]LogPlayLevel: Creating play world package: /Game/FirstPersonCPP/Maps/UEDPIE_0_FirstPersonExampleMap
[2017.01.13-03.28.04:300][460]LogPlayLevel: PIE: StaticDuplicateObject took: (0.010988s)
[2017.01.13-03.28.04:301][460]LogAIModule: Creating AISystem for world FirstPersonExampleMap
[2017.01.13-03.28.04:302][460]LogPlayLevel: PIE: World Init took: (0.001244s)
[2017.01.13-03.28.04:302][460]LogPlayLevel: PIE: Created PIE world by copying editor world from /Game/FirstPersonCPP/Maps/FirstPersonExampleMap.FirstPersonExampleMap to /Game/FirstPersonCPP/Maps/UEDPIE_0_FirstPersonExampleMap.FirstPersonExampleMap (0.012651s)
[2017.01.13-03.28.04:329][460]LogInit: XAudio2 using '喇叭/耳机 (Realtek High Definition Audio)' : 2 channels at 48 kHz using 32 bits per sample (channel mask 0x3)
[2017.01.13-03.28.04:341][460]LogInit: FAudioDevice initialized.
[2017.01.13-03.28.04:382][460]LogLoad: Game class is 'aliluyaOVOGameMode'
[2017.01.13-03.28.04:384][460]LogWorld: Bringing World /Game/FirstPersonCPP/Maps/UEDPIE_0_FirstPersonExampleMap.FirstPersonExampleMap up for play (max tick rate 60) at 2017.01.13-11.28.04
[2017.01.13-03.28.04:385][460]LogWorld: Bringing up level for play took: 0.002753
[2017.01.13-03.28.04:421][460]LogContentBrowser: Native class hierarchy updated for 'MovieSceneCapture' in 0.0013 seconds. Added 11 classes and 0 folders.
[2017.01.13-03.28.04:423][460]PIE: 信息 /Game/FirstPersonCPP/Maps/UEDPIE_0_FirstPersonExampleMap的‘在编辑器中播放’的起始时间-0.184
[2017.01.13-03.28.04:423][460]LogBlueprintUserMessages: Late PlayInEditor Detection: Level '/Game/FirstPersonCPP/Maps/FirstPersonExampleMap.FirstPersonExampleMap:PersistentLevel' has LevelScriptBlueprint '/Game/FirstPersonCPP/Maps/FirstPersonExampleMap.FirstPersonExampleMap:PersistentLevel.FirstPersonExampleMap' with GeneratedClass '/Game/FirstPersonCPP/Maps/FirstPersonExampleMap.FirstPersonExampleMap_C' with ClassGeneratedBy '/Game/FirstPersonCPP/Maps/FirstPersonExampleMap.FirstPersonExampleMap:PersistentLevel.FirstPersonExampleMap'
[2017.01.13-03.28.07:890][626]LogBlueprintUserMessages: Early EndPlayMap Detection: Level '/Game/FirstPersonCPP/Maps/FirstPersonExampleMap.FirstPersonExampleMap:PersistentLevel' has LevelScriptBlueprint '/Game/FirstPersonCPP/Maps/FirstPersonExampleMap.FirstPersonExampleMap:PersistentLevel.FirstPersonExampleMap' with GeneratedClass '/Game/FirstPersonCPP/Maps/FirstPersonExampleMap.FirstPersonExampleMap_C' with ClassGeneratedBy '/Game/FirstPersonCPP/Maps/FirstPersonExampleMap.FirstPersonExampleMap:PersistentLevel.FirstPersonExampleMap'
[2017.01.13-03.28.07:943][626]LogBlueprintUserMessages: Late EndPlayMap Detection: Level '/Game/FirstPersonCPP/Maps/FirstPersonExampleMap.FirstPersonExampleMap:PersistentLevel' has LevelScriptBlueprint '/Game/FirstPersonCPP/Maps/FirstPersonExampleMap.FirstPersonExampleMap:PersistentLevel.FirstPersonExampleMap' with GeneratedClass '/Game/FirstPersonCPP/Maps/FirstPersonExampleMap.FirstPersonExampleMap_C' with ClassGeneratedBy '/Game/FirstPersonCPP/Maps/FirstPersonExampleMap.FirstPersonExampleMap:PersistentLevel.FirstPersonExampleMap'
[2017.01.13-03.28.24:469][557]LogEditorViewport: Clicking on Actor (LMB): PainCausingVolume (PainCausingVolume)
[2017.01.13-03.29.19:677][578]LogTemp: Repeting last play command: 选中的视口
[2017.01.13-03.29.19:690][578]LogBlueprintUserMessages: Early PlayInEditor Detection: Level '/Game/FirstPersonCPP/Maps/FirstPersonExampleMap.FirstPersonExampleMap:PersistentLevel' has LevelScriptBlueprint '/Game/FirstPersonCPP/Maps/FirstPersonExampleMap.FirstPersonExampleMap:PersistentLevel.FirstPersonExampleMap' with GeneratedClass '/Game/FirstPersonCPP/Maps/FirstPersonExampleMap.FirstPersonExampleMap_C' with ClassGeneratedBy '/Game/FirstPersonCPP/Maps/FirstPersonExampleMap.FirstPersonExampleMap:PersistentLevel.FirstPersonExampleMap'
[2017.01.13-03.29.19:690][578]LogPlayLevel: PlayLevel: No blueprints needed recompiling
[2017.01.13-03.29.19:690][578]PIE: New page: PIE会话: FirstPersonExampleMap (2017年1月13日 下午7:29:19)
[2017.01.13-03.29.19:690][578]LogPlayLevel: Creating play world package: /Game/FirstPersonCPP/Maps/UEDPIE_0_FirstPersonExampleMap
[2017.01.13-03.29.19:700][578]LogPlayLevel: PIE: StaticDuplicateObject took: (0.009868s)
[2017.01.13-03.29.19:701][578]LogAIModule: Creating AISystem for world FirstPersonExampleMap
[2017.01.13-03.29.19:701][578]LogPlayLevel: PIE: World Init took: (0.000960s)
[2017.01.13-03.29.19:702][578]LogPlayLevel: PIE: Created PIE world by copying editor world from /Game/FirstPersonCPP/Maps/FirstPersonExampleMap.FirstPersonExampleMap to /Game/FirstPersonCPP/Maps/UEDPIE_0_FirstPersonExampleMap.FirstPersonExampleMap (0.011195s)
[2017.01.13-03.29.19:730][578]LogInit: XAudio2 using '喇叭/耳机 (Realtek High Definition Audio)' : 2 channels at 48 kHz using 32 bits per sample (channel mask 0x3)
[2017.01.13-03.29.19:740][578]LogInit: FAudioDevice initialized.
[2017.01.13-03.29.19:770][578]LogLoad: Game class is 'aliluyaOVOGameMode'
[2017.01.13-03.29.19:773][578]LogWorld: Bringing World /Game/FirstPersonCPP/Maps/UEDPIE_0_FirstPersonExampleMap.FirstPersonExampleMap up for play (max tick rate 60) at 2017.01.13-11.29.19
[2017.01.13-03.29.19:774][578]LogWorld: Bringing up level for play took: 0.002875
[2017.01.13-03.29.19:778][578]PIE: 信息 /Game/FirstPersonCPP/Maps/UEDPIE_0_FirstPersonExampleMap的‘在编辑器中播放’的起始时间-0.831
[2017.01.13-03.29.19:779][578]LogBlueprintUserMessages: Late PlayInEditor Detection: Level '/Game/FirstPersonCPP/Maps/FirstPersonExampleMap.FirstPersonExampleMap:PersistentLevel' has LevelScriptBlueprint '/Game/FirstPersonCPP/Maps/FirstPersonExampleMap.FirstPersonExampleMap:PersistentLevel.FirstPersonExampleMap' with GeneratedClass '/Game/FirstPersonCPP/Maps/FirstPersonExampleMap.FirstPersonExampleMap_C' with ClassGeneratedBy '/Game/FirstPersonCPP/Maps/FirstPersonExampleMap.FirstPersonExampleMap:PersistentLevel.FirstPersonExampleMap'
[2017.01.13-03.29.24:260][823]LogBlueprintUserMessages: Early EndPlayMap Detection: Level '/Game/FirstPersonCPP/Maps/FirstPersonExampleMap.FirstPersonExampleMap:PersistentLevel' has LevelScriptBlueprint '/Game/FirstPersonCPP/Maps/FirstPersonExampleMap.FirstPersonExampleMap:PersistentLevel.FirstPersonExampleMap' with GeneratedClass '/Game/FirstPersonCPP/Maps/FirstPersonExampleMap.FirstPersonExampleMap_C' with ClassGeneratedBy '/Game/FirstPersonCPP/Maps/FirstPersonExampleMap.FirstPersonExampleMap:PersistentLevel.FirstPersonExampleMap'
[2017.01.13-03.29.24:302][823]LogBlueprintUserMessages: Late EndPlayMap Detection: Level '/Game/FirstPersonCPP/Maps/FirstPersonExampleMap.FirstPersonExampleMap:PersistentLevel' has LevelScriptBlueprint '/Game/FirstPersonCPP/Maps/FirstPersonExampleMap.FirstPersonExampleMap:PersistentLevel.FirstPersonExampleMap' with GeneratedClass '/Game/FirstPersonCPP/Maps/FirstPersonExampleMap.FirstPersonExampleMap_C' with ClassGeneratedBy '/Game/FirstPersonCPP/Maps/FirstPersonExampleMap.FirstPersonExampleMap:PersistentLevel.FirstPersonExampleMap'
[2017.01.13-03.29.30:752][177]LogEditorViewport: Clicking on Actor (LMB): PainCausingVolume (PainCausingVolume)
[2017.01.13-03.30.06:251][116]LogEditorViewport: Clicking on Actor (LMB): StaticMeshActor (Cube)
[2017.01.13-03.30.07:039][151]LogEditorViewport: Clicking on Actor (LMB): PainCausingVolume (PainCausingVolume)
[2017.01.13-03.30.26:202][181]LogTemp: Repeting last play command: 选中的视口
[2017.01.13-03.30.26:217][181]LogBlueprintUserMessages: Early PlayInEditor Detection: Level '/Game/FirstPersonCPP/Maps/FirstPersonExampleMap.FirstPersonExampleMap:PersistentLevel' has LevelScriptBlueprint '/Game/FirstPersonCPP/Maps/FirstPersonExampleMap.FirstPersonExampleMap:PersistentLevel.FirstPersonExampleMap' with GeneratedClass '/Game/FirstPersonCPP/Maps/FirstPersonExampleMap.FirstPersonExampleMap_C' with ClassGeneratedBy '/Game/FirstPersonCPP/Maps/FirstPersonExampleMap.FirstPersonExampleMap:PersistentLevel.FirstPersonExampleMap'
[2017.01.13-03.30.26:217][181]LogPlayLevel: PlayLevel: No blueprints needed recompiling
[2017.01.13-03.30.26:217][181]PIE: New page: PIE会话: FirstPersonExampleMap (2017年1月13日 下午7:30:26)
[2017.01.13-03.30.26:217][181]LogPlayLevel: Creating play world package: /Game/FirstPersonCPP/Maps/UEDPIE_0_FirstPersonExampleMap
[2017.01.13-03.30.26:226][181]LogPlayLevel: PIE: StaticDuplicateObject took: (0.008174s)
[2017.01.13-03.30.26:226][181]LogAIModule: Creating AISystem for world FirstPersonExampleMap
[2017.01.13-03.30.26:228][181]LogPlayLevel: PIE: World Init took: (0.001907s)
[2017.01.13-03.30.26:228][181]LogPlayLevel: PIE: Created PIE world by copying editor world from /Game/FirstPersonCPP/Maps/FirstPersonExampleMap.FirstPersonExampleMap to /Game/FirstPersonCPP/Maps/UEDPIE_0_FirstPersonExampleMap.FirstPersonExampleMap (0.010828s)
[2017.01.13-03.30.26:253][181]LogInit: XAudio2 using '喇叭/耳机 (Realtek High Definition Audio)' : 2 channels at 48 kHz using 32 bits per sample (channel mask 0x3)
[2017.01.13-03.30.26:265][181]LogInit: FAudioDevice initialized.
[2017.01.13-03.30.26:295][181]LogLoad: Game class is 'aliluyaOVOGameMode'
[2017.01.13-03.30.26:300][181]LogWorld: Bringing World /Game/FirstPersonCPP/Maps/UEDPIE_0_FirstPersonExampleMap.FirstPersonExampleMap up for play (max tick rate 60) at 2017.01.13-11.30.26
[2017.01.13-03.30.26:301][181]LogWorld: Bringing up level for play took: 0.005321
[2017.01.13-03.30.26:304][181]PIE: 信息 /Game/FirstPersonCPP/Maps/UEDPIE_0_FirstPersonExampleMap的‘在编辑器中播放’的起始时间-0.306
[2017.01.13-03.30.26:305][181]LogBlueprintUserMessages: Late PlayInEditor Detection: Level '/Game/FirstPersonCPP/Maps/FirstPersonExampleMap.FirstPersonExampleMap:PersistentLevel' has LevelScriptBlueprint '/Game/FirstPersonCPP/Maps/FirstPersonExampleMap.FirstPersonExampleMap:PersistentLevel.FirstPersonExampleMap' with GeneratedClass '/Game/FirstPersonCPP/Maps/FirstPersonExampleMap.FirstPersonExampleMap_C' with ClassGeneratedBy '/Game/FirstPersonCPP/Maps/FirstPersonExampleMap.FirstPersonExampleMap:PersistentLevel.FirstPersonExampleMap'
[2017.01.13-03.30.40:770][989]LogBlueprintUserMessages: Early EndPlayMap Detection: Level '/Game/FirstPersonCPP/Maps/FirstPersonExampleMap.FirstPersonExampleMap:PersistentLevel' has LevelScriptBlueprint '/Game/FirstPersonCPP/Maps/FirstPersonExampleMap.FirstPersonExampleMap:PersistentLevel.FirstPersonExampleMap' with GeneratedClass '/Game/FirstPersonCPP/Maps/FirstPersonExampleMap.FirstPersonExampleMap_C' with ClassGeneratedBy '/Game/FirstPersonCPP/Maps/FirstPersonExampleMap.FirstPersonExampleMap:PersistentLevel.FirstPersonExampleMap'
[2017.01.13-03.30.40:835][989]LogBlueprintUserMessages: Late EndPlayMap Detection: Level '/Game/FirstPersonCPP/Maps/FirstPersonExampleMap.FirstPersonExampleMap:PersistentLevel' has LevelScriptBlueprint '/Game/FirstPersonCPP/Maps/FirstPersonExampleMap.FirstPersonExampleMap:PersistentLevel.FirstPersonExampleMap' with GeneratedClass '/Game/FirstPersonCPP/Maps/FirstPersonExampleMap.FirstPersonExampleMap_C' with ClassGeneratedBy '/Game/FirstPersonCPP/Maps/FirstPersonExampleMap.FirstPersonExampleMap:PersistentLevel.FirstPersonExampleMap'
[2017.01.13-03.30.42:399][ 73]LogEditorViewport: Clicking on Actor (LMB): PainCausingVolume (PainCausingVolume)
[2017.01.13-03.30.47:665][341]LogTemp: Repeting last play command: 选中的视口
[2017.01.13-03.30.47:681][341]LogBlueprintUserMessages: Early PlayInEditor Detection: Level '/Game/FirstPersonCPP/Maps/FirstPersonExampleMap.FirstPersonExampleMap:PersistentLevel' has LevelScriptBlueprint '/Game/FirstPersonCPP/Maps/FirstPersonExampleMap.FirstPersonExampleMap:PersistentLevel.FirstPersonExampleMap' with GeneratedClass '/Game/FirstPersonCPP/Maps/FirstPersonExampleMap.FirstPersonExampleMap_C' with ClassGeneratedBy '/Game/FirstPersonCPP/Maps/FirstPersonExampleMap.FirstPersonExampleMap:PersistentLevel.FirstPersonExampleMap'
[2017.01.13-03.30.47:681][341]LogPlayLevel: PlayLevel: No blueprints needed recompiling
[2017.01.13-03.30.47:681][341]PIE: New page: PIE会话: FirstPersonExampleMap (2017年1月13日 下午7:30:47)
[2017.01.13-03.30.47:682][341]LogPlayLevel: Creating play world package: /Game/FirstPersonCPP/Maps/UEDPIE_0_FirstPersonExampleMap
[2017.01.13-03.30.47:691][341]LogPlayLevel: PIE: StaticDuplicateObject took: (0.009114s)
[2017.01.13-03.30.47:691][341]LogAIModule: Creating AISystem for world FirstPersonExampleMap
[2017.01.13-03.30.47:692][341]LogPlayLevel: PIE: World Init took: (0.000874s)
[2017.01.13-03.30.47:692][341]LogPlayLevel: PIE: Created PIE world by copying editor world from /Game/FirstPersonCPP/Maps/FirstPersonExampleMap.FirstPersonExampleMap to /Game/FirstPersonCPP/Maps/UEDPIE_0_FirstPersonExampleMap.FirstPersonExampleMap (0.010276s)
[2017.01.13-03.30.47:717][341]LogInit: XAudio2 using '喇叭/耳机 (Realtek High Definition Audio)' : 2 channels at 48 kHz using 32 bits per sample (channel mask 0x3)
[2017.01.13-03.30.47:728][341]LogInit: FAudioDevice initialized.
[2017.01.13-03.30.47:755][341]LogLoad: Game class is 'aliluyaOVOGameMode'
[2017.01.13-03.30.47:758][341]LogWorld: Bringing World /Game/FirstPersonCPP/Maps/UEDPIE_0_FirstPersonExampleMap.FirstPersonExampleMap up for play (max tick rate 60) at 2017.01.13-11.30.47
[2017.01.13-03.30.47:759][341]LogWorld: Bringing up level for play took: 0.003602
[2017.01.13-03.30.47:760][341]PIE: 信息 /Game/FirstPersonCPP/Maps/UEDPIE_0_FirstPersonExampleMap的‘在编辑器中播放’的起始时间-0.85
[2017.01.13-03.30.47:761][341]LogBlueprintUserMessages: Late PlayInEditor Detection: Level '/Game/FirstPersonCPP/Maps/FirstPersonExampleMap.FirstPersonExampleMap:PersistentLevel' has LevelScriptBlueprint '/Game/FirstPersonCPP/Maps/FirstPersonExampleMap.FirstPersonExampleMap:PersistentLevel.FirstPersonExampleMap' with GeneratedClass '/Game/FirstPersonCPP/Maps/FirstPersonExampleMap.FirstPersonExampleMap_C' with ClassGeneratedBy '/Game/FirstPersonCPP/Maps/FirstPersonExampleMap.FirstPersonExampleMap:PersistentLevel.FirstPersonExampleMap'
[2017.01.13-03.31.11:301][644]LogBlueprintUserMessages: Early EndPlayMap Detection: Level '/Game/FirstPersonCPP/Maps/FirstPersonExampleMap.FirstPersonExampleMap:PersistentLevel' has LevelScriptBlueprint '/Game/FirstPersonCPP/Maps/FirstPersonExampleMap.FirstPersonExampleMap:PersistentLevel.FirstPersonExampleMap' with GeneratedClass '/Game/FirstPersonCPP/Maps/FirstPersonExampleMap.FirstPersonExampleMap_C' with ClassGeneratedBy '/Game/FirstPersonCPP/Maps/FirstPersonExampleMap.FirstPersonExampleMap:PersistentLevel.FirstPersonExampleMap'
[2017.01.13-03.31.11:362][644]LogBlueprintUserMessages: Late EndPlayMap Detection: Level '/Game/FirstPersonCPP/Maps/FirstPersonExampleMap.FirstPersonExampleMap:PersistentLevel' has LevelScriptBlueprint '/Game/FirstPersonCPP/Maps/FirstPersonExampleMap.FirstPersonExampleMap:PersistentLevel.FirstPersonExampleMap' with GeneratedClass '/Game/FirstPersonCPP/Maps/FirstPersonExampleMap.FirstPersonExampleMap_C' with ClassGeneratedBy '/Game/FirstPersonCPP/Maps/FirstPersonExampleMap.FirstPersonExampleMap:PersistentLevel.FirstPersonExampleMap'
[2017.01.13-03.31.22:641][182]LogEditorViewport: Clicking on Actor (context menu): StaticMeshActor (Cube2)
[2017.01.13-03.31.23:892][237]LogEditorViewport: Clicking on Actor (LMB): StaticMeshActor (Cube2)
[2017.01.13-03.31.39:137][ 37]LogEditorViewport: Clicking on Actor (LMB): PainCausingVolume (PainCausingVolume)
[2017.01.13-03.31.59:191][119]LogTemp: Repeting last play command: 选中的视口
[2017.01.13-03.31.59:202][119]LogBlueprintUserMessages: Early PlayInEditor Detection: Level '/Game/FirstPersonCPP/Maps/FirstPersonExampleMap.FirstPersonExampleMap:PersistentLevel' has LevelScriptBlueprint '/Game/FirstPersonCPP/Maps/FirstPersonExampleMap.FirstPersonExampleMap:PersistentLevel.FirstPersonExampleMap' with GeneratedClass '/Game/FirstPersonCPP/Maps/FirstPersonExampleMap.FirstPersonExampleMap_C' with ClassGeneratedBy '/Game/FirstPersonCPP/Maps/FirstPersonExampleMap.FirstPersonExampleMap:PersistentLevel.FirstPersonExampleMap'
[2017.01.13-03.31.59:202][119]LogPlayLevel: PlayLevel: No blueprints needed recompiling
[2017.01.13-03.31.59:202][119]PIE: New page: PIE会话: FirstPersonExampleMap (2017年1月13日 下午7:31:59)
[2017.01.13-03.31.59:202][119]LogPlayLevel: Creating play world package: /Game/FirstPersonCPP/Maps/UEDPIE_0_FirstPersonExampleMap
[2017.01.13-03.31.59:211][119]LogPlayLevel: PIE: StaticDuplicateObject took: (0.009108s)
[2017.01.13-03.31.59:212][119]LogAIModule: Creating AISystem for world FirstPersonExampleMap
[2017.01.13-03.31.59:213][119]LogPlayLevel: PIE: World Init took: (0.001111s)
[2017.01.13-03.31.59:213][119]LogPlayLevel: PIE: Created PIE world by copying editor world from /Game/FirstPersonCPP/Maps/FirstPersonExampleMap.FirstPersonExampleMap to /Game/FirstPersonCPP/Maps/UEDPIE_0_FirstPersonExampleMap.FirstPersonExampleMap (0.010545s)
[2017.01.13-03.31.59:239][119]LogInit: XAudio2 using '喇叭/耳机 (Realtek High Definition Audio)' : 2 channels at 48 kHz using 32 bits per sample (channel mask 0x3)
[2017.01.13-03.31.59:249][119]LogInit: FAudioDevice initialized.
[2017.01.13-03.31.59:279][119]LogLoad: Game class is 'aliluyaOVOGameMode'
[2017.01.13-03.31.59:281][119]LogWorld: Bringing World /Game/FirstPersonCPP/Maps/UEDPIE_0_FirstPersonExampleMap.FirstPersonExampleMap up for play (max tick rate 60) at 2017.01.13-11.31.59
[2017.01.13-03.31.59:283][119]LogWorld: Bringing up level for play took: 0.003532
[2017.01.13-03.31.59:285][119]PIE: 信息 /Game/FirstPersonCPP/Maps/UEDPIE_0_FirstPersonExampleMap的‘在编辑器中播放’的起始时间0.672
[2017.01.13-03.31.59:285][119]LogBlueprintUserMessages: Late PlayInEditor Detection: Level '/Game/FirstPersonCPP/Maps/FirstPersonExampleMap.FirstPersonExampleMap:PersistentLevel' has LevelScriptBlueprint '/Game/FirstPersonCPP/Maps/FirstPersonExampleMap.FirstPersonExampleMap:PersistentLevel.FirstPersonExampleMap' with GeneratedClass '/Game/FirstPersonCPP/Maps/FirstPersonExampleMap.FirstPersonExampleMap_C' with ClassGeneratedBy '/Game/FirstPersonCPP/Maps/FirstPersonExampleMap.FirstPersonExampleMap:PersistentLevel.FirstPersonExampleMap'
[2017.01.13-03.32.05:002][436]LogBlueprintUserMessages: Early EndPlayMap Detection: Level '/Game/FirstPersonCPP/Maps/FirstPersonExampleMap.FirstPersonExampleMap:PersistentLevel' has LevelScriptBlueprint '/Game/FirstPersonCPP/Maps/FirstPersonExampleMap.FirstPersonExampleMap:PersistentLevel.FirstPersonExampleMap' with GeneratedClass '/Game/FirstPersonCPP/Maps/FirstPersonExampleMap.FirstPersonExampleMap_C' with ClassGeneratedBy '/Game/FirstPersonCPP/Maps/FirstPersonExampleMap.FirstPersonExampleMap:PersistentLevel.FirstPersonExampleMap'
[2017.01.13-03.32.05:060][436]LogBlueprintUserMessages: Late EndPlayMap Detection: Level '/Game/FirstPersonCPP/Maps/FirstPersonExampleMap.FirstPersonExampleMap:PersistentLevel' has LevelScriptBlueprint '/Game/FirstPersonCPP/Maps/FirstPersonExampleMap.FirstPersonExampleMap:PersistentLevel.FirstPersonExampleMap' with GeneratedClass '/Game/FirstPersonCPP/Maps/FirstPersonExampleMap.FirstPersonExampleMap_C' with ClassGeneratedBy '/Game/FirstPersonCPP/Maps/FirstPersonExampleMap.FirstPersonExampleMap:PersistentLevel.FirstPersonExampleMap'
[2017.01.13-03.32.09:438][677]LogEditorViewport: Clicking on Actor (LMB): StaticMeshActor (Cube)
[2017.01.13-03.32.12:520][832]LogEditorViewport: Clicking on Actor (LMB): PainCausingVolume (PainCausingVolume)
[2017.01.13-03.32.33:557][  9]LogTemp: Repeting last play command: 选中的视口
[2017.01.13-03.32.33:576][  9]LogBlueprintUserMessages: Early PlayInEditor Detection: Level '/Game/FirstPersonCPP/Maps/FirstPersonExampleMap.FirstPersonExampleMap:PersistentLevel' has LevelScriptBlueprint '/Game/FirstPersonCPP/Maps/FirstPersonExampleMap.FirstPersonExampleMap:PersistentLevel.FirstPersonExampleMap' with GeneratedClass '/Game/FirstPersonCPP/Maps/FirstPersonExampleMap.FirstPersonExampleMap_C' with ClassGeneratedBy '/Game/FirstPersonCPP/Maps/FirstPersonExampleMap.FirstPersonExampleMap:PersistentLevel.FirstPersonExampleMap'
[2017.01.13-03.32.33:577][  9]LogPlayLevel: PlayLevel: No blueprints needed recompiling
[2017.01.13-03.32.33:577][  9]PIE: New page: PIE会话: FirstPersonExampleMap (2017年1月13日 下午7:32:33)
[2017.01.13-03.32.33:577][  9]LogPlayLevel: Creating play world package: /Game/FirstPersonCPP/Maps/UEDPIE_0_FirstPersonExampleMap
[2017.01.13-03.32.33:585][  9]LogPlayLevel: PIE: StaticDuplicateObject took: (0.008427s)
[2017.01.13-03.32.33:587][  9]LogAIModule: Creating AISystem for world FirstPersonExampleMap
[2017.01.13-03.32.33:588][  9]LogPlayLevel: PIE: World Init took: (0.002387s)
[2017.01.13-03.32.33:588][  9]LogPlayLevel: PIE: Created PIE world by copying editor world from /Game/FirstPersonCPP/Maps/FirstPersonExampleMap.FirstPersonExampleMap to /Game/FirstPersonCPP/Maps/UEDPIE_0_FirstPersonExampleMap.FirstPersonExampleMap (0.011167s)
[2017.01.13-03.32.33:617][  9]LogInit: XAudio2 using '喇叭/耳机 (Realtek High Definition Audio)' : 2 channels at 48 kHz using 32 bits per sample (channel mask 0x3)
[2017.01.13-03.32.33:628][  9]LogInit: FAudioDevice initialized.
[2017.01.13-03.32.33:654][  9]LogLoad: Game class is 'aliluyaOVOGameMode'
[2017.01.13-03.32.33:658][  9]LogWorld: Bringing World /Game/FirstPersonCPP/Maps/UEDPIE_0_FirstPersonExampleMap.FirstPersonExampleMap up for play (max tick rate 60) at 2017.01.13-11.32.33
[2017.01.13-03.32.33:659][  9]LogWorld: Bringing up level for play took: 0.003780
[2017.01.13-03.32.33:661][  9]PIE: 信息 /Game/FirstPersonCPP/Maps/UEDPIE_0_FirstPersonExampleMap的‘在编辑器中播放’的起始时间1.048
[2017.01.13-03.32.33:661][  9]LogBlueprintUserMessages: Late PlayInEditor Detection: Level '/Game/FirstPersonCPP/Maps/FirstPersonExampleMap.FirstPersonExampleMap:PersistentLevel' has LevelScriptBlueprint '/Game/FirstPersonCPP/Maps/FirstPersonExampleMap.FirstPersonExampleMap:PersistentLevel.FirstPersonExampleMap' with GeneratedClass '/Game/FirstPersonCPP/Maps/FirstPersonExampleMap.FirstPersonExampleMap_C' with ClassGeneratedBy '/Game/FirstPersonCPP/Maps/FirstPersonExampleMap.FirstPersonExampleMap:PersistentLevel.FirstPersonExampleMap'
[2017.01.13-03.32.35:800][114]LogBlueprintUserMessages: Early EndPlayMap Detection: Level '/Game/FirstPersonCPP/Maps/FirstPersonExampleMap.FirstPersonExampleMap:PersistentLevel' has LevelScriptBlueprint '/Game/FirstPersonCPP/Maps/FirstPersonExampleMap.FirstPersonExampleMap:PersistentLevel.FirstPersonExampleMap' with GeneratedClass '/Game/FirstPersonCPP/Maps/FirstPersonExampleMap.FirstPersonExampleMap_C' with ClassGeneratedBy '/Game/FirstPersonCPP/Maps/FirstPersonExampleMap.FirstPersonExampleMap:PersistentLevel.FirstPersonExampleMap'
[2017.01.13-03.32.35:850][114]LogBlueprintUserMessages: Late EndPlayMap Detection: Level '/Game/FirstPersonCPP/Maps/FirstPersonExampleMap.FirstPersonExampleMap:PersistentLevel' has LevelScriptBlueprint '/Game/FirstPersonCPP/Maps/FirstPersonExampleMap.FirstPersonExampleMap:PersistentLevel.FirstPersonExampleMap' with GeneratedClass '/Game/FirstPersonCPP/Maps/FirstPersonExampleMap.FirstPersonExampleMap_C' with ClassGeneratedBy '/Game/FirstPersonCPP/Maps/FirstPersonExampleMap.FirstPersonExampleMap:PersistentLevel.FirstPersonExampleMap'
[2017.01.13-03.33.15:875][358]LogTemp: Repeting last play command: 选中的视口
[2017.01.13-03.33.15:886][358]LogBlueprintUserMessages: Early PlayInEditor Detection: Level '/Game/FirstPersonCPP/Maps/FirstPersonExampleMap.FirstPersonExampleMap:PersistentLevel' has LevelScriptBlueprint '/Game/FirstPersonCPP/Maps/FirstPersonExampleMap.FirstPersonExampleMap:PersistentLevel.FirstPersonExampleMap' with GeneratedClass '/Game/FirstPersonCPP/Maps/FirstPersonExampleMap.FirstPersonExampleMap_C' with ClassGeneratedBy '/Game/FirstPersonCPP/Maps/FirstPersonExampleMap.FirstPersonExampleMap:PersistentLevel.FirstPersonExampleMap'
[2017.01.13-03.33.15:886][358]LogPlayLevel: PlayLevel: No blueprints needed recompiling
[2017.01.13-03.33.15:886][358]PIE: New page: PIE会话: FirstPersonExampleMap (2017年1月13日 下午7:33:15)
[2017.01.13-03.33.15:886][358]LogPlayLevel: Creating play world package: /Game/FirstPersonCPP/Maps/UEDPIE_0_FirstPersonExampleMap
[2017.01.13-03.33.15:892][358]LogPlayLevel: PIE: StaticDuplicateObject took: (0.006028s)
[2017.01.13-03.33.15:893][358]LogAIModule: Creating AISystem for world FirstPersonExampleMap
[2017.01.13-03.33.15:893][358]LogPlayLevel: PIE: World Init took: (0.000854s)
[2017.01.13-03.33.15:894][358]LogPlayLevel: PIE: Created PIE world by copying editor world from /Game/FirstPersonCPP/Maps/FirstPersonExampleMap.FirstPersonExampleMap to /Game/FirstPersonCPP/Maps/UEDPIE_0_FirstPersonExampleMap.FirstPersonExampleMap (0.007361s)
[2017.01.13-03.33.15:917][358]LogInit: XAudio2 using '喇叭/耳机 (Realtek High Definition Audio)' : 2 channels at 48 kHz using 32 bits per sample (channel mask 0x3)
[2017.01.13-03.33.15:928][358]LogInit: FAudioDevice initialized.
[2017.01.13-03.33.15:955][358]LogLoad: Game class is 'aliluyaOVOGameMode'
[2017.01.13-03.33.15:958][358]LogWorld: Bringing World /Game/FirstPersonCPP/Maps/UEDPIE_0_FirstPersonExampleMap.FirstPersonExampleMap up for play (max tick rate 60) at 2017.01.13-11.33.15
[2017.01.13-03.33.15:959][358]LogWorld: Bringing up level for play took: 0.003284
[2017.01.13-03.33.15:961][358]PIE: 信息 /Game/FirstPersonCPP/Maps/UEDPIE_0_FirstPersonExampleMap的‘在编辑器中播放’的起始时间-0.652
[2017.01.13-03.33.15:961][358]LogBlueprintUserMessages: Late PlayInEditor Detection: Level '/Game/FirstPersonCPP/Maps/FirstPersonExampleMap.FirstPersonExampleMap:PersistentLevel' has LevelScriptBlueprint '/Game/FirstPersonCPP/Maps/FirstPersonExampleMap.FirstPersonExampleMap:PersistentLevel.FirstPersonExampleMap' with GeneratedClass '/Game/FirstPersonCPP/Maps/FirstPersonExampleMap.FirstPersonExampleMap_C' with ClassGeneratedBy '/Game/FirstPersonCPP/Maps/FirstPersonExampleMap.FirstPersonExampleMap:PersistentLevel.FirstPersonExampleMap'
[2017.01.13-03.33.17:913][452]LogBlueprintUserMessages: Early EndPlayMap Detection: Level '/Game/FirstPersonCPP/Maps/FirstPersonExampleMap.FirstPersonExampleMap:PersistentLevel' has LevelScriptBlueprint '/Game/FirstPersonCPP/Maps/FirstPersonExampleMap.FirstPersonExampleMap:PersistentLevel.FirstPersonExampleMap' with GeneratedClass '/Game/FirstPersonCPP/Maps/FirstPersonExampleMap.FirstPersonExampleMap_C' with ClassGeneratedBy '/Game/FirstPersonCPP/Maps/FirstPersonExampleMap.FirstPersonExampleMap:PersistentLevel.FirstPersonExampleMap'
[2017.01.13-03.33.17:961][452]LogBlueprintUserMessages: Late EndPlayMap Detection: Level '/Game/FirstPersonCPP/Maps/FirstPersonExampleMap.FirstPersonExampleMap:PersistentLevel' has LevelScriptBlueprint '/Game/FirstPersonCPP/Maps/FirstPersonExampleMap.FirstPersonExampleMap:PersistentLevel.FirstPersonExampleMap' with GeneratedClass '/Game/FirstPersonCPP/Maps/FirstPersonExampleMap.FirstPersonExampleMap_C' with ClassGeneratedBy '/Game/FirstPersonCPP/Maps/FirstPersonExampleMap.FirstPersonExampleMap:PersistentLevel.FirstPersonExampleMap'
[2017.01.13-03.33.31:886][237]LogTemp: Repeting last play command: 选中的视口
[2017.01.13-03.33.31:897][237]LogBlueprintUserMessages: Early PlayInEditor Detection: Level '/Game/FirstPersonCPP/Maps/FirstPersonExampleMap.FirstPersonExampleMap:PersistentLevel' has LevelScriptBlueprint '/Game/FirstPersonCPP/Maps/FirstPersonExampleMap.FirstPersonExampleMap:PersistentLevel.FirstPersonExampleMap' with GeneratedClass '/Game/FirstPersonCPP/Maps/FirstPersonExampleMap.FirstPersonExampleMap_C' with ClassGeneratedBy '/Game/FirstPersonCPP/Maps/FirstPersonExampleMap.FirstPersonExampleMap:PersistentLevel.FirstPersonExampleMap'
[2017.01.13-03.33.31:897][237]LogPlayLevel: PlayLevel: No blueprints needed recompiling
[2017.01.13-03.33.31:897][237]PIE: New page: PIE会话: FirstPersonExampleMap (2017年1月13日 下午7:33:31)
[2017.01.13-03.33.31:897][237]LogPlayLevel: Creating play world package: /Game/FirstPersonCPP/Maps/UEDPIE_0_FirstPersonExampleMap
[2017.01.13-03.33.31:905][237]LogPlayLevel: PIE: StaticDuplicateObject took: (0.007864s)
[2017.01.13-03.33.31:905][237]LogAIModule: Creating AISystem for world FirstPersonExampleMap
[2017.01.13-03.33.31:906][237]LogPlayLevel: PIE: World Init took: (0.000701s)
[2017.01.13-03.33.31:906][237]LogPlayLevel: PIE: Created PIE world by copying editor world from /Game/FirstPersonCPP/Maps/FirstPersonExampleMap.FirstPersonExampleMap to /Game/FirstPersonCPP/Maps/UEDPIE_0_FirstPersonExampleMap.FirstPersonExampleMap (0.008795s)
[2017.01.13-03.33.31:927][237]LogInit: XAudio2 using '喇叭/耳机 (Realtek High Definition Audio)' : 2 channels at 48 kHz using 32 bits per sample (channel mask 0x3)
[2017.01.13-03.33.31:940][237]LogInit: FAudioDevice initialized.
[2017.01.13-03.33.31:971][237]LogLoad: Game class is 'aliluyaOVOGameMode'
[2017.01.13-03.33.31:973][237]LogWorld: Bringing World /Game/FirstPersonCPP/Maps/UEDPIE_0_FirstPersonExampleMap.FirstPersonExampleMap up for play (max tick rate 60) at 2017.01.13-11.33.31
[2017.01.13-03.33.31:974][237]LogWorld: Bringing up level for play took: 0.002667
[2017.01.13-03.33.31:976][237]PIE: 信息 /Game/FirstPersonCPP/Maps/UEDPIE_0_FirstPersonExampleMap的‘在编辑器中播放’的起始时间-0.638
[2017.01.13-03.33.31:976][237]LogBlueprintUserMessages: Late PlayInEditor Detection: Level '/Game/FirstPersonCPP/Maps/FirstPersonExampleMap.FirstPersonExampleMap:PersistentLevel' has LevelScriptBlueprint '/Game/FirstPersonCPP/Maps/FirstPersonExampleMap.FirstPersonExampleMap:PersistentLevel.FirstPersonExampleMap' with GeneratedClass '/Game/FirstPersonCPP/Maps/FirstPersonExampleMap.FirstPersonExampleMap_C' with ClassGeneratedBy '/Game/FirstPersonCPP/Maps/FirstPersonExampleMap.FirstPersonExampleMap:PersistentLevel.FirstPersonExampleMap'
[2017.01.13-03.33.33:626][313]LogBlueprintUserMessages: Early EndPlayMap Detection: Level '/Game/FirstPersonCPP/Maps/FirstPersonExampleMap.FirstPersonExampleMap:PersistentLevel' has LevelScriptBlueprint '/Game/FirstPersonCPP/Maps/FirstPersonExampleMap.FirstPersonExampleMap:PersistentLevel.FirstPersonExampleMap' with GeneratedClass '/Game/FirstPersonCPP/Maps/FirstPersonExampleMap.FirstPersonExampleMap_C' with ClassGeneratedBy '/Game/FirstPersonCPP/Maps/FirstPersonExampleMap.FirstPersonExampleMap:PersistentLevel.FirstPersonExampleMap'
[2017.01.13-03.33.33:672][313]LogBlueprintUserMessages: Late EndPlayMap Detection: Level '/Game/FirstPersonCPP/Maps/FirstPersonExampleMap.FirstPersonExampleMap:PersistentLevel' has LevelScriptBlueprint '/Game/FirstPersonCPP/Maps/FirstPersonExampleMap.FirstPersonExampleMap:PersistentLevel.FirstPersonExampleMap' with GeneratedClass '/Game/FirstPersonCPP/Maps/FirstPersonExampleMap.FirstPersonExampleMap_C' with ClassGeneratedBy '/Game/FirstPersonCPP/Maps/FirstPersonExampleMap.FirstPersonExampleMap:PersistentLevel.FirstPersonExampleMap'
[2017.01.13-03.33.38:780][597]LogEditorViewport: Clicking on Actor (LMB): StaticMeshActor (Cube)
[2017.01.13-03.33.43:320][832]LogEditorViewport: Clicking on Actor (LMB): PainCausingVolume (PainCausingVolume)
[2017.01.13-03.33.57:408][617]LogEditorViewport: Clicking on Actor (LMB): StaticMeshActor (Cube)
[2017.01.13-03.33.59:044][700]LogEditorViewport: Clicking on Actor (LMB): StaticMeshActor (Cube)
[2017.01.13-03.33.59:536][724]LogEditorViewport: Clicking on Actor (LMB): PainCausingVolume (PainCausingVolume)
[2017.01.13-03.34.09:092][233]LogTemp: Repeting last play command: 选中的视口
[2017.01.13-03.34.09:100][233]LogBlueprintUserMessages: Early PlayInEditor Detection: Level '/Game/FirstPersonCPP/Maps/FirstPersonExampleMap.FirstPersonExampleMap:PersistentLevel' has LevelScriptBlueprint '/Game/FirstPersonCPP/Maps/FirstPersonExampleMap.FirstPersonExampleMap:PersistentLevel.FirstPersonExampleMap' with GeneratedClass '/Game/FirstPersonCPP/Maps/FirstPersonExampleMap.FirstPersonExampleMap_C' with ClassGeneratedBy '/Game/FirstPersonCPP/Maps/FirstPersonExampleMap.FirstPersonExampleMap:PersistentLevel.FirstPersonExampleMap'
[2017.01.13-03.34.09:100][233]LogPlayLevel: PlayLevel: No blueprints needed recompiling
[2017.01.13-03.34.09:100][233]PIE: New page: PIE会话: FirstPersonExampleMap (2017年1月13日 下午7:34:09)
[2017.01.13-03.34.09:101][233]LogPlayLevel: Creating play world package: /Game/FirstPersonCPP/Maps/UEDPIE_0_FirstPersonExampleMap
[2017.01.13-03.34.09:108][233]LogPlayLevel: PIE: StaticDuplicateObject took: (0.007479s)
[2017.01.13-03.34.09:109][233]LogAIModule: Creating AISystem for world FirstPersonExampleMap
[2017.01.13-03.34.09:109][233]LogPlayLevel: PIE: World Init took: (0.000607s)
[2017.01.13-03.34.09:109][233]LogPlayLevel: PIE: Created PIE world by copying editor world from /Game/FirstPersonCPP/Maps/FirstPersonExampleMap.FirstPersonExampleMap to /Game/FirstPersonCPP/Maps/UEDPIE_0_FirstPersonExampleMap.FirstPersonExampleMap (0.008306s)
[2017.01.13-03.34.09:130][233]LogInit: XAudio2 using '喇叭/耳机 (Realtek High Definition Audio)' : 2 channels at 48 kHz using 32 bits per sample (channel mask 0x3)
[2017.01.13-03.34.09:141][233]LogInit: FAudioDevice initialized.
[2017.01.13-03.34.09:168][233]LogLoad: Game class is 'aliluyaOVOGameMode'
[2017.01.13-03.34.09:170][233]LogWorld: Bringing World /Game/FirstPersonCPP/Maps/UEDPIE_0_FirstPersonExampleMap.FirstPersonExampleMap up for play (max tick rate 60) at 2017.01.13-11.34.09
[2017.01.13-03.34.09:171][233]LogWorld: Bringing up level for play took: 0.002548
[2017.01.13-03.34.09:173][233]PIE: 信息 /Game/FirstPersonCPP/Maps/UEDPIE_0_FirstPersonExampleMap的‘在编辑器中播放’的起始时间0.558
[2017.01.13-03.34.09:173][233]LogBlueprintUserMessages: Late PlayInEditor Detection: Level '/Game/FirstPersonCPP/Maps/FirstPersonExampleMap.FirstPersonExampleMap:PersistentLevel' has LevelScriptBlueprint '/Game/FirstPersonCPP/Maps/FirstPersonExampleMap.FirstPersonExampleMap:PersistentLevel.FirstPersonExampleMap' with GeneratedClass '/Game/FirstPersonCPP/Maps/FirstPersonExampleMap.FirstPersonExampleMap_C' with ClassGeneratedBy '/Game/FirstPersonCPP/Maps/FirstPersonExampleMap.FirstPersonExampleMap:PersistentLevel.FirstPersonExampleMap'
[2017.01.13-03.34.19:065][782]LogSpawn:Warning: SpawnActor failed because of collision at the spawn location [X=6788.592 Y=13772.172 Z=3060.000] for [FirstPersonProjectile_C]
[2017.01.13-03.34.19:580][811]LogSpawn:Warning: SpawnActor failed because of collision at the spawn location [X=6831.584 Y=13798.851 Z=3055.894] for [FirstPersonProjectile_C]
[2017.01.13-03.34.19:811][824]LogSpawn:Warning: SpawnActor failed because of collision at the spawn location [X=6851.970 Y=13746.897 Z=3084.558] for [FirstPersonProjectile_C]
[2017.01.13-03.34.20:020][836]LogSpawn:Warning: SpawnActor failed because of collision at the spawn location [X=6838.612 Y=13697.145 Z=3092.369] for [FirstPersonProjectile_C]
[2017.01.13-03.34.20:239][848]LogSpawn:Warning: SpawnActor failed because of collision at the spawn location [X=6850.000 Y=13643.623 Z=3097.527] for [FirstPersonProjectile_C]
[2017.01.13-03.34.20:464][861]LogSpawn:Warning: SpawnActor failed because of collision at the spawn location [X=6947.433 Y=13600.000 Z=3097.004] for [FirstPersonProjectile_C]
[2017.01.13-03.34.20:881][885]LogSpawn:Warning: SpawnActor failed because of collision at the spawn location [X=7090.000 Y=13658.941 Z=3107.983] for [FirstPersonProjectile_C]
[2017.01.13-03.34.21:142][900]LogSpawn:Warning: SpawnActor failed because of collision at the spawn location [X=7030.351 Y=13763.632 Z=3050.000] for [FirstPersonProjectile_C]
[2017.01.13-03.34.21:387][914]LogSpawn:Warning: SpawnActor failed because of collision at the spawn location [X=7022.784 Y=13771.354 Z=3050.000] for [FirstPersonProjectile_C]
[2017.01.13-03.34.21:619][927]LogSpawn:Warning: SpawnActor failed because of collision at the spawn location [X=7022.640 Y=13775.036 Z=3050.000] for [FirstPersonProjectile_C]
[2017.01.13-03.34.21:866][941]LogSpawn:Warning: SpawnActor failed because of collision at the spawn location [X=7024.237 Y=13768.526 Z=3050.000] for [FirstPersonProjectile_C]
[2017.01.13-03.34.24:371][ 84]LogBlueprintUserMessages: Early EndPlayMap Detection: Level '/Game/FirstPersonCPP/Maps/FirstPersonExampleMap.FirstPersonExampleMap:PersistentLevel' has LevelScriptBlueprint '/Game/FirstPersonCPP/Maps/FirstPersonExampleMap.FirstPersonExampleMap:PersistentLevel.FirstPersonExampleMap' with GeneratedClass '/Game/FirstPersonCPP/Maps/FirstPersonExampleMap.FirstPersonExampleMap_C' with ClassGeneratedBy '/Game/FirstPersonCPP/Maps/FirstPersonExampleMap.FirstPersonExampleMap:PersistentLevel.FirstPersonExampleMap'
[2017.01.13-03.34.24:428][ 84]LogBlueprintUserMessages: Late EndPlayMap Detection: Level '/Game/FirstPersonCPP/Maps/FirstPersonExampleMap.FirstPersonExampleMap:PersistentLevel' has LevelScriptBlueprint '/Game/FirstPersonCPP/Maps/FirstPersonExampleMap.FirstPersonExampleMap:PersistentLevel.FirstPersonExampleMap' with GeneratedClass '/Game/FirstPersonCPP/Maps/FirstPersonExampleMap.FirstPersonExampleMap_C' with ClassGeneratedBy '/Game/FirstPersonCPP/Maps/FirstPersonExampleMap.FirstPersonExampleMap:PersistentLevel.FirstPersonExampleMap'
[2017.01.13-03.35.07:782][385]LogEditorViewport: Clicking on Actor (LMB): StaticMeshActor (Cube)
[2017.01.13-03.35.15:369][786]LogEditorViewport: Clicking on Actor (LMB): StaticMeshActor (Cube2)
[2017.01.13-03.36.23:107][108]LogEditorViewport: Clicking on Actor (LMB): PainCausingVolume (PainCausingVolume)
[2017.01.13-03.36.30:532][550]LogEditorViewport: Clicking on Actor (LMB): PainCausingVolume (PainCausingVolume2)
[2017.01.13-03.37.08:608][456]LogActorFactory: Actor Factory created Cube
[2017.01.13-03.37.09:234][493]LogActorFactory: Actor Factory created Cube
[2017.01.13-03.37.29:704][463]LogTemp: Repeting last play command: 选中的视口
[2017.01.13-03.37.29:723][463]LogBlueprintUserMessages: Early PlayInEditor Detection: Level '/Game/FirstPersonCPP/Maps/FirstPersonExampleMap.FirstPersonExampleMap:PersistentLevel' has LevelScriptBlueprint '/Game/FirstPersonCPP/Maps/FirstPersonExampleMap.FirstPersonExampleMap:PersistentLevel.FirstPersonExampleMap' with GeneratedClass '/Game/FirstPersonCPP/Maps/FirstPersonExampleMap.FirstPersonExampleMap_C' with ClassGeneratedBy '/Game/FirstPersonCPP/Maps/FirstPersonExampleMap.FirstPersonExampleMap:PersistentLevel.FirstPersonExampleMap'
[2017.01.13-03.37.29:723][463]LogPlayLevel: PlayLevel: No blueprints needed recompiling
[2017.01.13-03.37.29:724][463]PIE: New page: PIE会话: FirstPersonExampleMap (2017年1月13日 下午7:37:29)
[2017.01.13-03.37.29:724][463]LogPlayLevel: Creating play world package: /Game/FirstPersonCPP/Maps/UEDPIE_0_FirstPersonExampleMap
[2017.01.13-03.37.29:736][463]LogPlayLevel: PIE: StaticDuplicateObject took: (0.011752s)
[2017.01.13-03.37.29:736][463]LogAIModule: Creating AISystem for world FirstPersonExampleMap
[2017.01.13-03.37.29:737][463]LogPlayLevel: PIE: World Init took: (0.001116s)
[2017.01.13-03.37.29:737][463]LogPlayLevel: PIE: Created PIE world by copying editor world from /Game/FirstPersonCPP/Maps/FirstPersonExampleMap.FirstPersonExampleMap to /Game/FirstPersonCPP/Maps/UEDPIE_0_FirstPersonExampleMap.FirstPersonExampleMap (0.013209s)
[2017.01.13-03.37.29:776][463]LogInit: XAudio2 using '喇叭/耳机 (Realtek High Definition Audio)' : 2 channels at 48 kHz using 32 bits per sample (channel mask 0x3)
[2017.01.13-03.37.29:791][463]LogInit: FAudioDevice initialized.
[2017.01.13-03.37.29:820][463]LogLoad: Game class is 'aliluyaOVOGameMode'
[2017.01.13-03.37.29:824][463]LogWorld: Bringing World /Game/FirstPersonCPP/Maps/UEDPIE_0_FirstPersonExampleMap.FirstPersonExampleMap up for play (max tick rate 60) at 2017.01.13-11.37.29
[2017.01.13-03.37.29:825][463]LogWorld: Bringing up level for play took: 0.003891
[2017.01.13-03.37.29:827][463]PIE: 信息 /Game/FirstPersonCPP/Maps/UEDPIE_0_FirstPersonExampleMap的‘在编辑器中播放’的起始时间-0.792
[2017.01.13-03.37.29:828][463]LogBlueprintUserMessages: Late PlayInEditor Detection: Level '/Game/FirstPersonCPP/Maps/FirstPersonExampleMap.FirstPersonExampleMap:PersistentLevel' has LevelScriptBlueprint '/Game/FirstPersonCPP/Maps/FirstPersonExampleMap.FirstPersonExampleMap:PersistentLevel.FirstPersonExampleMap' with GeneratedClass '/Game/FirstPersonCPP/Maps/FirstPersonExampleMap.FirstPersonExampleMap_C' with ClassGeneratedBy '/Game/FirstPersonCPP/Maps/FirstPersonExampleMap.FirstPersonExampleMap:PersistentLevel.FirstPersonExampleMap'
[2017.01.13-03.37.33:900][677]LogBlueprintUserMessages: Early EndPlayMap Detection: Level '/Game/FirstPersonCPP/Maps/FirstPersonExampleMap.FirstPersonExampleMap:PersistentLevel' has LevelScriptBlueprint '/Game/FirstPersonCPP/Maps/FirstPersonExampleMap.FirstPersonExampleMap:PersistentLevel.FirstPersonExampleMap' with GeneratedClass '/Game/FirstPersonCPP/Maps/FirstPersonExampleMap.FirstPersonExampleMap_C' with ClassGeneratedBy '/Game/FirstPersonCPP/Maps/FirstPersonExampleMap.FirstPersonExampleMap:PersistentLevel.FirstPersonExampleMap'
[2017.01.13-03.37.33:964][677]LogBlueprintUserMessages: Late EndPlayMap Detection: Level '/Game/FirstPersonCPP/Maps/FirstPersonExampleMap.FirstPersonExampleMap:PersistentLevel' has LevelScriptBlueprint '/Game/FirstPersonCPP/Maps/FirstPersonExampleMap.FirstPersonExampleMap:PersistentLevel.FirstPersonExampleMap' with GeneratedClass '/Game/FirstPersonCPP/Maps/FirstPersonExampleMap.FirstPersonExampleMap_C' with ClassGeneratedBy '/Game/FirstPersonCPP/Maps/FirstPersonExampleMap.FirstPersonExampleMap:PersistentLevel.FirstPersonExampleMap'
[2017.01.13-03.37.42:856][155]LogEditorViewport: Clicking on Actor (LMB): PainCausingVolume (PainCausingVolume2)
[2017.01.13-03.37.46:137][331]LogEditorViewport: Clicking on Actor (LMB): StaticMeshActor (Cube28)
[2017.01.13-03.37.49:243][478]LogTemp: Repeting last play command: 选中的视口
[2017.01.13-03.37.49:260][478]LogBlueprintUserMessages: Early PlayInEditor Detection: Level '/Game/FirstPersonCPP/Maps/FirstPersonExampleMap.FirstPersonExampleMap:PersistentLevel' has LevelScriptBlueprint '/Game/FirstPersonCPP/Maps/FirstPersonExampleMap.FirstPersonExampleMap:PersistentLevel.FirstPersonExampleMap' with GeneratedClass '/Game/FirstPersonCPP/Maps/FirstPersonExampleMap.FirstPersonExampleMap_C' with ClassGeneratedBy '/Game/FirstPersonCPP/Maps/FirstPersonExampleMap.FirstPersonExampleMap:PersistentLevel.FirstPersonExampleMap'
[2017.01.13-03.37.49:260][478]LogPlayLevel: PlayLevel: No blueprints needed recompiling
[2017.01.13-03.37.49:260][478]PIE: New page: PIE会话: FirstPersonExampleMap (2017年1月13日 下午7:37:49)
[2017.01.13-03.37.49:260][478]LogPlayLevel: Creating play world package: /Game/FirstPersonCPP/Maps/UEDPIE_0_FirstPersonExampleMap
[2017.01.13-03.37.49:270][478]LogPlayLevel: PIE: StaticDuplicateObject took: (0.009123s)
[2017.01.13-03.37.49:270][478]LogAIModule: Creating AISystem for world FirstPersonExampleMap
[2017.01.13-03.37.49:270][478]LogPlayLevel: PIE: World Init took: (0.000750s)
[2017.01.13-03.37.49:271][478]LogPlayLevel: PIE: Created PIE world by copying editor world from /Game/FirstPersonCPP/Maps/FirstPersonExampleMap.FirstPersonExampleMap to /Game/FirstPersonCPP/Maps/UEDPIE_0_FirstPersonExampleMap.FirstPersonExampleMap (0.010134s)
[2017.01.13-03.37.49:300][478]LogInit: XAudio2 using '喇叭/耳机 (Realtek High Definition Audio)' : 2 channels at 48 kHz using 32 bits per sample (channel mask 0x3)
[2017.01.13-03.37.49:313][478]LogInit: FAudioDevice initialized.
[2017.01.13-03.37.49:343][478]LogLoad: Game class is 'aliluyaOVOGameMode'
[2017.01.13-03.37.49:346][478]LogWorld: Bringing World /Game/FirstPersonCPP/Maps/UEDPIE_0_FirstPersonExampleMap.FirstPersonExampleMap up for play (max tick rate 60) at 2017.01.13-11.37.49
[2017.01.13-03.37.49:347][478]LogWorld: Bringing up level for play took: 0.003430
[2017.01.13-03.37.49:350][478]PIE: 信息 /Game/FirstPersonCPP/Maps/UEDPIE_0_FirstPersonExampleMap的‘在编辑器中播放’的起始时间0.73
[2017.01.13-03.37.49:350][478]LogBlueprintUserMessages: Late PlayInEditor Detection: Level '/Game/FirstPersonCPP/Maps/FirstPersonExampleMap.FirstPersonExampleMap:PersistentLevel' has LevelScriptBlueprint '/Game/FirstPersonCPP/Maps/FirstPersonExampleMap.FirstPersonExampleMap:PersistentLevel.FirstPersonExampleMap' with GeneratedClass '/Game/FirstPersonCPP/Maps/FirstPersonExampleMap.FirstPersonExampleMap_C' with ClassGeneratedBy '/Game/FirstPersonCPP/Maps/FirstPersonExampleMap.FirstPersonExampleMap:PersistentLevel.FirstPersonExampleMap'
[2017.01.13-03.37.56:508][874]LogBlueprintUserMessages: Early EndPlayMap Detection: Level '/Game/FirstPersonCPP/Maps/FirstPersonExampleMap.FirstPersonExampleMap:PersistentLevel' has LevelScriptBlueprint '/Game/FirstPersonCPP/Maps/FirstPersonExampleMap.FirstPersonExampleMap:PersistentLevel.FirstPersonExampleMap' with GeneratedClass '/Game/FirstPersonCPP/Maps/FirstPersonExampleMap.FirstPersonExampleMap_C' with ClassGeneratedBy '/Game/FirstPersonCPP/Maps/FirstPersonExampleMap.FirstPersonExampleMap:PersistentLevel.FirstPersonExampleMap'
[2017.01.13-03.37.56:570][874]LogBlueprintUserMessages: Late EndPlayMap Detection: Level '/Game/FirstPersonCPP/Maps/FirstPersonExampleMap.FirstPersonExampleMap:PersistentLevel' has LevelScriptBlueprint '/Game/FirstPersonCPP/Maps/FirstPersonExampleMap.FirstPersonExampleMap:PersistentLevel.FirstPersonExampleMap' with GeneratedClass '/Game/FirstPersonCPP/Maps/FirstPersonExampleMap.FirstPersonExampleMap_C' with ClassGeneratedBy '/Game/FirstPersonCPP/Maps/FirstPersonExampleMap.FirstPersonExampleMap:PersistentLevel.FirstPersonExampleMap'
[2017.01.13-03.38.00:225][ 66]LogEditorViewport: Clicking on Actor (LMB): StaticMeshActor (Cube28)
[2017.01.13-03.38.06:787][418]LogTemp: Repeting last play command: 选中的视口
[2017.01.13-03.38.06:798][418]LogBlueprintUserMessages: Early PlayInEditor Detection: Level '/Game/FirstPersonCPP/Maps/FirstPersonExampleMap.FirstPersonExampleMap:PersistentLevel' has LevelScriptBlueprint '/Game/FirstPersonCPP/Maps/FirstPersonExampleMap.FirstPersonExampleMap:PersistentLevel.FirstPersonExampleMap' with GeneratedClass '/Game/FirstPersonCPP/Maps/FirstPersonExampleMap.FirstPersonExampleMap_C' with ClassGeneratedBy '/Game/FirstPersonCPP/Maps/FirstPersonExampleMap.FirstPersonExampleMap:PersistentLevel.FirstPersonExampleMap'
[2017.01.13-03.38.06:798][418]LogPlayLevel: PlayLevel: No blueprints needed recompiling
[2017.01.13-03.38.06:798][418]PIE: New page: PIE会话: FirstPersonExampleMap (2017年1月13日 下午7:38:06)
[2017.01.13-03.38.06:798][418]LogPlayLevel: Creating play world package: /Game/FirstPersonCPP/Maps/UEDPIE_0_FirstPersonExampleMap
[2017.01.13-03.38.06:807][418]LogPlayLevel: PIE: StaticDuplicateObject took: (0.008803s)
[2017.01.13-03.38.06:808][418]LogAIModule: Creating AISystem for world FirstPersonExampleMap
[2017.01.13-03.38.06:808][418]LogPlayLevel: PIE: World Init took: (0.000656s)
[2017.01.13-03.38.06:808][418]LogPlayLevel: PIE: Created PIE world by copying editor world from /Game/FirstPersonCPP/Maps/FirstPersonExampleMap.FirstPersonExampleMap to /Game/FirstPersonCPP/Maps/UEDPIE_0_FirstPersonExampleMap.FirstPersonExampleMap (0.009733s)
[2017.01.13-03.38.06:836][418]LogInit: XAudio2 using '喇叭/耳机 (Realtek High Definition Audio)' : 2 channels at 48 kHz using 32 bits per sample (channel mask 0x3)
[2017.01.13-03.38.06:846][418]LogInit: FAudioDevice initialized.
[2017.01.13-03.38.06:873][418]LogLoad: Game class is 'aliluyaOVOGameMode'
[2017.01.13-03.38.06:875][418]LogWorld: Bringing World /Game/FirstPersonCPP/Maps/UEDPIE_0_FirstPersonExampleMap.FirstPersonExampleMap up for play (max tick rate 60) at 2017.01.13-11.38.06
[2017.01.13-03.38.06:876][418]LogWorld: Bringing up level for play took: 0.002594
[2017.01.13-03.38.06:878][418]PIE: 信息 /Game/FirstPersonCPP/Maps/UEDPIE_0_FirstPersonExampleMap的‘在编辑器中播放’的起始时间0.258
[2017.01.13-03.38.06:878][418]LogBlueprintUserMessages: Late PlayInEditor Detection: Level '/Game/FirstPersonCPP/Maps/FirstPersonExampleMap.FirstPersonExampleMap:PersistentLevel' has LevelScriptBlueprint '/Game/FirstPersonCPP/Maps/FirstPersonExampleMap.FirstPersonExampleMap:PersistentLevel.FirstPersonExampleMap' with GeneratedClass '/Game/FirstPersonCPP/Maps/FirstPersonExampleMap.FirstPersonExampleMap_C' with ClassGeneratedBy '/Game/FirstPersonCPP/Maps/FirstPersonExampleMap.FirstPersonExampleMap:PersistentLevel.FirstPersonExampleMap'
[2017.01.13-03.38.24:374][397]LogBlueprintUserMessages: Early EndPlayMap Detection: Level '/Game/FirstPersonCPP/Maps/FirstPersonExampleMap.FirstPersonExampleMap:PersistentLevel' has LevelScriptBlueprint '/Game/FirstPersonCPP/Maps/FirstPersonExampleMap.FirstPersonExampleMap:PersistentLevel.FirstPersonExampleMap' with GeneratedClass '/Game/FirstPersonCPP/Maps/FirstPersonExampleMap.FirstPersonExampleMap_C' with ClassGeneratedBy '/Game/FirstPersonCPP/Maps/FirstPersonExampleMap.FirstPersonExampleMap:PersistentLevel.FirstPersonExampleMap'
[2017.01.13-03.38.24:444][397]LogBlueprintUserMessages: Late EndPlayMap Detection: Level '/Game/FirstPersonCPP/Maps/FirstPersonExampleMap.FirstPersonExampleMap:PersistentLevel' has LevelScriptBlueprint '/Game/FirstPersonCPP/Maps/FirstPersonExampleMap.FirstPersonExampleMap:PersistentLevel.FirstPersonExampleMap' with GeneratedClass '/Game/FirstPersonCPP/Maps/FirstPersonExampleMap.FirstPersonExampleMap_C' with ClassGeneratedBy '/Game/FirstPersonCPP/Maps/FirstPersonExampleMap.FirstPersonExampleMap:PersistentLevel.FirstPersonExampleMap'
[2017.01.13-03.38.39:569][103]LogSavePackage: Save=95.11ms
[2017.01.13-03.38.39:569][103]LogSavePackage: Moving 'D:/zuoye1/ALILUYA1/aliluyaOVO/Saved/FirstPersonExampleMap553C29F94C58A778587D4E807D59D1FE.tmp' to 'D:/zuoye1/ALILUYA1/aliluyaOVO/Content/FirstPersonCPP/Maps/FirstPersonExampleMap.umap'
[2017.01.13-03.38.39:571][103]LogSavePackage:Display: Finished SavePackage D:/zuoye1/ALILUYA1/aliluyaOVO/Content/FirstPersonCPP/Maps/FirstPersonExampleMap.umap
[2017.01.13-03.38.39:584][103]LogFileHelpers: Saving map 'FirstPersonExampleMap' took 0.196
[2017.01.13-03.38.48:497][571]LogActorFactory: Actor Factory created Cone
[2017.01.13-03.38.49:204][609]LogActorFactory: Actor Factory created Cone
[2017.01.13-03.38.50:262][664]LogEditorViewport: Clicking on Actor (LMB): StaticMeshActor (Cube)
[2017.01.13-03.38.51:096][705]LogEditorViewport: Clicking on Actor (LMB): StaticMeshActor (Cone7)
[2017.01.13-03.40.33:081][631]LogEditorViewport: Clicking on Actor (LMB): StaticMeshActor (Cube2)
[2017.01.13-03.40.34:159][670]LogEditorViewport: Clicking on Actor (LMB): PainCausingVolume (PainCausingVolume2)
[2017.01.13-03.40.41:105][932]LogTemp: Repeting last play command: 选中的视口
[2017.01.13-03.40.41:120][932]LogBlueprintUserMessages: Early PlayInEditor Detection: Level '/Game/FirstPersonCPP/Maps/FirstPersonExampleMap.FirstPersonExampleMap:PersistentLevel' has LevelScriptBlueprint '/Game/FirstPersonCPP/Maps/FirstPersonExampleMap.FirstPersonExampleMap:PersistentLevel.FirstPersonExampleMap' with GeneratedClass '/Game/FirstPersonCPP/Maps/FirstPersonExampleMap.FirstPersonExampleMap_C' with ClassGeneratedBy '/Game/FirstPersonCPP/Maps/FirstPersonExampleMap.FirstPersonExampleMap:PersistentLevel.FirstPersonExampleMap'
[2017.01.13-03.40.41:120][932]LogPlayLevel: PlayLevel: No blueprints needed recompiling
[2017.01.13-03.40.41:120][932]PIE: New page: PIE会话: FirstPersonExampleMap (2017年1月13日 下午7:40:41)
[2017.01.13-03.40.41:120][932]LogPlayLevel: Creating play world package: /Game/FirstPersonCPP/Maps/UEDPIE_0_FirstPersonExampleMap
[2017.01.13-03.40.41:132][932]LogPlayLevel: PIE: StaticDuplicateObject took: (0.011629s)
[2017.01.13-03.40.41:133][932]LogAIModule: Creating AISystem for world FirstPersonExampleMap
[2017.01.13-03.40.41:134][932]LogPlayLevel: PIE: World Init took: (0.001501s)
[2017.01.13-03.40.41:134][932]LogPlayLevel: PIE: Created PIE world by copying editor world from /Game/FirstPersonCPP/Maps/FirstPersonExampleMap.FirstPersonExampleMap to /Game/FirstPersonCPP/Maps/UEDPIE_0_FirstPersonExampleMap.FirstPersonExampleMap (0.013518s)
[2017.01.13-03.40.41:168][932]LogInit: XAudio2 using '喇叭/耳机 (Realtek High Definition Audio)' : 2 channels at 48 kHz using 32 bits per sample (channel mask 0x3)
[2017.01.13-03.40.41:187][932]LogInit: FAudioDevice initialized.
[2017.01.13-03.40.41:219][932]LogLoad: Game class is 'aliluyaOVOGameMode'
[2017.01.13-03.40.41:223][932]LogWorld: Bringing World /Game/FirstPersonCPP/Maps/UEDPIE_0_FirstPersonExampleMap.FirstPersonExampleMap up for play (max tick rate 60) at 2017.01.13-11.40.41
[2017.01.13-03.40.41:223][932]LogWorld: Bringing up level for play took: 0.003921
[2017.01.13-03.40.41:226][932]PIE: 信息 /Game/FirstPersonCPP/Maps/UEDPIE_0_FirstPersonExampleMap的‘在编辑器中播放’的起始时间0.603
[2017.01.13-03.40.41:226][932]LogBlueprintUserMessages: Late PlayInEditor Detection: Level '/Game/FirstPersonCPP/Maps/FirstPersonExampleMap.FirstPersonExampleMap:PersistentLevel' has LevelScriptBlueprint '/Game/FirstPersonCPP/Maps/FirstPersonExampleMap.FirstPersonExampleMap:PersistentLevel.FirstPersonExampleMap' with GeneratedClass '/Game/FirstPersonCPP/Maps/FirstPersonExampleMap.FirstPersonExampleMap_C' with ClassGeneratedBy '/Game/FirstPersonCPP/Maps/FirstPersonExampleMap.FirstPersonExampleMap:PersistentLevel.FirstPersonExampleMap'
[2017.01.13-03.40.45:641][ 93]LogBlueprintUserMessages: Early EndPlayMap Detection: Level '/Game/FirstPersonCPP/Maps/FirstPersonExampleMap.FirstPersonExampleMap:PersistentLevel' has LevelScriptBlueprint '/Game/FirstPersonCPP/Maps/FirstPersonExampleMap.FirstPersonExampleMap:PersistentLevel.FirstPersonExampleMap' with GeneratedClass '/Game/FirstPersonCPP/Maps/FirstPersonExampleMap.FirstPersonExampleMap_C' with ClassGeneratedBy '/Game/FirstPersonCPP/Maps/FirstPersonExampleMap.FirstPersonExampleMap:PersistentLevel.FirstPersonExampleMap'
[2017.01.13-03.40.45:722][ 93]LogBlueprintUserMessages: Late EndPlayMap Detection: Level '/Game/FirstPersonCPP/Maps/FirstPersonExampleMap.FirstPersonExampleMap:PersistentLevel' has LevelScriptBlueprint '/Game/FirstPersonCPP/Maps/FirstPersonExampleMap.FirstPersonExampleMap:PersistentLevel.FirstPersonExampleMap' with GeneratedClass '/Game/FirstPersonCPP/Maps/FirstPersonExampleMap.FirstPersonExampleMap_C' with ClassGeneratedBy '/Game/FirstPersonCPP/Maps/FirstPersonExampleMap.FirstPersonExampleMap:PersistentLevel.FirstPersonExampleMap'
[2017.01.13-03.41.08:692][871]Cmd: DELETE
[2017.01.13-03.41.08:692][871]Cmd: ACTOR DELETE
[2017.01.13-03.41.08:693][871]LogEditorActor: Deleted Actor: StaticMeshActor
[2017.01.13-03.41.08:720][871]LogEditorActor: Deleted 1 Actors (0.028 secs)
[2017.01.13-03.41.15:499][115]LogTemp: Repeting last play command: 选中的视口
[2017.01.13-03.41.15:512][115]LogBlueprintUserMessages: Early PlayInEditor Detection: Level '/Game/FirstPersonCPP/Maps/FirstPersonExampleMap.FirstPersonExampleMap:PersistentLevel' has LevelScriptBlueprint '/Game/FirstPersonCPP/Maps/FirstPersonExampleMap.FirstPersonExampleMap:PersistentLevel.FirstPersonExampleMap' with GeneratedClass '/Game/FirstPersonCPP/Maps/FirstPersonExampleMap.FirstPersonExampleMap_C' with ClassGeneratedBy '/Game/FirstPersonCPP/Maps/FirstPersonExampleMap.FirstPersonExampleMap:PersistentLevel.FirstPersonExampleMap'
[2017.01.13-03.41.15:512][115]LogPlayLevel: PlayLevel: No blueprints needed recompiling
[2017.01.13-03.41.15:512][115]PIE: New page: PIE会话: FirstPersonExampleMap (2017年1月13日 下午7:41:15)
[2017.01.13-03.41.15:512][115]LogPlayLevel: Creating play world package: /Game/FirstPersonCPP/Maps/UEDPIE_0_FirstPersonExampleMap
[2017.01.13-03.41.15:520][115]LogPlayLevel: PIE: StaticDuplicateObject took: (0.008501s)
[2017.01.13-03.41.15:521][115]LogAIModule: Creating AISystem for world FirstPersonExampleMap
[2017.01.13-03.41.15:521][115]LogPlayLevel: PIE: World Init took: (0.000853s)
[2017.01.13-03.41.15:522][115]LogPlayLevel: PIE: Created PIE world by copying editor world from /Game/FirstPersonCPP/Maps/FirstPersonExampleMap.FirstPersonExampleMap to /Game/FirstPersonCPP/Maps/UEDPIE_0_FirstPersonExampleMap.FirstPersonExampleMap (0.009657s)
[2017.01.13-03.41.15:558][115]LogInit: XAudio2 using '喇叭/耳机 (Realtek High Definition Audio)' : 2 channels at 48 kHz using 32 bits per sample (channel mask 0x3)
[2017.01.13-03.41.15:577][115]LogInit: FAudioDevice initialized.
[2017.01.13-03.41.15:606][115]LogLoad: Game class is 'aliluyaOVOGameMode'
[2017.01.13-03.41.15:610][115]LogWorld: Bringing World /Game/FirstPersonCPP/Maps/UEDPIE_0_FirstPersonExampleMap.FirstPersonExampleMap up for play (max tick rate 60) at 2017.01.13-11.41.15
[2017.01.13-03.41.15:611][115]LogWorld: Bringing up level for play took: 0.004463
[2017.01.13-03.41.15:614][115]PIE: 信息 /Game/FirstPersonCPP/Maps/UEDPIE_0_FirstPersonExampleMap的‘在编辑器中播放’的起始时间0.99
[2017.01.13-03.41.15:614][115]LogBlueprintUserMessages: Late PlayInEditor Detection: Level '/Game/FirstPersonCPP/Maps/FirstPersonExampleMap.FirstPersonExampleMap:PersistentLevel' has LevelScriptBlueprint '/Game/FirstPersonCPP/Maps/FirstPersonExampleMap.FirstPersonExampleMap:PersistentLevel.FirstPersonExampleMap' with GeneratedClass '/Game/FirstPersonCPP/Maps/FirstPersonExampleMap.FirstPersonExampleMap_C' with ClassGeneratedBy '/Game/FirstPersonCPP/Maps/FirstPersonExampleMap.FirstPersonExampleMap:PersistentLevel.FirstPersonExampleMap'
[2017.01.13-03.41.21:765][350]LogBlueprintUserMessages: Early EndPlayMap Detection: Level '/Game/FirstPersonCPP/Maps/FirstPersonExampleMap.FirstPersonExampleMap:PersistentLevel' has LevelScriptBlueprint '/Game/FirstPersonCPP/Maps/FirstPersonExampleMap.FirstPersonExampleMap:PersistentLevel.FirstPersonExampleMap' with GeneratedClass '/Game/FirstPersonCPP/Maps/FirstPersonExampleMap.FirstPersonExampleMap_C' with ClassGeneratedBy '/Game/FirstPersonCPP/Maps/FirstPersonExampleMap.FirstPersonExampleMap:PersistentLevel.FirstPersonExampleMap'
[2017.01.13-03.41.21:819][350]LogBlueprintUserMessages: Late EndPlayMap Detection: Level '/Game/FirstPersonCPP/Maps/FirstPersonExampleMap.FirstPersonExampleMap:PersistentLevel' has LevelScriptBlueprint '/Game/FirstPersonCPP/Maps/FirstPersonExampleMap.FirstPersonExampleMap:PersistentLevel.FirstPersonExampleMap' with GeneratedClass '/Game/FirstPersonCPP/Maps/FirstPersonExampleMap.FirstPersonExampleMap_C' with ClassGeneratedBy '/Game/FirstPersonCPP/Maps/FirstPersonExampleMap.FirstPersonExampleMap:PersistentLevel.FirstPersonExampleMap'
[2017.01.13-03.41.27:891][580]LogEditorViewport: Clicking on Actor (LMB): PainCausingVolume (PainCausingVolume)
[2017.01.13-03.41.36:110][891]LogEditorViewport: Clicking on Actor (LMB): PainCausingVolume (PainCausingVolume)
[2017.01.13-03.41.36:589][909]LogEditorViewport: Clicking on Actor (LMB): PainCausingVolume (PainCausingVolume)
[2017.01.13-03.41.59:135][727]LogEditorViewport: Clicking on Actor (LMB): PainCausingVolume (PainCausingVolume2)
[2017.01.13-03.42.12:162][231]LogEditorViewport: Clicking on Actor (LMB): StaticMeshActor (Cube28)
[2017.01.13-03.42.24:776][638]LogEditorViewport: Clicking on Actor (context menu): StaticMeshActor (Cube)
[2017.01.13-03.42.27:705][639]LogD3D11RHI: Timed out while waiting for GPU to catch up. (0.5 s)
[2017.01.13-03.42.27:705][639]LogD3D11RHI:Error: SwapChain->ResizeBuffers(1,SizeX,SizeY,GetRenderTargetFormat(PixelFormat),DXGI_SWAP_CHAIN_FLAG_ALLOW_MODE_SWITCH) failed 
 at D:\Build\++UE4+Release-4.14+Compile\Sync\Engine\Source\Runtime\Windows\D3D11RHI\Private\D3D11Viewport.cpp:215 
 with error DXGI_ERROR_DEVICE_REMOVED DXGI_ERROR_DEVICE_REMOVED
[2017.01.13-03.42.27:709][639]LogWindows: Windows GetLastError: 操作成功完成。 (0)
