Log file open, 01/13/17 11:43:32
LogInit:Display: Running engine for game: aliluyaOVO
LogPlatformFile: Not using cached read wrapper
LogInit:Display: RandInit(-796075394) SRandInit(-796075394).
LogTaskGraph: Started task graph with 5 named threads and 6 total threads with 1 sets of task threads.
LogStats: Stats thread started at 0.061441
LogPluginManager: Loaded Plugin Paper2D, From C:/Program Files (x86)/Epic Games/4.14/Engine/Plugins/2D/Paper2D/Paper2D.uplugin
LogPluginManager: Loaded Plugin LightPropagationVolume, From C:/Program Files (x86)/Epic Games/4.14/Engine/Plugins/Blendables/LightPropagationVolume/LightPropagationVolume.uplugin
LogPluginManager: Loaded Plugin BlankPlugin, From C:/Program Files (x86)/Epic Games/4.14/Engine/Plugins/Developer/BlankPlugin/BlankPlugin.uplugin
LogPluginManager: Loaded Plugin CodeLiteSourceCodeAccess, From C:/Program Files (x86)/Epic Games/4.14/Engine/Plugins/Developer/CodeLiteSourceCodeAccess/CodeLiteSourceCodeAccess.uplugin
LogPluginManager: Loaded Plugin GitSourceControl, From C:/Program Files (x86)/Epic Games/4.14/Engine/Plugins/Developer/GitSourceControl/GitSourceControl.uplugin
LogPluginManager: Loaded Plugin KDevelopSourceCodeAccess, From C:/Program Files (x86)/Epic Games/4.14/Engine/Plugins/Developer/KDevelopSourceCodeAccess/KDevelopSourceCodeAccess.uplugin
LogPluginManager: Loaded Plugin NullSourceCodeAccess, From C:/Program Files (x86)/Epic Games/4.14/Engine/Plugins/Developer/NullSourceCodeAccess/NullSourceCodeAccess.uplugin
LogPluginManager: Loaded Plugin OneSkyLocalizationService, From C:/Program Files (x86)/Epic Games/4.14/Engine/Plugins/Developer/OneSkyLocalizationService/OneSkyLocalizationService.uplugin
LogPluginManager: Loaded Plugin PerforceSourceControl, From C:/Program Files (x86)/Epic Games/4.14/Engine/Plugins/Developer/PerforceSourceControl/PerforceSourceControl.uplugin
LogPluginManager: Loaded Plugin SubversionSourceControl, From C:/Program Files (x86)/Epic Games/4.14/Engine/Plugins/Developer/SubversionSourceControl/SubversionSourceControl.uplugin
LogPluginManager: Loaded Plugin UObjectPlugin, From C:/Program Files (x86)/Epic Games/4.14/Engine/Plugins/Developer/UObjectPlugin/UObjectPlugin.uplugin
LogPluginManager: Loaded Plugin VisualStudioSourceCodeAccess, From C:/Program Files (x86)/Epic Games/4.14/Engine/Plugins/Developer/VisualStudioSourceCodeAccess/VisualStudioSourceCodeAccess.uplugin
LogPluginManager: Loaded Plugin XCodeSourceCodeAccess, From C:/Program Files (x86)/Epic Games/4.14/Engine/Plugins/Developer/XCodeSourceCodeAccess/XCodeSourceCodeAccess.uplugin
LogPluginManager: Loaded Plugin AudioCapture, From C:/Program Files (x86)/Epic Games/4.14/Engine/Plugins/Editor/AudioCapture/AudioCapture.uplugin
LogPluginManager: Loaded Plugin EpicSurvey, From C:/Program Files (x86)/Epic Games/4.14/Engine/Plugins/Editor/EpicSurvey/EpicSurvey.uplugin
LogPluginManager: Loaded Plugin MacGraphicsSwitching, From C:/Program Files (x86)/Epic Games/4.14/Engine/Plugins/Editor/MacGraphicsSwitching/MacGraphicsSwitching.uplugin
LogPluginManager: Loaded Plugin MobileLauncherProfileWizard, From C:/Program Files (x86)/Epic Games/4.14/Engine/Plugins/Editor/MobileLauncherProfileWizard/MobileLauncherProfileWizard.uplugin
LogPluginManager: Loaded Plugin PluginBrowser, From C:/Program Files (x86)/Epic Games/4.14/Engine/Plugins/Editor/PluginBrowser/PluginBrowser.uplugin
LogPluginManager: Loaded Plugin SpeedTreeImporter, From C:/Program Files (x86)/Epic Games/4.14/Engine/Plugins/Editor/SpeedTreeImporter/SpeedTreeImporter.uplugin
LogPluginManager: Loaded Plugin SuperSearchEditor, From C:/Program Files (x86)/Epic Games/4.14/Engine/Plugins/Editor/SuperSearchEditor/SuperSearchEditor.uplugin
LogPluginManager: Loaded Plugin AlembicImporter, From C:/Program Files (x86)/Epic Games/4.14/Engine/Plugins/Experimental/AlembicImporter/AlembicImporter.uplugin
LogPluginManager: Loaded Plugin BlueprintStats, From C:/Program Files (x86)/Epic Games/4.14/Engine/Plugins/Experimental/BlueprintStats/BlueprintStats.uplugin
LogPluginManager: Loaded Plugin CharacterAI, From C:/Program Files (x86)/Epic Games/4.14/Engine/Plugins/Experimental/CharacterAI/CharacterAI.uplugin
LogPluginManager: Loaded Plugin CodeEditor, From C:/Program Files (x86)/Epic Games/4.14/Engine/Plugins/Experimental/CodeEditor/CodeEditor.uplugin
LogPluginManager: Loaded Plugin CodeView, From C:/Program Files (x86)/Epic Games/4.14/Engine/Plugins/Experimental/CodeView/CodeView.uplugin
LogPluginManager: Loaded Plugin HTML5Networking, From C:/Program Files (x86)/Epic Games/4.14/Engine/Plugins/Experimental/HTML5Networking/HTML5Networking.uplugin
LogPluginManager: Loaded Plugin OSVR, From C:/Program Files (x86)/Epic Games/4.14/Engine/Plugins/Experimental/OSVR/OSVR.uplugin
LogPluginManager: Loaded Plugin Phya, From C:/Program Files (x86)/Epic Games/4.14/Engine/Plugins/Experimental/Phya/Phya.uplugin
LogPluginManager: Loaded Plugin SignificanceManager, From C:/Program Files (x86)/Epic Games/4.14/Engine/Plugins/Experimental/SignificanceManager/SignificanceManager.uplugin
LogPluginManager: Loaded Plugin SimpleHMD, From C:/Program Files (x86)/Epic Games/4.14/Engine/Plugins/Experimental/SimpleHMD/SimpleHMD.uplugin
LogPluginManager: Loaded Plugin StereoPanorama, From C:/Program Files (x86)/Epic Games/4.14/Engine/Plugins/Experimental/StereoPanorama/StereoPanorama.uplugin
LogPluginManager: Loaded Plugin StructBox, From C:/Program Files (x86)/Epic Games/4.14/Engine/Plugins/Experimental/StructBox/StructBox.uplugin
LogPluginManager: Loaded Plugin AndroidMedia, From C:/Program Files (x86)/Epic Games/4.14/Engine/Plugins/Media/AndroidMedia/AndroidMedia.uplugin
LogPluginManager: Loaded Plugin AvfMedia, From C:/Program Files (x86)/Epic Games/4.14/Engine/Plugins/Media/AvfMedia/AvfMedia.uplugin
LogPluginManager: Loaded Plugin MediaPlayerEditor, From C:/Program Files (x86)/Epic Games/4.14/Engine/Plugins/Media/MediaPlayerEditor/MediaPlayerEditor.uplugin
LogPluginManager: Loaded Plugin WmfMedia, From C:/Program Files (x86)/Epic Games/4.14/Engine/Plugins/Media/WmfMedia/WmfMedia.uplugin
LogPluginManager: Loaded Plugin MessagingDebugger, From C:/Program Files (x86)/Epic Games/4.14/Engine/Plugins/Messaging/MessagingDebugger/MessagingDebugger.uplugin
LogPluginManager: Loaded Plugin TcpMessaging, From C:/Program Files (x86)/Epic Games/4.14/Engine/Plugins/Messaging/TcpMessaging/TcpMessaging.uplugin
LogPluginManager: Loaded Plugin UdpMessaging, From C:/Program Files (x86)/Epic Games/4.14/Engine/Plugins/Messaging/UdpMessaging/UdpMessaging.uplugin
LogPluginManager: Loaded Plugin LevelSequenceEditor, From C:/Program Files (x86)/Epic Games/4.14/Engine/Plugins/MovieScene/LevelSequenceEditor/LevelSequenceEditor.uplugin
LogPluginManager: Loaded Plugin MatineeToLevelSequence, From C:/Program Files (x86)/Epic Games/4.14/Engine/Plugins/MovieScene/MatineeToLevelSequence/MatineeToLevelSequence.uplugin
LogPluginManager: Loaded Plugin NetcodeUnitTest, From C:/Program Files (x86)/Epic Games/4.14/Engine/Plugins/NetcodeUnitTest/NetcodeUnitTest/NetcodeUnitTest.uplugin
LogPluginManager: Loaded Plugin NUTUnrealEngine4, From C:/Program Files (x86)/Epic Games/4.14/Engine/Plugins/NetcodeUnitTest/NUTUnrealEngine4/NUTUnrealEngine4.uplugin
LogPluginManager: Loaded Plugin OnlineSubsystemGameCircle, From C:/Program Files (x86)/Epic Games/4.14/Engine/Plugins/Online/Android/OnlineSubsystemGameCircle/OnlineSubsystemGameCircle.uplugin
LogPluginManager: Loaded Plugin OnlineSubsystemGooglePlay, From C:/Program Files (x86)/Epic Games/4.14/Engine/Plugins/Online/Android/OnlineSubsystemGooglePlay/OnlineSubsystemGooglePlay.uplugin
LogPluginManager: Loaded Plugin OnlineSubsystemIOS, From C:/Program Files (x86)/Epic Games/4.14/Engine/Plugins/Online/IOS/OnlineSubsystemIOS/OnlineSubsystemIOS.uplugin
LogPluginManager: Loaded Plugin OnlineFramework, From C:/Program Files (x86)/Epic Games/4.14/Engine/Plugins/Online/OnlineFramework/OnlineFramework.uplugin
LogPluginManager: Loaded Plugin OnlineSubsystem, From C:/Program Files (x86)/Epic Games/4.14/Engine/Plugins/Online/OnlineSubsystem/OnlineSubsystem.uplugin
LogPluginManager: Loaded Plugin OnlineSubsystemAmazon, From C:/Program Files (x86)/Epic Games/4.14/Engine/Plugins/Online/OnlineSubsystemAmazon/OnlineSubsystemAmazon.uplugin
LogPluginManager: Loaded Plugin OnlineSubsystemFacebook, From C:/Program Files (x86)/Epic Games/4.14/Engine/Plugins/Online/OnlineSubsystemFacebook/OnlineSubsystemFacebook.uplugin
LogPluginManager: Loaded Plugin OnlineSubsystemNull, From C:/Program Files (x86)/Epic Games/4.14/Engine/Plugins/Online/OnlineSubsystemNull/OnlineSubsystemNull.uplugin
LogPluginManager: Loaded Plugin OnlineSubsystemOculus, From C:/Program Files (x86)/Epic Games/4.14/Engine/Plugins/Online/OnlineSubsystemOculus/OnlineSubsystemOculus.uplugin
LogPluginManager: Loaded Plugin OnlineSubsystemSteam, From C:/Program Files (x86)/Epic Games/4.14/Engine/Plugins/Online/OnlineSubsystemSteam/OnlineSubsystemSteam.uplugin
LogPluginManager: Loaded Plugin OnlineSubsystemUtils, From C:/Program Files (x86)/Epic Games/4.14/Engine/Plugins/Online/OnlineSubsystemUtils/OnlineSubsystemUtils.uplugin
LogPluginManager: Loaded Plugin IOSTapJoy, From C:/Program Files (x86)/Epic Games/4.14/Engine/Plugins/Runtime/Advertising/IOSTapJoy/IOSTapJoy.uplugin
LogPluginManager: Loaded Plugin AnalyticsBlueprintLibrary, From C:/Program Files (x86)/Epic Games/4.14/Engine/Plugins/Runtime/Analytics/AnalyticsBlueprintLibrary/AnalyticsBlueprintLibrary.uplugin
LogPluginManager: Loaded Plugin AnalyticsMulticast, From C:/Program Files (x86)/Epic Games/4.14/Engine/Plugins/Runtime/Analytics/AnalyticsMulticast/AnalyticsMulticast.uplugin
LogPluginManager: Loaded Plugin Apsalar, From C:/Program Files (x86)/Epic Games/4.14/Engine/Plugins/Runtime/Analytics/Apsalar/Apsalar.uplugin
LogPluginManager: Loaded Plugin FileLogging, From C:/Program Files (x86)/Epic Games/4.14/Engine/Plugins/Runtime/Analytics/FileLogging/FileLogging.uplugin
LogPluginManager: Loaded Plugin Flurry, From C:/Program Files (x86)/Epic Games/4.14/Engine/Plugins/Runtime/Analytics/Flurry/Flurry.uplugin
LogPluginManager: Loaded Plugin AndroidDeviceProfileSelector, From C:/Program Files (x86)/Epic Games/4.14/Engine/Plugins/Runtime/AndroidDeviceProfileSelector/AndroidDeviceProfileSelector.uplugin
LogPluginManager: Loaded Plugin AndroidMoviePlayer, From C:/Program Files (x86)/Epic Games/4.14/Engine/Plugins/Runtime/AndroidMoviePlayer/AndroidMoviePlayer.uplugin
LogPluginManager: Loaded Plugin AppleMoviePlayer, From C:/Program Files (x86)/Epic Games/4.14/Engine/Plugins/Runtime/AppleMoviePlayer/AppleMoviePlayer.uplugin
LogPluginManager: Loaded Plugin ArchVisCharacter, From C:/Program Files (x86)/Epic Games/4.14/Engine/Plugins/Runtime/ArchVisCharacter/ArchVisCharacter.uplugin
LogPluginManager: Loaded Plugin CableComponent, From C:/Program Files (x86)/Epic Games/4.14/Engine/Plugins/Runtime/CableComponent/CableComponent.uplugin
LogPluginManager: Loaded Plugin CustomMeshComponent, From C:/Program Files (x86)/Epic Games/4.14/Engine/Plugins/Runtime/CustomMeshComponent/CustomMeshComponent.uplugin
LogPluginManager: Loaded Plugin ExampleDeviceProfileSelector, From C:/Program Files (x86)/Epic Games/4.14/Engine/Plugins/Runtime/ExampleDeviceProfileSelector/ExampleDeviceProfileSelector.uplugin
LogPluginManager: Loaded Plugin GearVR, From C:/Program Files (x86)/Epic Games/4.14/Engine/Plugins/Runtime/GearVR/GearVR.uplugin
LogPluginManager: Loaded Plugin GoogleVRController, From C:/Program Files (x86)/Epic Games/4.14/Engine/Plugins/Runtime/GoogleVR/GoogleVRController/GoogleVRController.uplugin
LogPluginManager: Loaded Plugin GoogleVRHMD, From C:/Program Files (x86)/Epic Games/4.14/Engine/Plugins/Runtime/GoogleVR/GoogleVRHMD/GoogleVRHMD.uplugin
LogPluginManager: Loaded Plugin IOSDeviceProfileSelector, From C:/Program Files (x86)/Epic Games/4.14/Engine/Plugins/Runtime/IOSDeviceProfileSelector/IOSDeviceProfileSelector.uplugin
LogPluginManager: Loaded Plugin LeapMotion, From C:/Program Files (x86)/Epic Games/4.14/Engine/Plugins/Runtime/LeapMotion/LeapMotion.uplugin
LogPluginManager: Loaded Plugin LinuxDeviceProfileSelector, From C:/Program Files (x86)/Epic Games/4.14/Engine/Plugins/Runtime/LinuxDeviceProfileSelector/LinuxDeviceProfileSelector.uplugin
LogPluginManager: Loaded Plugin MIDIDevice, From C:/Program Files (x86)/Epic Games/4.14/Engine/Plugins/Runtime/MIDIDevice/MIDIDevice.uplugin
LogPluginManager: Loaded Plugin MobilePatchingUtils, From C:/Program Files (x86)/Epic Games/4.14/Engine/Plugins/Runtime/MobilePatchingUtils/MobilePatchingUtils.uplugin
LogPluginManager: Loaded Plugin Ansel, From C:/Program Files (x86)/Epic Games/4.14/Engine/Plugins/Runtime/Nvidia/Ansel/Ansel.uplugin
LogPluginManager: Loaded Plugin OculusAudio, From C:/Program Files (x86)/Epic Games/4.14/Engine/Plugins/Runtime/OculusAudio/OculusAudio.uplugin
LogPluginManager: Loaded Plugin OculusInput, From C:/Program Files (x86)/Epic Games/4.14/Engine/Plugins/Runtime/OculusInput/OculusInput.uplugin
LogPluginManager: Loaded Plugin OculusLibrary, From C:/Program Files (x86)/Epic Games/4.14/Engine/Plugins/Runtime/OculusLibrary/OculusLibrary.uplugin
LogPluginManager: Loaded Plugin OculusRift, From C:/Program Files (x86)/Epic Games/4.14/Engine/Plugins/Runtime/OculusRift/OculusRift.uplugin
LogPluginManager: Loaded Plugin Oodle, From C:/Program Files (x86)/Epic Games/4.14/Engine/Plugins/Runtime/PacketHandlers/CompressionComponents/Oodle/Oodle.uplugin
LogPluginManager: Loaded Plugin ProceduralMeshComponent, From C:/Program Files (x86)/Epic Games/4.14/Engine/Plugins/Runtime/ProceduralMeshComponent/ProceduralMeshComponent.uplugin
LogPluginManager: Loaded Plugin SoundMod, From C:/Program Files (x86)/Epic Games/4.14/Engine/Plugins/Runtime/SoundMod/SoundMod.uplugin
LogPluginManager: Loaded Plugin SoundVisualizations, From C:/Program Files (x86)/Epic Games/4.14/Engine/Plugins/Runtime/SoundVisualizations/SoundVisualizations.uplugin
LogPluginManager: Loaded Plugin SteamController, From C:/Program Files (x86)/Epic Games/4.14/Engine/Plugins/Runtime/Steam/SteamController/SteamController.uplugin
LogPluginManager: Loaded Plugin SteamVR, From C:/Program Files (x86)/Epic Games/4.14/Engine/Plugins/Runtime/Steam/SteamVR/SteamVR.uplugin
LogPluginManager: Loaded Plugin WebBrowserWidget, From C:/Program Files (x86)/Epic Games/4.14/Engine/Plugins/Runtime/WebBrowserWidget/WebBrowserWidget.uplugin
LogPluginManager: Loaded Plugin WindowsDeviceProfileSelector, From C:/Program Files (x86)/Epic Games/4.14/Engine/Plugins/Runtime/WindowsDeviceProfileSelector/WindowsDeviceProfileSelector.uplugin
LogPluginManager: Loaded Plugin WindowsMoviePlayer, From C:/Program Files (x86)/Epic Games/4.14/Engine/Plugins/Runtime/WindowsMoviePlayer/WindowsMoviePlayer.uplugin
LogPluginManager: Loaded Plugin ScriptPlugin, From C:/Program Files (x86)/Epic Games/4.14/Engine/Plugins/ScriptPlugin/ScriptPlugin.uplugin
LogPluginManager: Loaded Plugin SlateRemote, From C:/Program Files (x86)/Epic Games/4.14/Engine/Plugins/Slate/SlateRemote/SlateRemote.uplugin
LogPluginManager: Loaded Plugin EditorTests, From C:/Program Files (x86)/Epic Games/4.14/Engine/Plugins/Tests/EditorTests/EditorTests.uplugin
LogPluginManager: Loaded Plugin FbxAutomationTestBuilder, From C:/Program Files (x86)/Epic Games/4.14/Engine/Plugins/Tests/FbxAutomationTestBuilder/FbxAutomationTestBuilder.uplugin
LogPluginManager: Loaded Plugin FunctionalTestingEditor, From C:/Program Files (x86)/Epic Games/4.14/Engine/Plugins/Tests/FunctionalTestingEditor/FunctionalTestingEditor.uplugin
LogPluginManager: Loaded Plugin RuntimeTests, From C:/Program Files (x86)/Epic Games/4.14/Engine/Plugins/Tests/RuntimeTests/RuntimeTests.uplugin
LogPluginManager: Loaded Plugin ScreenshotTools, From C:/Program Files (x86)/Epic Games/4.14/Engine/Plugins/Tests/ScreenshotTools/ScreenshotTools.uplugin
LogInit: Using libcurl 7.47.1
LogInit:  - built for x86_64-pc-win32
LogInit:  - supports SSL with OpenSSL/1.0.2g
LogInit:  - supports HTTP deflate (compression) using libz 1.2.8
LogInit:  - other features:
LogInit:      CURL_VERSION_SSL
LogInit:      CURL_VERSION_LIBZ
LogInit:      CURL_VERSION_IPV6
LogInit:      CURL_VERSION_ASYNCHDNS
LogInit:      CURL_VERSION_LARGEFILE
LogInit:      CURL_VERSION_IDN
LogInit:  CurlRequestOptions (configurable via config and command line):
LogInit:  - bVerifyPeer = false  - Libcurl will NOT verify peer certificate
LogInit:  - bUseHttpProxy = false  - Libcurl will NOT use HTTP proxy
LogInit:  - bDontReuseConnections = false  - Libcurl will reuse connections
LogInit:  - CertBundlePath = nullptr  - Libcurl will use whatever was configured at build time.
LogInit: Build: ++UE4+Release-4.14-CL-3249277
LogInit: Engine Version: 4.14.3-3249277+++UE4+Release-4.14
LogInit: Compatible Engine Version: 4.14.0-3195953+++UE4+Release-4.14
LogInit: Net CL: 3195953
LogDevObjectVersion: Number of dev versions registered: 13
LogDevObjectVersion:   Dev-Blueprints (B0D832E4-1F89-4F0D-ACCF-7EB736FD4AA2): 7
LogDevObjectVersion:   Dev-Build (E1C64328-A22C-4D53-A36C-8E866417BD8C): 0
LogDevObjectVersion:   Dev-Core (375EC13C-06E4-48FB-B500-84F0262A717E): 1
LogDevObjectVersion:   Dev-Editor (E4B068ED-F494-42E9-A231-DA0B2E46BB41): 8
LogDevObjectVersion:   Dev-Framework (CFFC743F-43B0-4480-9391-14DF171D2073): 17
LogDevObjectVersion:   Dev-Mobile (B02B49B5-BB20-44E9-A304-32B752E40360): 0
LogDevObjectVersion:   Dev-Networking (A4E4105C-59A1-49B5-A7C5-40C4547EDFEE): 0
LogDevObjectVersion:   Dev-Online (39C831C9-5AE6-47DC-9A44-9C173E1C8E7C): 0
LogDevObjectVersion:   Dev-Physics (78F01B33-EBEA-4F98-B9B4-84EACCB95AA2): 0
LogDevObjectVersion:   Dev-Platform (6631380F-2D4D-43E0-8009-CF276956A95A): 0
LogDevObjectVersion:   Dev-Rendering (12F88B9F-8875-4AFC-A67C-D90C383ABD29): 12
LogDevObjectVersion:   Dev-Sequencer (7B5AE74C-D270-4C10-A958-57980B212A5A): 1
LogDevObjectVersion:   Dev-VR (D7296918-1DD6-4BDD-9DE2-64A83CC13884): 0
LogInit: Compiled (64-bit): Jan  6 2017 10:49:43
LogInit: Compiled with Visual C++: 19.00.23026.00
LogInit: Build Configuration: Development
LogInit: Branch Name: ++UE4+Release-4.14
LogInit: Command line:  
LogInit: Base directory: C:/Program Files (x86)/Epic Games/4.14/Engine/Binaries/Win64/
LogInit: Installed Engine Build: 1
LogInit: Presizing for max 8388607 objects, including 0 objects not considered by GC, pre-allocating 0 bytes for permanent pool.
LogInit: Object subsystem initialized
[2017.01.13-03.43.33:090][  0]LogInit: Selected Device Profile: [Windows]
[2017.01.13-03.43.33:091][  0]LogInit: Applying CVar settings loaded from the selected device profile: [Windows]
[2017.01.13-03.43.33:098][  0]LogInit: Computer: X6X8-20160115BT
[2017.01.13-03.43.33:098][  0]LogInit: User: Administrator
[2017.01.13-03.43.33:098][  0]LogInit: CPU Page size=65536, Cores=2
[2017.01.13-03.43.33:098][  0]LogInit: High frequency timer resolution =2.533251 MHz
[2017.01.13-03.43.33:098][  0]LogMemory: Memory total: Physical=3.7GB (4GB approx)
[2017.01.13-03.43.33:098][  0]LogMemory: Platform Memory Stats for Windows
[2017.01.13-03.43.33:098][  0]LogMemory: Process Physical Memory: 265.42 MB used, 265.42 MB peak
[2017.01.13-03.43.33:098][  0]LogMemory: Process Virtual Memory: 264.29 MB used, 264.29 MB peak
[2017.01.13-03.43.33:098][  0]LogMemory: Physical Memory: 2246.11 MB used,  1570.80 MB free, 3816.90 MB total
[2017.01.13-03.43.33:098][  0]LogMemory: Virtual Memory: 662.28 MB used,  1570.80 MB free, 8388608.00 MB total
[2017.01.13-03.43.33:207][  0]LogTextLocalizationManager:Warning: Loaded localization resources contain conflicting entries for (Namespace:UObjectToolTips, Key:AnimNode_AssetPlayerBase:InternalTimeAccumulator):
Localization Resource: (C:/Program Files (x86)/Epic Games/4.14/Engine/Content/Localization/EditorTutorials/zh-CN/EditorTutorials.locres) Source String Hash: (502993589) Localized String: (用于引用此节点中的资源的累积时间)
Localization Resource: (C:/Program Files (x86)/Epic Games/4.14/Engine/Content/Localization/Engine/zh-CN/Engine.locres) Source String Hash: (502993589) Localized String: (引用该节点中资源所用的累计时间)
[2017.01.13-03.43.33:207][  0]LogTextLocalizationManager:Warning: Loaded localization resources contain conflicting entries for (Namespace:UObjectToolTips, Key:AnimNode_AssetPlayerBase:bIgnoreForRelevancyTest):
Localization Resource: (C:/Program Files (x86)/Epic Games/4.14/Engine/Content/Localization/EditorTutorials/zh-CN/EditorTutorials.locres) Source String Hash: (319969718) Localized String: (若为真，在状态中寻找最高权重动画的“相关动画”节点将忽视 此节点)
Localization Resource: (C:/Program Files (x86)/Epic Games/4.14/Engine/Content/Localization/Engine/zh-CN/Engine.locres) Source String Hash: (319969718) Localized String: (如果为真，那么将会忽略查找最高权重动画的"相关动画"节点。
这个节点)
[2017.01.13-03.43.33:207][  0]LogTextLocalizationManager:Warning: Loaded localization resources contain conflicting entries for (Namespace:UObjectToolTips, Key:AnimNode_AssetPlayerBase:BlendWeight):
Localization Resource: (C:/Program Files (x86)/Epic Games/4.14/Engine/Content/Localization/EditorTutorials/zh-CN/EditorTutorials.locres) Source String Hash: (-1232800293) Localized String: (此节点最后交会的混合权重)
Localization Resource: (C:/Program Files (x86)/Epic Games/4.14/Engine/Content/Localization/Engine/zh-CN/Engine.locres) Source String Hash: (-1232800293) Localized String: (该节点上一次遇到的混合权重)
[2017.01.13-03.43.33:586][  0]LogD3D11RHI: D3D11 adapters:
[2017.01.13-03.43.33:619][  0]LogD3D11RHI:    0. 'NVIDIA GeForce GT 720M' (Feature Level 11_0)
[2017.01.13-03.43.33:619][  0]LogD3D11RHI:       978/0/1652 MB DedicatedVideo/DedicatedSystem/SharedSystem, Outputs:1, VendorId:0x10de
[2017.01.13-03.43.33:641][  0]LogD3D11RHI:    1. 'NVIDIA GeForce GT 720M' (Feature Level 11_0)
[2017.01.13-03.43.33:641][  0]LogD3D11RHI:       978/0/1652 MB DedicatedVideo/DedicatedSystem/SharedSystem, Outputs:0, VendorId:0x10de
[2017.01.13-03.43.33:641][  0]LogD3D11RHI: Chosen D3D11 Adapter: 0
[2017.01.13-03.43.33:648][  0]LogD3D11RHI: Creating new Direct3DDevice
[2017.01.13-03.43.33:648][  0]LogD3D11RHI:     GPU DeviceId: 0x1140 (for the marketing name, search the web for "GPU Device Id")
[2017.01.13-03.43.33:648][  0]LogWindows: EnumDisplayDevices:
[2017.01.13-03.43.33:648][  0]LogWindows:    0. 'Intel(R) HD Graphics 4600' (P:1 D:1)
[2017.01.13-03.43.33:648][  0]LogWindows:    1. 'Intel(R) HD Graphics 4600' (P:0 D:0)
[2017.01.13-03.43.33:648][  0]LogWindows:    2. 'Intel(R) HD Graphics 4600' (P:0 D:0)
[2017.01.13-03.43.33:648][  0]LogWindows:    3. 'NVIDIA GeForce GT 720M' (P:0 D:0)
[2017.01.13-03.43.33:649][  0]LogWindows:    4. 'RDPDD Chained DD' (P:0 D:0)
[2017.01.13-03.43.33:649][  0]LogWindows:    5. 'RDP Encoder Mirror Driver' (P:0 D:0)
[2017.01.13-03.43.33:649][  0]LogWindows:    6. 'RDP Reflector Display Driver' (P:0 D:0)
[2017.01.13-03.43.33:649][  0]LogWindows: DebugString: PrimaryIsNotTheChoosenAdapter PrimaryIsNotTheChoosenAdapter PrimaryIsNotTheChoosenAdapter GetVideoDriverDetailsInvalid PrimaryIsNotTheChoosenAdapter GetVideoDriverDetailsInvalid PrimaryIsNotTheChoosenAdapter GetVideoDriverDetailsInvalid PrimaryIsNotTheChoosenAdapter 
[2017.01.13-03.43.33:649][  0]LogD3D11RHI:     Adapter Name: NVIDIA GeForce GT 720M
[2017.01.13-03.43.33:649][  0]LogD3D11RHI:   Driver Version: 369.59 (internal:21.21.13.6959, unified:369.59)
[2017.01.13-03.43.33:649][  0]LogD3D11RHI:      Driver Date: 10-18-2016
[2017.01.13-03.43.33:649][  0]LogRHI: Texture pool is 685 MB (70% of 978 MB)
[2017.01.13-03.43.33:674][  0]LogD3D11RHI:Warning: Timestamp queries are currently disabled on this hardware due to instability. Realtime GPU stats will not be available. You can override this behaviour by setting r.NVIDIATimestampWorkaround to 0
[2017.01.13-03.43.33:674][  0]LogD3D11RHI: Async texture creation enabled
[2017.01.13-03.43.33:688][  0]LogD3D11RHI: GPU Timing Frequency: 1000.000000 (Debug: 2 2)
[2017.01.13-03.43.33:688][  0]LogShaderCompilers: Guid format shader working directory is 25 characters bigger than the processId version (D:/zuoye1/ALILUYA1/aliluyaOVO/Intermediate/Shaders/WorkingDirectory/2552/).
[2017.01.13-03.43.33:688][  0]LogShaderCompilers: Cleaned the shader compiler working directory 'C:/Users/Administrator/AppData/Local/Temp/UnrealShaderWorkingDir/A1E05033491EF05E7440358542B07D40/'.
[2017.01.13-03.43.33:688][  0]LogShaderCompilers:Display: Using Local Shader Compiler.
[2017.01.13-03.43.36:789][  0]LogTemp:Display: Loaded TP AllDesktopTargetPlatform
[2017.01.13-03.43.36:844][  0]LogTemp:Display: Loaded TP MacClientTargetPlatform
[2017.01.13-03.43.36:898][  0]LogTemp:Display: Loaded TP MacNoEditorTargetPlatform
[2017.01.13-03.43.36:954][  0]LogTemp:Display: Loaded TP MacServerTargetPlatform
[2017.01.13-03.43.37:011][  0]LogTemp:Display: Loaded TP MacTargetPlatform
[2017.01.13-03.43.37:065][  0]LogTemp:Display: Loaded TP WindowsClientTargetPlatform
[2017.01.13-03.43.37:121][  0]LogTemp:Display: Loaded TP WindowsNoEditorTargetPlatform
[2017.01.13-03.43.37:178][  0]LogTemp:Display: Loaded TP WindowsServerTargetPlatform
[2017.01.13-03.43.37:220][  0]LogTemp:Display: Loaded TP WindowsTargetPlatform
[2017.01.13-03.43.37:273][  0]LogTemp:Display: Loaded TP AndroidTargetPlatform
[2017.01.13-03.43.37:325][  0]LogTemp:Display: Loaded TP Android_ASTCTargetPlatform
[2017.01.13-03.43.37:377][  0]LogTemp:Display: Loaded TP Android_ATCTargetPlatform
[2017.01.13-03.43.37:430][  0]LogTemp:Display: Loaded TP Android_DXTTargetPlatform
[2017.01.13-03.43.37:484][  0]LogTemp:Display: Loaded TP Android_ETC1TargetPlatform
[2017.01.13-03.43.37:539][  0]LogTemp:Display: Loaded TP Android_ETC2TargetPlatform
[2017.01.13-03.43.37:642][  0]LogTemp:Display: Loaded TP Android_MultiTargetPlatform
[2017.01.13-03.43.37:642][  0]LogTemp:Display: Loaded TP Android_PVRTCTargetPlatform
[2017.01.13-03.43.37:675][  0]LogTemp:Display: Loaded TP HTML5TargetPlatform
[2017.01.13-03.43.37:759][  0]LogTemp:Display: Loaded TP IOSTargetPlatform
[2017.01.13-03.43.37:793][  0]LogTemp:Display: Loaded TP TVOSTargetPlatform
[2017.01.13-03.43.37:845][  0]LogTemp:Display: Loaded TP LinuxClientTargetPlatform
[2017.01.13-03.43.37:898][  0]LogTemp:Display: Loaded TP LinuxNoEditorTargetPlatform
[2017.01.13-03.43.37:953][  0]LogTemp:Display: Loaded TP LinuxServerTargetPlatform
[2017.01.13-03.43.38:005][  0]LogTemp:Display: Loaded TP LinuxTargetPlatform
[2017.01.13-03.43.38:005][  0]LogTargetPlatformManager:Display: Building Assets For Windows
[2017.01.13-03.43.38:383][  0]LogDerivedDataCache:Display: Max Cache Size: 512 MB
[2017.01.13-03.43.38:453][  0]LogDerivedDataCache: Loaded boot cache 0.07s 51MB C:/Users/Administrator/AppData/Local/UnrealEngine/4.14/DerivedDataCache/Boot.ddc.
[2017.01.13-03.43.38:454][  0]LogDerivedDataCache:Display: Loaded Boot cache: C:/Users/Administrator/AppData/Local/UnrealEngine/4.14/DerivedDataCache/Boot.ddc
[2017.01.13-03.43.38:454][  0]LogDerivedDataCache: FDerivedDataBackendGraph:  Pak pak cache file D:/zuoye1/ALILUYA1/aliluyaOVO/DerivedDataCache/DDC.ddp not found, will not use a pak cache.
[2017.01.13-03.43.38:454][  0]LogDerivedDataCache: Unable to find inner node Pak for hierarchical cache Hierarchy.
[2017.01.13-03.43.38:454][  0]LogDerivedDataCache: FDerivedDataBackendGraph:  CompressedPak pak cache file D:/zuoye1/ALILUYA1/aliluyaOVO/DerivedDataCache/Compressed.ddp not found, will not use a pak cache.
[2017.01.13-03.43.38:454][  0]LogDerivedDataCache: Unable to find inner node CompressedPak for hierarchical cache Hierarchy.
[2017.01.13-03.43.38:474][  0]LogDerivedDataCache:Display: Pak cache opened for reading ../../../Engine/DerivedDataCache/Compressed.ddp.
[2017.01.13-03.43.38:486][  0]LogDerivedDataCache: Using Local data cache path C:/Users/Administrator/AppData/Local/UnrealEngine/Common/DerivedDataCache: Writable
[2017.01.13-03.43.38:705][  0]LogInit: Selected Device Profile: [Windows]
[2017.01.13-03.43.38:709][  0]LogContentStreaming: Texture pool size is 0.00 MB
[2017.01.13-03.43.38:949][  0]LogMeshUtilities: Using QuadricMeshReduction for automatic static mesh reduction
[2017.01.13-03.43.38:991][  0]LogSimplygon: Simplygon DLL not present - disabling.
[2017.01.13-03.43.39:031][  0]LogMeshUtilities: Using SimplygonSwarm for distributed automatic mesh merging
[2017.01.13-03.43.39:031][  0]LogMeshUtilities: No automatic skeletal mesh reduction module available
[2017.01.13-03.43.39:031][  0]LogMeshUtilities: No automatic mesh merging module available
[2017.01.13-03.43.39:666][  0]LogNetVersion: GetLocalNetworkVersion: CL: 3195953, ProjectName: aliluyaovo, ProjectVersion: , EngineNetworkVersion: 2, GameNetworkVersion: 0, NetworkChecksum: 3199669633
[2017.01.13-03.43.39:722][  0]LogAssetRegistry: FAssetRegistry took 0.0199 seconds to start up
[2017.01.13-03.43.39:797][  0]LogPackageLocalizationCache: Processed 3 localized package path(s) for 4 prioritized culture(s) in 0.047887 seconds
[2017.01.13-03.43.39:804][  0]LogUObjectArray: 31946 objects as part of root set at end of initial load.
[2017.01.13-03.43.39:804][  0]LogUObjectAllocator: 6935848 out of 0 bytes used by permanent object pool.
[2017.01.13-03.43.39:804][  0]LogUObjectArray: CloseDisregardForGC: 0/0 objects in disregard for GC pool
[2017.01.13-03.43.39:859][  0]LogInit: WinSock: version 1.1 (2.2), MaxSocks=32767, MaxUdp=65467
[2017.01.13-03.43.40:561][  0]LogSlate: Using Freetype 2.6.0
[2017.01.13-03.43.40:561][  0]LogSlate: SlateFontCache - WITH_FREETYPE: 1, WITH_HARFBUZZ: 1
[2017.01.13-03.43.40:561][  0]LogSlate: SlateFontCache - WITH_FREETYPE: 1, WITH_HARFBUZZ: 1
[2017.01.13-03.43.41:374][  0]LogTcpMessaging: Initializing TcpMessaging bridge
[2017.01.13-03.43.41:408][  0]LogUdpMessaging: Initializing bridge on interface 0.0.0.0:0 to multicast group 230.0.0.1:6666.
[2017.01.13-03.43.42:059][  0]LogMaterial: Uniform references updated for custom material expression Custom.
[2017.01.13-03.43.42:458][  0]SourceControl: 信息 源码控制已禁用
[2017.01.13-03.43.42:519][  0]SourceControl: 信息 源码控制已禁用
[2017.01.13-03.43.42:561][  0]SourceControl: 信息 源码控制已禁用
[2017.01.13-03.43.42:603][  0]SourceControl: 信息 源码控制已禁用
[2017.01.13-03.43.43:824][  0]LogEngine: Initializing Engine...
[2017.01.13-03.43.43:825][  0]LogHMD: Failed to initialize OpenVR with code 110
[2017.01.13-03.43.44:083][  0]LogAIModule: Creating AISystem for world Untitled
[2017.01.13-03.43.44:101][  0]LogInit: XAudio2 using '喇叭/耳机 (Realtek High Definition Audio)' : 2 channels at 48 kHz using 32 bits per sample (channel mask 0x3)
[2017.01.13-03.43.44:152][  0]LogInit: FAudioDevice initialized.
[2017.01.13-03.43.44:196][  0]LogDerivedDataCache: Saved boot cache 0.04s 51MB C:/Users/Administrator/AppData/Local/UnrealEngine/4.14/DerivedDataCache/Boot.ddc.
[2017.01.13-03.43.44:206][  0]LogInit: Texture streaming: Enabled
[2017.01.13-03.43.44:391][  0]LogInit: Transaction tracking system initialized
[2017.01.13-03.43.44:729][  0]BlueprintLog: New page: 编辑器加载
[2017.01.13-03.43.45:652][  0]LocalizationService: 信息 本地化服务已被禁用
[2017.01.13-03.43.46:286][  0]LogConsoleResponse:Display: 
[2017.01.13-03.43.46:477][  0]LogCook:Display: Max memory allowance for cook 16384mb min free memory 0mb
[2017.01.13-03.43.46:477][  0]LogCook:Display: Mobile HDR setting 1
[2017.01.13-03.43.46:822][  0]LogFileCache: Scanning file cache for directory 'D:/zuoye1/ALILUYA1/aliluyaOVO/Content/' took 0.02s
[2017.01.13-03.43.47:475][  0]SourceControl: 信息 源码控制已禁用
[2017.01.13-03.43.47:475][  0]Cmd: MAP LOAD FILE="D:/zuoye1/ALILUYA1/aliluyaOVO/Content/FirstPersonCPP/Maps/FirstPersonExampleMap.umap" TEMPLATE=0 SHOWPROGRESS=1 FEATURELEVEL=3
[2017.01.13-03.43.47:475][  0]LightingResults: New page: 光照构建
[2017.01.13-03.43.47:513][  0]MapCheck: New page: 地图检测
[2017.01.13-03.43.47:513][  0]LightingResults: New page: 光照构建
[2017.01.13-03.43.48:011][  0]LogAIModule: Creating AISystem for world FirstPersonExampleMap
[2017.01.13-03.43.48:027][  0]LogEditorServer: Finished looking for orphan Actors (0.000 secs)
[2017.01.13-03.43.48:028][  0]Cmd: MAP CHECKDEP NOCLEARLOG
[2017.01.13-03.43.48:076][  0]MapCheck: 信息 地图检测完成：0个错误，0 个警告，用时48.12毫秒完成。
[2017.01.13-03.43.48:076][  0]LogFileHelpers: Loading map 'FirstPersonExampleMap' took 0.601
[2017.01.13-03.43.48:224][  0]LogCollectionManager: Loaded 0 collections in 0.001433 seconds
[2017.01.13-03.43.48:294][  0]LogFileCache: Scanning file cache for directory 'D:/zuoye1/ALILUYA1/aliluyaOVO/Saved/Collections/' took 0.01s
[2017.01.13-03.43.48:294][  0]LogFileCache: Scanning file cache for directory 'D:/zuoye1/ALILUYA1/aliluyaOVO/Content/Developers/Administrator/Collections/' took 0.01s
[2017.01.13-03.43.48:294][  0]LogFileCache: Scanning file cache for directory 'D:/zuoye1/ALILUYA1/aliluyaOVO/Content/Collections/' took 0.01s
[2017.01.13-03.43.48:294][  0]LogCollectionManager: Rebuilt the GUID cache for 0 collections in 0.000002 seconds
[2017.01.13-03.43.48:305][  0]LogContentBrowser: Native class hierarchy populated in 0.0107 seconds. Added 2196 classes and 431 folders.
[2017.01.13-03.43.48:343][  0]LogStats: UGameplayTagsManager::ConstructGameplayTagTree: Construct from data asset -  0.000 s
[2017.01.13-03.43.48:344][  0]LogStats: UGameplayTagsManager::ConstructGameplayTagTree: GameplayTagTreeChangedEvent.Broadcast -  0.000 s
[2017.01.13-03.43.48:345][  0]LogContentBrowser: Native class hierarchy updated for 'GameplayTags' in 0.0012 seconds. Added 13 classes and 0 folders.
[2017.01.13-03.43.48:401][  0]LogContentBrowser: Native class hierarchy updated for 'WidgetCarousel' in 0.0015 seconds. Added 0 classes and 0 folders.
[2017.01.13-03.43.48:446][  0]LogContentBrowser: Native class hierarchy updated for 'AddContentDialog' in 0.0014 seconds. Added 0 classes and 0 folders.
[2017.01.13-03.43.48:495][  0]LogContentBrowser: Native class hierarchy updated for 'SceneOutliner' in 0.0013 seconds. Added 1 classes and 2 folders.
[2017.01.13-03.43.48:533][  0]LogCrashTracker: Crashtracker disabled due to settings.
[2017.01.13-03.43.48:546][  0]LogUObjectGlobals:Warning: 寻找对象'Class 无.'失败
[2017.01.13-03.43.48:610][  0]LogContentBrowser: Native class hierarchy updated for 'HierarchicalLODOutliner' in 0.0015 seconds. Added 1 classes and 2 folders.
[2017.01.13-03.43.48:610][  0]LogLoad: (Engine Initialization) Total time: 16.78 seconds
[2017.01.13-03.43.48:610][  0]LogLoad: (Engine Initialization) Total Blueprint compile time: 0.16 seconds
[2017.01.13-03.43.48:610][  0]LogExternalProfiler: Found external profiler: VSPerf
[2017.01.13-03.43.48:610][  0]LogExternalProfiler: Using external profiler: VSPerf
[2017.01.13-03.43.48:633][  0]LogOcInput: OculusInput pre-init called
[2017.01.13-03.43.48:651][  0]LogContentStreaming: Texture pool size now 800 MB
[2017.01.13-03.43.48:797][  0]LogRenderer: Reallocating scene render targets to support 756x368 NumSamples 1 (Frame:2).
[2017.01.13-03.43.49:483][  2]LogAssetRegistry: Asset discovery search completed in 9.7810 seconds
[2017.01.13-03.43.49:484][  2]LogCollectionManager: Rebuilt the object cache for 0 collections in 0.000001 seconds (found 0 objects)
[2017.01.13-03.43.49:484][  2]LogCollectionManager: Fixed up redirectors for 0 collections in 0.000018 seconds (updated 0 objects)
[2017.01.13-03.44.08:115][791]LogActor:Warning: VREditorButton /Engine/Transient.World_4:PersistentLevel.VREditorButton_0 has natively added scene component(s), but none of them were set as the actor's RootComponent - picking one arbitrarily
[2017.01.13-03.45.03:804][796]LogTemp: Repeting last play command: 选中的视口
[2017.01.13-03.45.03:817][796]LogBlueprintUserMessages: Early PlayInEditor Detection: Level '/Game/FirstPersonCPP/Maps/FirstPersonExampleMap.FirstPersonExampleMap:PersistentLevel' has LevelScriptBlueprint '/Game/FirstPersonCPP/Maps/FirstPersonExampleMap.FirstPersonExampleMap:PersistentLevel.FirstPersonExampleMap' with GeneratedClass '/Game/FirstPersonCPP/Maps/FirstPersonExampleMap.FirstPersonExampleMap_C' with ClassGeneratedBy '/Game/FirstPersonCPP/Maps/FirstPersonExampleMap.FirstPersonExampleMap:PersistentLevel.FirstPersonExampleMap'
[2017.01.13-03.45.03:817][796]LogPlayLevel: PlayLevel: No blueprints needed recompiling
[2017.01.13-03.45.03:817][796]PIE: New page: PIE会话: FirstPersonExampleMap (2017年1月13日 下午7:45:03)
[2017.01.13-03.45.03:817][796]LogPlayLevel: Creating play world package: /Game/FirstPersonCPP/Maps/UEDPIE_0_FirstPersonExampleMap
[2017.01.13-03.45.03:824][796]LogPlayLevel: PIE: StaticDuplicateObject took: (0.006664s)
[2017.01.13-03.45.03:824][796]LogAIModule: Creating AISystem for world FirstPersonExampleMap
[2017.01.13-03.45.03:825][796]LogPlayLevel: PIE: World Init took: (0.000995s)
[2017.01.13-03.45.03:825][796]LogPlayLevel: PIE: Created PIE world by copying editor world from /Game/FirstPersonCPP/Maps/FirstPersonExampleMap.FirstPersonExampleMap to /Game/FirstPersonCPP/Maps/UEDPIE_0_FirstPersonExampleMap.FirstPersonExampleMap (0.008135s)
[2017.01.13-03.45.03:855][796]LogInit: XAudio2 using '喇叭/耳机 (Realtek High Definition Audio)' : 2 channels at 48 kHz using 32 bits per sample (channel mask 0x3)
[2017.01.13-03.45.03:865][796]LogInit: FAudioDevice initialized.
[2017.01.13-03.45.03:914][796]LogLoad: Game class is 'aliluyaOVOGameMode'
[2017.01.13-03.45.03:917][796]LogWorld: Bringing World /Game/FirstPersonCPP/Maps/UEDPIE_0_FirstPersonExampleMap.FirstPersonExampleMap up for play (max tick rate 60) at 2017.01.13-11.45.03
[2017.01.13-03.45.03:918][796]LogWorld: Bringing up level for play took: 0.003011
[2017.01.13-03.45.03:954][796]LogContentBrowser: Native class hierarchy updated for 'MovieSceneCapture' in 0.0013 seconds. Added 11 classes and 0 folders.
[2017.01.13-03.45.03:956][796]PIE: 信息 /Game/FirstPersonCPP/Maps/UEDPIE_0_FirstPersonExampleMap的‘在编辑器中播放’的起始时间-0.673
[2017.01.13-03.45.03:956][796]LogBlueprintUserMessages: Late PlayInEditor Detection: Level '/Game/FirstPersonCPP/Maps/FirstPersonExampleMap.FirstPersonExampleMap:PersistentLevel' has LevelScriptBlueprint '/Game/FirstPersonCPP/Maps/FirstPersonExampleMap.FirstPersonExampleMap:PersistentLevel.FirstPersonExampleMap' with GeneratedClass '/Game/FirstPersonCPP/Maps/FirstPersonExampleMap.FirstPersonExampleMap_C' with ClassGeneratedBy '/Game/FirstPersonCPP/Maps/FirstPersonExampleMap.FirstPersonExampleMap:PersistentLevel.FirstPersonExampleMap'
[2017.01.13-03.45.08:541][ 31]LogBlueprintUserMessages: Early EndPlayMap Detection: Level '/Game/FirstPersonCPP/Maps/FirstPersonExampleMap.FirstPersonExampleMap:PersistentLevel' has LevelScriptBlueprint '/Game/FirstPersonCPP/Maps/FirstPersonExampleMap.FirstPersonExampleMap:PersistentLevel.FirstPersonExampleMap' with GeneratedClass '/Game/FirstPersonCPP/Maps/FirstPersonExampleMap.FirstPersonExampleMap_C' with ClassGeneratedBy '/Game/FirstPersonCPP/Maps/FirstPersonExampleMap.FirstPersonExampleMap:PersistentLevel.FirstPersonExampleMap'
[2017.01.13-03.45.08:604][ 31]LogBlueprintUserMessages: Late EndPlayMap Detection: Level '/Game/FirstPersonCPP/Maps/FirstPersonExampleMap.FirstPersonExampleMap:PersistentLevel' has LevelScriptBlueprint '/Game/FirstPersonCPP/Maps/FirstPersonExampleMap.FirstPersonExampleMap:PersistentLevel.FirstPersonExampleMap' with GeneratedClass '/Game/FirstPersonCPP/Maps/FirstPersonExampleMap.FirstPersonExampleMap_C' with ClassGeneratedBy '/Game/FirstPersonCPP/Maps/FirstPersonExampleMap.FirstPersonExampleMap:PersistentLevel.FirstPersonExampleMap'
[2017.01.13-03.45.11:777][194]LogEditorViewport: Clicking on Actor (LMB): StaticMeshActor (Cube28)
[2017.01.13-03.45.14:515][331]LogEditorViewport: Clicking on Actor (LMB): DecalActor (DecalActor)
[2017.01.13-03.45.21:894][727]LogEditorViewport: Clicking on Actor (LMB): StaticMeshActor (Cube28)
[2017.01.13-03.45.25:044][890]LogTemp: Repeting last play command: 选中的视口
[2017.01.13-03.45.25:061][890]LogBlueprintUserMessages: Early PlayInEditor Detection: Level '/Game/FirstPersonCPP/Maps/FirstPersonExampleMap.FirstPersonExampleMap:PersistentLevel' has LevelScriptBlueprint '/Game/FirstPersonCPP/Maps/FirstPersonExampleMap.FirstPersonExampleMap:PersistentLevel.FirstPersonExampleMap' with GeneratedClass '/Game/FirstPersonCPP/Maps/FirstPersonExampleMap.FirstPersonExampleMap_C' with ClassGeneratedBy '/Game/FirstPersonCPP/Maps/FirstPersonExampleMap.FirstPersonExampleMap:PersistentLevel.FirstPersonExampleMap'
[2017.01.13-03.45.25:061][890]LogPlayLevel: PlayLevel: No blueprints needed recompiling
[2017.01.13-03.45.25:061][890]PIE: New page: PIE会话: FirstPersonExampleMap (2017年1月13日 下午7:45:25)
[2017.01.13-03.45.25:061][890]LogPlayLevel: Creating play world package: /Game/FirstPersonCPP/Maps/UEDPIE_0_FirstPersonExampleMap
[2017.01.13-03.45.25:068][890]LogPlayLevel: PIE: StaticDuplicateObject took: (0.006695s)
[2017.01.13-03.45.25:068][890]LogAIModule: Creating AISystem for world FirstPersonExampleMap
[2017.01.13-03.45.25:069][890]LogPlayLevel: PIE: World Init took: (0.000866s)
[2017.01.13-03.45.25:069][890]LogPlayLevel: PIE: Created PIE world by copying editor world from /Game/FirstPersonCPP/Maps/FirstPersonExampleMap.FirstPersonExampleMap to /Game/FirstPersonCPP/Maps/UEDPIE_0_FirstPersonExampleMap.FirstPersonExampleMap (0.008109s)
[2017.01.13-03.45.25:097][890]LogInit: XAudio2 using '喇叭/耳机 (Realtek High Definition Audio)' : 2 channels at 48 kHz using 32 bits per sample (channel mask 0x3)
[2017.01.13-03.45.25:109][890]LogInit: FAudioDevice initialized.
[2017.01.13-03.45.25:139][890]LogLoad: Game class is 'aliluyaOVOGameMode'
[2017.01.13-03.45.25:142][890]LogWorld: Bringing World /Game/FirstPersonCPP/Maps/UEDPIE_0_FirstPersonExampleMap.FirstPersonExampleMap up for play (max tick rate 60) at 2017.01.13-11.45.25
[2017.01.13-03.45.25:143][890]LogWorld: Bringing up level for play took: 0.002858
[2017.01.13-03.45.25:145][890]PIE: 信息 /Game/FirstPersonCPP/Maps/UEDPIE_0_FirstPersonExampleMap的‘在编辑器中播放’的起始时间0.516
[2017.01.13-03.45.25:145][890]LogBlueprintUserMessages: Late PlayInEditor Detection: Level '/Game/FirstPersonCPP/Maps/FirstPersonExampleMap.FirstPersonExampleMap:PersistentLevel' has LevelScriptBlueprint '/Game/FirstPersonCPP/Maps/FirstPersonExampleMap.FirstPersonExampleMap:PersistentLevel.FirstPersonExampleMap' with GeneratedClass '/Game/FirstPersonCPP/Maps/FirstPersonExampleMap.FirstPersonExampleMap_C' with ClassGeneratedBy '/Game/FirstPersonCPP/Maps/FirstPersonExampleMap.FirstPersonExampleMap:PersistentLevel.FirstPersonExampleMap'
[2017.01.13-03.45.28:752][ 79]LogBlueprintUserMessages: Early EndPlayMap Detection: Level '/Game/FirstPersonCPP/Maps/FirstPersonExampleMap.FirstPersonExampleMap:PersistentLevel' has LevelScriptBlueprint '/Game/FirstPersonCPP/Maps/FirstPersonExampleMap.FirstPersonExampleMap:PersistentLevel.FirstPersonExampleMap' with GeneratedClass '/Game/FirstPersonCPP/Maps/FirstPersonExampleMap.FirstPersonExampleMap_C' with ClassGeneratedBy '/Game/FirstPersonCPP/Maps/FirstPersonExampleMap.FirstPersonExampleMap:PersistentLevel.FirstPersonExampleMap'
[2017.01.13-03.45.28:819][ 79]LogBlueprintUserMessages: Late EndPlayMap Detection: Level '/Game/FirstPersonCPP/Maps/FirstPersonExampleMap.FirstPersonExampleMap:PersistentLevel' has LevelScriptBlueprint '/Game/FirstPersonCPP/Maps/FirstPersonExampleMap.FirstPersonExampleMap:PersistentLevel.FirstPersonExampleMap' with GeneratedClass '/Game/FirstPersonCPP/Maps/FirstPersonExampleMap.FirstPersonExampleMap_C' with ClassGeneratedBy '/Game/FirstPersonCPP/Maps/FirstPersonExampleMap.FirstPersonExampleMap:PersistentLevel.FirstPersonExampleMap'
[2017.01.13-03.45.32:455][270]LogEditorViewport: Clicking on Actor (LMB): PainCausingVolume (PainCausingVolume2)
[2017.01.13-03.45.38:553][585]LogEditorViewport: Clicking on Actor (LMB): StaticMeshActor (Cube28)
[2017.01.13-03.45.49:758][147]LogTemp: Repeting last play command: 选中的视口
[2017.01.13-03.45.49:770][147]LogBlueprintUserMessages: Early PlayInEditor Detection: Level '/Game/FirstPersonCPP/Maps/FirstPersonExampleMap.FirstPersonExampleMap:PersistentLevel' has LevelScriptBlueprint '/Game/FirstPersonCPP/Maps/FirstPersonExampleMap.FirstPersonExampleMap:PersistentLevel.FirstPersonExampleMap' with GeneratedClass '/Game/FirstPersonCPP/Maps/FirstPersonExampleMap.FirstPersonExampleMap_C' with ClassGeneratedBy '/Game/FirstPersonCPP/Maps/FirstPersonExampleMap.FirstPersonExampleMap:PersistentLevel.FirstPersonExampleMap'
[2017.01.13-03.45.49:770][147]LogPlayLevel: PlayLevel: No blueprints needed recompiling
[2017.01.13-03.45.49:771][147]PIE: New page: PIE会话: FirstPersonExampleMap (2017年1月13日 下午7:45:49)
[2017.01.13-03.45.49:771][147]LogPlayLevel: Creating play world package: /Game/FirstPersonCPP/Maps/UEDPIE_0_FirstPersonExampleMap
[2017.01.13-03.45.49:783][147]LogPlayLevel: PIE: StaticDuplicateObject took: (0.011316s)
[2017.01.13-03.45.49:783][147]LogAIModule: Creating AISystem for world FirstPersonExampleMap
[2017.01.13-03.45.49:783][147]LogPlayLevel: PIE: World Init took: (0.000682s)
[2017.01.13-03.45.49:783][147]LogPlayLevel: PIE: Created PIE world by copying editor world from /Game/FirstPersonCPP/Maps/FirstPersonExampleMap.FirstPersonExampleMap to /Game/FirstPersonCPP/Maps/UEDPIE_0_FirstPersonExampleMap.FirstPersonExampleMap (0.012444s)
[2017.01.13-03.45.49:816][147]LogInit: XAudio2 using '喇叭/耳机 (Realtek High Definition Audio)' : 2 channels at 48 kHz using 32 bits per sample (channel mask 0x3)
[2017.01.13-03.45.49:829][147]LogInit: FAudioDevice initialized.
[2017.01.13-03.45.49:858][147]LogLoad: Game class is 'aliluyaOVOGameMode'
[2017.01.13-03.45.49:861][147]LogWorld: Bringing World /Game/FirstPersonCPP/Maps/UEDPIE_0_FirstPersonExampleMap.FirstPersonExampleMap up for play (max tick rate 60) at 2017.01.13-11.45.49
[2017.01.13-03.45.49:862][147]LogWorld: Bringing up level for play took: 0.003730
[2017.01.13-03.45.49:864][147]PIE: 信息 /Game/FirstPersonCPP/Maps/UEDPIE_0_FirstPersonExampleMap的‘在编辑器中播放’的起始时间-0.765
[2017.01.13-03.45.49:864][147]LogBlueprintUserMessages: Late PlayInEditor Detection: Level '/Game/FirstPersonCPP/Maps/FirstPersonExampleMap.FirstPersonExampleMap:PersistentLevel' has LevelScriptBlueprint '/Game/FirstPersonCPP/Maps/FirstPersonExampleMap.FirstPersonExampleMap:PersistentLevel.FirstPersonExampleMap' with GeneratedClass '/Game/FirstPersonCPP/Maps/FirstPersonExampleMap.FirstPersonExampleMap_C' with ClassGeneratedBy '/Game/FirstPersonCPP/Maps/FirstPersonExampleMap.FirstPersonExampleMap:PersistentLevel.FirstPersonExampleMap'
[2017.01.13-03.45.55:918][468]LogBlueprintUserMessages: Early EndPlayMap Detection: Level '/Game/FirstPersonCPP/Maps/FirstPersonExampleMap.FirstPersonExampleMap:PersistentLevel' has LevelScriptBlueprint '/Game/FirstPersonCPP/Maps/FirstPersonExampleMap.FirstPersonExampleMap:PersistentLevel.FirstPersonExampleMap' with GeneratedClass '/Game/FirstPersonCPP/Maps/FirstPersonExampleMap.FirstPersonExampleMap_C' with ClassGeneratedBy '/Game/FirstPersonCPP/Maps/FirstPersonExampleMap.FirstPersonExampleMap:PersistentLevel.FirstPersonExampleMap'
[2017.01.13-03.45.55:980][468]LogBlueprintUserMessages: Late EndPlayMap Detection: Level '/Game/FirstPersonCPP/Maps/FirstPersonExampleMap.FirstPersonExampleMap:PersistentLevel' has LevelScriptBlueprint '/Game/FirstPersonCPP/Maps/FirstPersonExampleMap.FirstPersonExampleMap:PersistentLevel.FirstPersonExampleMap' with GeneratedClass '/Game/FirstPersonCPP/Maps/FirstPersonExampleMap.FirstPersonExampleMap_C' with ClassGeneratedBy '/Game/FirstPersonCPP/Maps/FirstPersonExampleMap.FirstPersonExampleMap:PersistentLevel.FirstPersonExampleMap'
[2017.01.13-03.45.57:227][531]LogEditorViewport: Clicking on Actor (LMB): StaticMeshActor (Cube28)
[2017.01.13-03.46.07:458][  4]LogTemp: Repeting last play command: 选中的视口
[2017.01.13-03.46.07:468][  4]LogBlueprintUserMessages: Early PlayInEditor Detection: Level '/Game/FirstPersonCPP/Maps/FirstPersonExampleMap.FirstPersonExampleMap:PersistentLevel' has LevelScriptBlueprint '/Game/FirstPersonCPP/Maps/FirstPersonExampleMap.FirstPersonExampleMap:PersistentLevel.FirstPersonExampleMap' with GeneratedClass '/Game/FirstPersonCPP/Maps/FirstPersonExampleMap.FirstPersonExampleMap_C' with ClassGeneratedBy '/Game/FirstPersonCPP/Maps/FirstPersonExampleMap.FirstPersonExampleMap:PersistentLevel.FirstPersonExampleMap'
[2017.01.13-03.46.07:468][  4]LogPlayLevel: PlayLevel: No blueprints needed recompiling
[2017.01.13-03.46.07:468][  4]PIE: New page: PIE会话: FirstPersonExampleMap (2017年1月13日 下午7:46:07)
[2017.01.13-03.46.07:468][  4]LogPlayLevel: Creating play world package: /Game/FirstPersonCPP/Maps/UEDPIE_0_FirstPersonExampleMap
[2017.01.13-03.46.07:479][  4]LogPlayLevel: PIE: StaticDuplicateObject took: (0.010441s)
[2017.01.13-03.46.07:479][  4]LogAIModule: Creating AISystem for world FirstPersonExampleMap
[2017.01.13-03.46.07:480][  4]LogPlayLevel: PIE: World Init took: (0.000812s)
[2017.01.13-03.46.07:480][  4]LogPlayLevel: PIE: Created PIE world by copying editor world from /Game/FirstPersonCPP/Maps/FirstPersonExampleMap.FirstPersonExampleMap to /Game/FirstPersonCPP/Maps/UEDPIE_0_FirstPersonExampleMap.FirstPersonExampleMap (0.011719s)
[2017.01.13-03.46.07:507][  4]LogInit: XAudio2 using '喇叭/耳机 (Realtek High Definition Audio)' : 2 channels at 48 kHz using 32 bits per sample (channel mask 0x3)
[2017.01.13-03.46.07:518][  4]LogInit: FAudioDevice initialized.
[2017.01.13-03.46.07:549][  4]LogLoad: Game class is 'aliluyaOVOGameMode'
[2017.01.13-03.46.07:552][  4]LogWorld: Bringing World /Game/FirstPersonCPP/Maps/UEDPIE_0_FirstPersonExampleMap.FirstPersonExampleMap up for play (max tick rate 60) at 2017.01.13-11.46.07
[2017.01.13-03.46.07:553][  4]LogWorld: Bringing up level for play took: 0.003616
[2017.01.13-03.46.07:555][  4]PIE: 信息 /Game/FirstPersonCPP/Maps/UEDPIE_0_FirstPersonExampleMap的‘在编辑器中播放’的起始时间0.925
[2017.01.13-03.46.07:555][  4]LogBlueprintUserMessages: Late PlayInEditor Detection: Level '/Game/FirstPersonCPP/Maps/FirstPersonExampleMap.FirstPersonExampleMap:PersistentLevel' has LevelScriptBlueprint '/Game/FirstPersonCPP/Maps/FirstPersonExampleMap.FirstPersonExampleMap:PersistentLevel.FirstPersonExampleMap' with GeneratedClass '/Game/FirstPersonCPP/Maps/FirstPersonExampleMap.FirstPersonExampleMap_C' with ClassGeneratedBy '/Game/FirstPersonCPP/Maps/FirstPersonExampleMap.FirstPersonExampleMap:PersistentLevel.FirstPersonExampleMap'
[2017.01.13-03.46.32:442][399]LogBlueprintUserMessages: Early EndPlayMap Detection: Level '/Game/FirstPersonCPP/Maps/FirstPersonExampleMap.FirstPersonExampleMap:PersistentLevel' has LevelScriptBlueprint '/Game/FirstPersonCPP/Maps/FirstPersonExampleMap.FirstPersonExampleMap:PersistentLevel.FirstPersonExampleMap' with GeneratedClass '/Game/FirstPersonCPP/Maps/FirstPersonExampleMap.FirstPersonExampleMap_C' with ClassGeneratedBy '/Game/FirstPersonCPP/Maps/FirstPersonExampleMap.FirstPersonExampleMap:PersistentLevel.FirstPersonExampleMap'
[2017.01.13-03.46.32:510][399]LogBlueprintUserMessages: Late EndPlayMap Detection: Level '/Game/FirstPersonCPP/Maps/FirstPersonExampleMap.FirstPersonExampleMap:PersistentLevel' has LevelScriptBlueprint '/Game/FirstPersonCPP/Maps/FirstPersonExampleMap.FirstPersonExampleMap:PersistentLevel.FirstPersonExampleMap' with GeneratedClass '/Game/FirstPersonCPP/Maps/FirstPersonExampleMap.FirstPersonExampleMap_C' with ClassGeneratedBy '/Game/FirstPersonCPP/Maps/FirstPersonExampleMap.FirstPersonExampleMap:PersistentLevel.FirstPersonExampleMap'
[2017.01.13-03.46.35:185][528]LogEditorViewport: Clicking on Actor (LMB): StaticMeshActor (Cube28)
[2017.01.13-03.46.40:339][798]LogTemp: Repeting last play command: 选中的视口
[2017.01.13-03.46.40:357][798]LogBlueprintUserMessages: Early PlayInEditor Detection: Level '/Game/FirstPersonCPP/Maps/FirstPersonExampleMap.FirstPersonExampleMap:PersistentLevel' has LevelScriptBlueprint '/Game/FirstPersonCPP/Maps/FirstPersonExampleMap.FirstPersonExampleMap:PersistentLevel.FirstPersonExampleMap' with GeneratedClass '/Game/FirstPersonCPP/Maps/FirstPersonExampleMap.FirstPersonExampleMap_C' with ClassGeneratedBy '/Game/FirstPersonCPP/Maps/FirstPersonExampleMap.FirstPersonExampleMap:PersistentLevel.FirstPersonExampleMap'
[2017.01.13-03.46.40:357][798]LogPlayLevel: PlayLevel: No blueprints needed recompiling
[2017.01.13-03.46.40:357][798]PIE: New page: PIE会话: FirstPersonExampleMap (2017年1月13日 下午7:46:40)
[2017.01.13-03.46.40:357][798]LogPlayLevel: Creating play world package: /Game/FirstPersonCPP/Maps/UEDPIE_0_FirstPersonExampleMap
[2017.01.13-03.46.40:365][798]LogPlayLevel: PIE: StaticDuplicateObject took: (0.007775s)
[2017.01.13-03.46.40:366][798]LogAIModule: Creating AISystem for world FirstPersonExampleMap
[2017.01.13-03.46.40:366][798]LogPlayLevel: PIE: World Init took: (0.000763s)
[2017.01.13-03.46.40:366][798]LogPlayLevel: PIE: Created PIE world by copying editor world from /Game/FirstPersonCPP/Maps/FirstPersonExampleMap.FirstPersonExampleMap to /Game/FirstPersonCPP/Maps/UEDPIE_0_FirstPersonExampleMap.FirstPersonExampleMap (0.008849s)
[2017.01.13-03.46.40:398][798]LogInit: XAudio2 using '喇叭/耳机 (Realtek High Definition Audio)' : 2 channels at 48 kHz using 32 bits per sample (channel mask 0x3)
[2017.01.13-03.46.40:410][798]LogInit: FAudioDevice initialized.
[2017.01.13-03.46.40:437][798]LogLoad: Game class is 'aliluyaOVOGameMode'
[2017.01.13-03.46.40:440][798]LogWorld: Bringing World /Game/FirstPersonCPP/Maps/UEDPIE_0_FirstPersonExampleMap.FirstPersonExampleMap up for play (max tick rate 60) at 2017.01.13-11.46.40
[2017.01.13-03.46.40:441][798]LogWorld: Bringing up level for play took: 0.003139
[2017.01.13-03.46.40:443][798]PIE: 信息 /Game/FirstPersonCPP/Maps/UEDPIE_0_FirstPersonExampleMap的‘在编辑器中播放’的起始时间-0.187
[2017.01.13-03.46.40:443][798]LogBlueprintUserMessages: Late PlayInEditor Detection: Level '/Game/FirstPersonCPP/Maps/FirstPersonExampleMap.FirstPersonExampleMap:PersistentLevel' has LevelScriptBlueprint '/Game/FirstPersonCPP/Maps/FirstPersonExampleMap.FirstPersonExampleMap:PersistentLevel.FirstPersonExampleMap' with GeneratedClass '/Game/FirstPersonCPP/Maps/FirstPersonExampleMap.FirstPersonExampleMap_C' with ClassGeneratedBy '/Game/FirstPersonCPP/Maps/FirstPersonExampleMap.FirstPersonExampleMap:PersistentLevel.FirstPersonExampleMap'
[2017.01.13-03.47.10:806][505]LogBlueprintUserMessages: Early EndPlayMap Detection: Level '/Game/FirstPersonCPP/Maps/FirstPersonExampleMap.FirstPersonExampleMap:PersistentLevel' has LevelScriptBlueprint '/Game/FirstPersonCPP/Maps/FirstPersonExampleMap.FirstPersonExampleMap:PersistentLevel.FirstPersonExampleMap' with GeneratedClass '/Game/FirstPersonCPP/Maps/FirstPersonExampleMap.FirstPersonExampleMap_C' with ClassGeneratedBy '/Game/FirstPersonCPP/Maps/FirstPersonExampleMap.FirstPersonExampleMap:PersistentLevel.FirstPersonExampleMap'
[2017.01.13-03.47.10:870][505]LogBlueprintUserMessages: Late EndPlayMap Detection: Level '/Game/FirstPersonCPP/Maps/FirstPersonExampleMap.FirstPersonExampleMap:PersistentLevel' has LevelScriptBlueprint '/Game/FirstPersonCPP/Maps/FirstPersonExampleMap.FirstPersonExampleMap:PersistentLevel.FirstPersonExampleMap' with GeneratedClass '/Game/FirstPersonCPP/Maps/FirstPersonExampleMap.FirstPersonExampleMap_C' with ClassGeneratedBy '/Game/FirstPersonCPP/Maps/FirstPersonExampleMap.FirstPersonExampleMap:PersistentLevel.FirstPersonExampleMap'
[2017.01.13-03.54.59:290][175]LogSavePackage: Save=102.86ms
[2017.01.13-03.54.59:290][175]LogSavePackage: Moving 'D:/zuoye1/ALILUYA1/aliluyaOVO/Saved/FirstPersonExampleMap_Auto146CE668647742FA68B2C68B1868FAFCF.tmp' to 'D:/zuoye1/ALILUYA1/aliluyaOVO/Saved/Autosaves/Game/FirstPersonCPP/Maps/FirstPersonExampleMap_Auto1.umap'
[2017.01.13-03.54.59:291][175]LogSavePackage:Display: Finished SavePackage D:/zuoye1/ALILUYA1/aliluyaOVO/Saved/Autosaves/Game/FirstPersonCPP/Maps/FirstPersonExampleMap_Auto1.umap
[2017.01.13-03.54.59:293][175]LogFileHelpers: Editor autosave (incl. sublevels) for '/Game/FirstPersonCPP/Maps/FirstPersonExampleMap' took 0.134
[2017.01.13-03.54.59:293][175]LogFileHelpers: Editor autosave (incl. sublevels) for all levels took 0.134
[2017.01.13-04.09.55:704][869]LogEditorViewport: Clicking on Actor (LMB): StaticMeshActor (Cube15)
[2017.01.13-04.10.01:879][114]LogSavePackage: Save=102.60ms
[2017.01.13-04.10.01:879][114]LogSavePackage: Moving 'D:/zuoye1/ALILUYA1/aliluyaOVO/Saved/FirstPersonExampleMap3306C3B3413C704B26A045BB3E361BC0.tmp' to 'D:/zuoye1/ALILUYA1/aliluyaOVO/Content/FirstPersonCPP/Maps/FirstPersonExampleMap.umap'
[2017.01.13-04.10.01:881][114]LogSavePackage:Display: Finished SavePackage D:/zuoye1/ALILUYA1/aliluyaOVO/Content/FirstPersonCPP/Maps/FirstPersonExampleMap.umap
[2017.01.13-04.10.01:895][114]LogFileHelpers: Saving map 'FirstPersonExampleMap' took 0.192
[2017.01.13-04.10.03:246][182]Cmd: QUIT_EDITOR
[2017.01.13-04.10.03:333][182]LogExit: Preparing to exit.
[2017.01.13-04.10.03:763][182]LogExit: Editor shut down
[2017.01.13-04.10.03:764][182]LogExit: Transaction tracking system shut down
[2017.01.13-04.10.03:928][182]LogObj: Freed 0b from 0 cluster array pools.
[2017.01.13-04.10.03:928][182]LogExit: Object subsystem successfully closed.
[2017.01.13-04.10.03:941][182]LogD3D11RHI: Shutdown
[2017.01.13-04.10.03:941][182]LogD3D11RHI: CleanupD3DDevice
[2017.01.13-04.10.04:046][182]LogD3D11RHI: ~FD3D11DynamicRHI
[2017.01.13-04.10.04:092][182]LogHttp:Display: Http module shutting down, but needs to wait on 1 outstanding Http requests:
[2017.01.13-04.10.04:092][182]LogHttp:Display: 	verb=[POST] url=[https://datarouter.ol.epicgames.com/datarouter/api/v1/public/data?SessionID=%7B4B792A68-44CA-BC99-4D88-1FA4B906BB6D%7D&AppID=UEEditor.Rocket.Release&AppVersion=4.14.3-3249277%2B%2B%2BUE4%2BRelease-4.14&UserID=1323ed57452532e724365191befd528b%7C7afad932ad774be6add98a6aa1090a50%7C6442fbc1-2d4d-42fa-a1c1-873169838c99&AppEnvironment=datacollector-binary&UploadType=eteventstream] status=Processing
[2017.01.13-04.10.04:104][182]LogModuleManager: Shutting down and abandoning module MovieSceneCapture (243)
[2017.01.13-04.10.04:104][182]LogModuleManager: Shutting down and abandoning module HierarchicalLODOutliner (242)
[2017.01.13-04.10.04:105][182]LogModuleManager: Shutting down and abandoning module CrashTracker (241)
[2017.01.13-04.10.04:105][182]LogModuleManager: Shutting down and abandoning module SceneOutliner (240)
[2017.01.13-04.10.04:105][182]LogModuleManager: Shutting down and abandoning module WidgetCarousel (239)
[2017.01.13-04.10.04:105][182]LogModuleManager: Shutting down and abandoning module AddContentDialog (238)
[2017.01.13-04.10.04:106][182]LogDirectoryWatcher: A directory notification for 'C:/Program Files (x86)/Epic Games/4.14/FeaturePacks/' was aborted.
[2017.01.13-04.10.04:107][182]LogModuleManager: Shutting down and abandoning module GameplayTags (237)
[2017.01.13-04.10.04:107][182]LogModuleManager: Shutting down and abandoning module EditorWidgets (236)
[2017.01.13-04.10.04:108][182]LogModuleManager: Shutting down and abandoning module CollectionManager (235)
[2017.01.13-04.10.04:109][182]LogDirectoryWatcher: A directory notification for 'D:/zuoye1/ALILUYA1/aliluyaOVO/Content/Collections/' was aborted.
[2017.01.13-04.10.04:109][182]LogDirectoryWatcher: A directory notification for 'D:/zuoye1/ALILUYA1/aliluyaOVO/Content/Developers/Administrator/Collections/' was aborted.
[2017.01.13-04.10.04:109][182]LogDirectoryWatcher: A directory notification for 'D:/zuoye1/ALILUYA1/aliluyaOVO/Saved/Collections/' was aborted.
[2017.01.13-04.10.04:109][182]LogModuleManager: Shutting down and abandoning module StatsViewer (234)
[2017.01.13-04.10.04:110][182]LogModuleManager: Shutting down and abandoning module FoliageEdit (233)
[2017.01.13-04.10.04:110][182]LogModuleManager: Shutting down and abandoning module LandscapeEditor (232)
[2017.01.13-04.10.04:111][182]LogModuleManager: Shutting down and abandoning module SceneDepthPickerMode (231)
[2017.01.13-04.10.04:111][182]LogModuleManager: Shutting down and abandoning module ActorPickerMode (230)
[2017.01.13-04.10.04:111][182]LogModuleManager: Shutting down and abandoning module GeometryMode (229)
[2017.01.13-04.10.04:111][182]LogModuleManager: Shutting down and abandoning module TextureAlignMode (228)
[2017.01.13-04.10.04:111][182]LogModuleManager: Shutting down and abandoning module BspMode (227)
[2017.01.13-04.10.04:111][182]LogModuleManager: Shutting down and abandoning module HardwareSurvey (226)
[2017.01.13-04.10.04:111][182]LogModuleManager: Shutting down and abandoning module SequenceRecorderSections (225)
[2017.01.13-04.10.04:111][182]LogModuleManager: Shutting down and abandoning module AutomationWorker (224)
[2017.01.13-04.10.04:112][182]LogModuleManager: Shutting down and abandoning module MatineeToLevelSequence (223)
[2017.01.13-04.10.04:112][182]LogModuleManager: Shutting down and abandoning module PlacementMode (222)
[2017.01.13-04.10.04:113][182]LogModuleManager: Shutting down and abandoning module LevelSequenceEditor (221)
[2017.01.13-04.10.04:115][182]LogModuleManager: Shutting down and abandoning module WmfMediaFactory (220)
[2017.01.13-04.10.04:115][182]LogModuleManager: Shutting down and abandoning module WmfMediaEditor (219)
[2017.01.13-04.10.04:115][182]LogModuleManager: Shutting down and abandoning module AvfMediaFactory (218)
[2017.01.13-04.10.04:115][182]LogModuleManager: Shutting down and abandoning module AvfMediaEditor (217)
[2017.01.13-04.10.04:115][182]LogModuleManager: Shutting down and abandoning module Media (216)
[2017.01.13-04.10.04:115][182]LogModuleManager: Shutting down and abandoning module AndroidMediaFactory (215)
[2017.01.13-04.10.04:115][182]LogModuleManager: Shutting down and abandoning module AndroidMediaEditor (214)
[2017.01.13-04.10.04:115][182]LogModuleManager: Shutting down and abandoning module CharacterAI (213)
[2017.01.13-04.10.04:115][182]LogModuleManager: Shutting down and abandoning module SequenceRecorder (212)
[2017.01.13-04.10.04:117][182]LogModuleManager: Shutting down and abandoning module AudioCapture (211)
[2017.01.13-04.10.04:117][182]LogModuleManager: Shutting down and abandoning module SmartSnapping (210)
[2017.01.13-04.10.04:117][182]LogModuleManager: Shutting down and abandoning module SessionServices (209)
[2017.01.13-04.10.04:117][182]LogModuleManager: Shutting down and abandoning module ViewportSnapping (208)
[2017.01.13-04.10.04:117][182]LogModuleManager: Shutting down and abandoning module ViewportInteraction (207)
[2017.01.13-04.10.04:117][182]LogModuleManager: Shutting down and abandoning module LogVisualizer (206)
[2017.01.13-04.10.04:119][182]LogModuleManager: Shutting down and abandoning module GameProjectGeneration (205)
[2017.01.13-04.10.04:121][182]LogModuleManager: Shutting down and abandoning module IntroTutorials (204)
[2017.01.13-04.10.04:121][182]LogModuleManager: Shutting down and abandoning module EditorLiveStreaming (203)
[2017.01.13-04.10.04:121][182]LogModuleManager: Shutting down and abandoning module IOSPlatformEditor (202)
[2017.01.13-04.10.04:122][182]LogModuleManager: Shutting down and abandoning module HTML5PlatformEditor (201)
[2017.01.13-04.10.04:122][182]LogModuleManager: Shutting down and abandoning module AndroidDeviceDetection (200)
[2017.01.13-04.10.05:112][182]LogModuleManager: Shutting down and abandoning module AndroidPlatformEditor (199)
[2017.01.13-04.10.05:113][182]LogModuleManager: Shutting down and abandoning module IOSRuntimeSettings (198)
[2017.01.13-04.10.05:113][182]LogModuleManager: Shutting down and abandoning module AndroidRuntimeSettings (197)
[2017.01.13-04.10.05:113][182]LogModuleManager: Shutting down and abandoning module InputBindingEditor (196)
[2017.01.13-04.10.05:114][182]LogModuleManager: Shutting down and abandoning module NiagaraEditor (195)
[2017.01.13-04.10.05:116][182]LogModuleManager: Shutting down and abandoning module MergeActors (194)
[2017.01.13-04.10.05:117][182]LogModuleManager: Shutting down and abandoning module SizeMap (193)
[2017.01.13-04.10.05:118][182]LogModuleManager: Shutting down and abandoning module TreeMap (192)
[2017.01.13-04.10.05:119][182]LogModuleManager: Shutting down and abandoning module ReferenceViewer (191)
[2017.01.13-04.10.05:119][182]LogModuleManager: Shutting down and abandoning module LocalizationService (190)
[2017.01.13-04.10.05:119][182]LogModuleManager: Shutting down and abandoning module LocalizationDashboard (189)
[2017.01.13-04.10.05:120][182]LogModuleManager: Shutting down and abandoning module HardwareTargeting (188)
[2017.01.13-04.10.05:121][182]LogModuleManager: Shutting down and abandoning module DeviceProfileEditor (187)
[2017.01.13-04.10.05:122][182]LogModuleManager: Shutting down and abandoning module UndoHistory (186)
[2017.01.13-04.10.05:122][182]LogModuleManager: Shutting down and abandoning module UserFeedback (185)
[2017.01.13-04.10.05:122][182]LogModuleManager: Shutting down and abandoning module XmlParser (184)
[2017.01.13-04.10.05:122][182]LogModuleManager: Shutting down and abandoning module Blutility (183)
[2017.01.13-04.10.05:123][182]LogModuleManager: Shutting down and abandoning module ProjectTargetPlatformEditor (182)
[2017.01.13-04.10.05:123][182]LogModuleManager: Shutting down and abandoning module ProjectSettingsViewer (181)
[2017.01.13-04.10.05:123][182]LogModuleManager: Shutting down and abandoning module EditorSettingsViewer (180)
[2017.01.13-04.10.05:123][182]LogModuleManager: Shutting down and abandoning module SettingsEditor (179)
[2017.01.13-04.10.05:125][182]LogModuleManager: Shutting down and abandoning module ProjectLauncher (178)
[2017.01.13-04.10.05:126][182]LogModuleManager: Shutting down and abandoning module SessionFrontend (177)
[2017.01.13-04.10.05:127][182]LogModuleManager: Shutting down and abandoning module ProfilerClient (176)
[2017.01.13-04.10.05:128][182]LogModuleManager: Shutting down and abandoning module TargetDeviceServices (175)
[2017.01.13-04.10.05:128][182]LogModuleManager: Shutting down and abandoning module DeviceManager (174)
[2017.01.13-04.10.05:158][182]LogModuleManager: Shutting down and abandoning module AutomationController (173)
[2017.01.13-04.10.05:160][182]LogModuleManager: Shutting down and abandoning module AutomationWindow (172)
[2017.01.13-04.10.05:162][182]LogModuleManager: Shutting down and abandoning module Layers (171)
[2017.01.13-04.10.05:164][182]LogModuleManager: Shutting down and abandoning module ComponentVisualizers (170)
[2017.01.13-04.10.05:164][182]LogModuleManager: Shutting down and abandoning module DetailCustomizations (169)
[2017.01.13-04.10.05:165][182]LogModuleManager: Shutting down and abandoning module PackagesDialog (168)
[2017.01.13-04.10.05:166][182]LogModuleManager: Shutting down and abandoning module AnimGraph (167)
[2017.01.13-04.10.05:166][182]LogModuleManager: Shutting down and abandoning module Persona (166)
[2017.01.13-04.10.05:167][182]LogModuleManager: Shutting down and abandoning module Kismet (165)
[2017.01.13-04.10.05:168][182]LogModuleManager: Shutting down and abandoning module GraphEditor (164)
[2017.01.13-04.10.05:168][182]LogModuleManager: Shutting down and abandoning module ClassViewer (163)
[2017.01.13-04.10.05:168][182]LogModuleManager: Shutting down and abandoning module Toolbox (162)
[2017.01.13-04.10.05:169][182]LogModuleManager: Shutting down and abandoning module ModuleUI (161)
[2017.01.13-04.10.05:170][182]LogModuleManager: Shutting down and abandoning module MovieSceneTools (160)
[2017.01.13-04.10.05:171][182]LogModuleManager: Shutting down and abandoning module OutputLog (159)
[2017.01.13-04.10.05:172][182]LogModuleManager: Shutting down and abandoning module GammaUI (158)
[2017.01.13-04.10.05:173][182]LogModuleManager: Shutting down and abandoning module Documentation (157)
[2017.01.13-04.10.05:173][182]LogModuleManager: Shutting down and abandoning module Niagara (156)
[2017.01.13-04.10.05:173][182]LogModuleManager: Shutting down and abandoning module StreamingPauseRendering (155)
[2017.01.13-04.10.05:173][182]LogModuleManager: Shutting down and abandoning module AnalyticsET (154)
[2017.01.13-04.10.05:173][182]LogModuleManager: Shutting down and abandoning module PortalServices (153)
[2017.01.13-04.10.05:173][182]LogModuleManager: Shutting down and abandoning module PortalRpc (152)
[2017.01.13-04.10.05:173][182]LogModuleManager: Shutting down and abandoning module MessagingRpc (151)
[2017.01.13-04.10.05:173][182]LogModuleManager: Shutting down and abandoning module GameplayDebugger (150)
[2017.01.13-04.10.05:173][182]LogModuleManager: Shutting down and abandoning module AITestSuite (149)
[2017.01.13-04.10.05:174][182]LogModuleManager: Shutting down and abandoning module AIModule (148)
[2017.01.13-04.10.05:174][182]LogModuleManager: Shutting down and abandoning module ProfilerService (147)
[2017.01.13-04.10.05:376][182]LogModuleManager: Shutting down and abandoning module TaskGraph (146)
[2017.01.13-04.10.05:378][182]LogModuleManager: Shutting down and abandoning module SlateRemote (145)
[2017.01.13-04.10.05:378][182]LogModuleManager: Shutting down and abandoning module SteamVRController (144)
[2017.01.13-04.10.05:378][182]LogModuleManager: Shutting down and abandoning module SteamVR (143)
[2017.01.13-04.10.05:378][182]LogModuleManager: Shutting down and abandoning module ProceduralMeshComponentEditor (142)
[2017.01.13-04.10.05:378][182]LogModuleManager: Shutting down and abandoning module ProceduralMeshComponent (141)
[2017.01.13-04.10.05:380][182]LogModuleManager: Shutting down and abandoning module OculusLibrary (140)
[2017.01.13-04.10.05:380][182]LogModuleManager: Shutting down and abandoning module OculusInput (139)
[2017.01.13-04.10.05:380][182]LogModuleManager: Shutting down and abandoning module MobilePatchingUtils (138)
[2017.01.13-04.10.05:380][182]LogModuleManager: Shutting down and abandoning module CustomMeshComponent (137)
[2017.01.13-04.10.05:380][182]LogModuleManager: Shutting down and abandoning module CableComponent (136)
[2017.01.13-04.10.05:380][182]LogModuleManager: Shutting down and abandoning module ArchVisCharacter (135)
[2017.01.13-04.10.05:380][182]LogModuleManager: Shutting down and abandoning module MediaPlayerEditor (133)
[2017.01.13-04.10.05:384][182]LogModuleManager: Shutting down and abandoning module HTML5Networking (132)
[2017.01.13-04.10.05:384][182]LogModuleManager: Shutting down and abandoning module GeometryCacheEd (131)
[2017.01.13-04.10.05:384][182]LogModuleManager: Shutting down and abandoning module GeometryCache (130)
[2017.01.13-04.10.05:384][182]LogModuleManager: Shutting down and abandoning module AlembicLibrary (129)
[2017.01.13-04.10.05:385][182]LogModuleManager: Shutting down and abandoning module AlembicImporter (128)
[2017.01.13-04.10.05:385][182]LogModuleManager: Shutting down and abandoning module SuperSearch (127)
[2017.01.13-04.10.05:385][182]LogModuleManager: Shutting down and abandoning module SuperSearchEditor (126)
[2017.01.13-04.10.05:386][182]LogModuleManager: Shutting down and abandoning module SpeedTreeImporter (125)
[2017.01.13-04.10.05:386][182]LogModuleManager: Shutting down and abandoning module PluginBrowser (124)
[2017.01.13-04.10.05:388][182]LogModuleManager: Shutting down and abandoning module MobileLauncherProfileWizard (123)
[2017.01.13-04.10.05:389][182]LogModuleManager: Shutting down and abandoning module EpicSurvey (122)
[2017.01.13-04.10.05:390][182]LogModuleManager: Shutting down and abandoning module DesktopPlatform (121)
[2017.01.13-04.10.05:391][182]LogModuleManager: Shutting down and abandoning module VisualStudioSourceCodeAccess (120)
[2017.01.13-04.10.05:391][182]LogModuleManager: Shutting down and abandoning module UObjectPlugin (119)
[2017.01.13-04.10.05:391][182]LogModuleManager: Shutting down and abandoning module SubversionSourceControl (118)
[2017.01.13-04.10.05:393][182]LogModuleManager: Shutting down and abandoning module PerforceSourceControl (117)
[2017.01.13-04.10.05:396][182]LogModuleManager: Shutting down and abandoning module SourceControl (116)
[2017.01.13-04.10.05:397][182]LogModuleManager: Shutting down and abandoning module GitSourceControl (115)
[2017.01.13-04.10.05:398][182]LogModuleManager: Shutting down and abandoning module LightPropagationVolumeEditor (114)
[2017.01.13-04.10.05:398][182]LogModuleManager: Shutting down and abandoning module PaperTiledImporter (113)
[2017.01.13-04.10.05:398][182]LogModuleManager: Shutting down and abandoning module PaperSpriteSheetImporter (112)
[2017.01.13-04.10.05:399][182]LogModuleManager: Shutting down and abandoning module MeshPaint (111)
[2017.01.13-04.10.05:399][182]LogModuleManager: Shutting down and abandoning module PixelInspectorModule (110)
[2017.01.13-04.10.05:399][182]LogModuleManager: Shutting down and abandoning module HotReload (109)
[2017.01.13-04.10.05:399][182]LogDirectoryWatcher: A directory notification for 'D:/zuoye1/ALILUYA1/aliluyaOVO/Binaries/Win64' was aborted.
[2017.01.13-04.10.05:413][182]LogModuleManager: Shutting down and abandoning module MainFrame (108)
[2017.01.13-04.10.05:413][182]LogModuleManager: Shutting down and abandoning module LevelEditor (107)
[2017.01.13-04.10.05:414][182]LogModuleManager: Shutting down and abandoning module ContentBrowser (106)
[2017.01.13-04.10.05:415][182]LogModuleManager: Shutting down and abandoning module Paper2DEditor (105)
[2017.01.13-04.10.05:416][182]LogModuleManager: Shutting down and abandoning module aliluyaOVO (104)
[2017.01.13-04.10.05:416][182]LogModuleManager: Shutting down and abandoning module UdpMessaging (103)
[2017.01.13-04.10.05:516][182]LogModuleManager: Shutting down and abandoning module TcpMessaging (102)
[2017.01.13-04.10.05:616][182]LogModuleManager: Shutting down and abandoning module LightPropagationVolumeRuntime (101)
[2017.01.13-04.10.05:616][182]LogModuleManager: Shutting down and abandoning module Paper2D (100)
[2017.01.13-04.10.05:616][182]LogModuleManager: Shutting down and abandoning module WindowsMoviePlayer (99)
[2017.01.13-04.10.05:616][182]LogModuleManager: Shutting down and abandoning module WmfMedia (98)
[2017.01.13-04.10.05:620][182]LogModuleManager: Shutting down and abandoning module MediaAssets (97)
[2017.01.13-04.10.05:620][182]LogModuleManager: Shutting down and abandoning module GameLiveStreaming (96)
[2017.01.13-04.10.05:620][182]LogModuleManager: Shutting down and abandoning module GameplayTagsEditor (95)
[2017.01.13-04.10.05:620][182]LogModuleManager: Shutting down and abandoning module VREditor (94)
[2017.01.13-04.10.05:620][182]LogModuleManager: Shutting down and abandoning module GameplayTasksEditor (93)
[2017.01.13-04.10.05:620][182]LogModuleManager: Shutting down and abandoning module BehaviorTreeEditor (92)
[2017.01.13-04.10.05:622][182]LogModuleManager: Shutting down and abandoning module FunctionalTesting (91)
[2017.01.13-04.10.05:624][182]LogModuleManager: Shutting down and abandoning module CollisionAnalyzer (90)
[2017.01.13-04.10.05:627][182]LogModuleManager: Shutting down and abandoning module Sequencer (89)
[2017.01.13-04.10.05:629][182]LogModuleManager: Shutting down and abandoning module WorkspaceMenuStructure (88)
[2017.01.13-04.10.05:629][182]LogModuleManager: Shutting down and abandoning module MessageLog (87)
[2017.01.13-04.10.05:629][182]LogModuleManager: Shutting down and abandoning module AssetTools (86)
[2017.01.13-04.10.05:633][182]LogModuleManager: Shutting down and abandoning module UMGEditor (85)
[2017.01.13-04.10.05:636][182]LogModuleManager: Shutting down and abandoning module UMG (84)
[2017.01.13-04.10.05:637][182]LogModuleManager: Shutting down and abandoning module SlateReflector (83)
[2017.01.13-04.10.05:641][182]LogModuleManager: Shutting down and abandoning module Slate (82)
[2017.01.13-04.10.05:641][182]LogModuleManager: Shutting down and abandoning module EditorStyle (81)
[2017.01.13-04.10.05:647][182]LogModuleManager: Shutting down and abandoning module SourceCodeAccess (80)
[2017.01.13-04.10.05:647][182]LogModuleManager: Shutting down and abandoning module HeadMountedDisplay (79)
[2017.01.13-04.10.05:647][182]LogModuleManager: Shutting down and abandoning module XAudio2 (78)
[2017.01.13-04.10.05:647][182]LogModuleManager: Shutting down and abandoning module Networking (76)
[2017.01.13-04.10.05:647][182]LogModuleManager: Shutting down and abandoning module Core (75)
[2017.01.13-04.10.05:647][182]LogModuleManager: Shutting down and abandoning module DirectoryWatcher (74)
[2017.01.13-04.10.05:647][182]LogDirectoryWatcher: A directory notification for '../../../Engine/Content/' was aborted.
[2017.01.13-04.10.05:647][182]LogDirectoryWatcher: A directory notification for 'D:/zuoye1/ALILUYA1/aliluyaOVO/Content/' was aborted.
[2017.01.13-04.10.05:647][182]LogDirectoryWatcher: A directory notification for '../../../Engine/Plugins/2D/Paper2D/Content/' was aborted.
[2017.01.13-04.10.05:648][182]LogModuleManager: Shutting down and abandoning module AssetRegistry (73)
[2017.01.13-04.10.05:781][182]LogModuleManager: Shutting down and abandoning module KismetCompiler (72)
[2017.01.13-04.10.05:781][182]LogModuleManager: Shutting down and abandoning module PhysXFormats (71)
[2017.01.13-04.10.05:781][182]LogModuleManager: Shutting down and abandoning module SimplygonSwarm (70)
[2017.01.13-04.10.05:782][182]LogModuleManager: Shutting down and abandoning module SimplygonMeshReduction (69)
[2017.01.13-04.10.05:782][182]LogModuleManager: Shutting down and abandoning module QuadricMeshReduction (68)
[2017.01.13-04.10.05:782][182]LogModuleManager: Shutting down and abandoning module PropertyEditor (67)
[2017.01.13-04.10.05:782][182]LogModuleManager: Shutting down and abandoning module MeshUtilities (66)
[2017.01.13-04.10.05:784][182]LogModuleManager: Shutting down and abandoning module DerivedDataCache (65)
[2017.01.13-04.10.05:835][182]LogDerivedDataCache: Shutdown
[2017.01.13-04.10.05:835][182]LogModuleManager: Shutting down and abandoning module VulkanShaderFormat (64)
[2017.01.13-04.10.05:836][182]LogModuleManager: Shutting down and abandoning module ShaderFormatOpenGL (63)
[2017.01.13-04.10.05:837][182]LogModuleManager: Shutting down and abandoning module ShaderFormatD3D (62)
[2017.01.13-04.10.05:837][182]LogModuleManager: Shutting down and abandoning module MetalShaderFormat (61)
[2017.01.13-04.10.05:838][182]LogModuleManager: Shutting down and abandoning module TextureFormatUncompressed (60)
[2017.01.13-04.10.05:839][182]LogModuleManager: Shutting down and abandoning module TextureFormatPVR (59)
[2017.01.13-04.10.05:839][182]LogModuleManager: Shutting down and abandoning module TextureFormatDXT (58)
[2017.01.13-04.10.05:839][182]LogModuleManager: Shutting down and abandoning module TextureFormatIntelISPCTexComp (57)
[2017.01.13-04.10.05:840][182]LogModuleManager: Shutting down and abandoning module ImageWrapper (56)
[2017.01.13-04.10.05:840][182]LogModuleManager: Shutting down and abandoning module TextureFormatASTC (55)
[2017.01.13-04.10.05:840][182]LogModuleManager: Shutting down and abandoning module TextureFormatAndroid (54)
[2017.01.13-04.10.05:840][182]LogModuleManager: Shutting down and abandoning module AudioFormatOpus (53)
[2017.01.13-04.10.05:841][182]LogModuleManager: Shutting down and abandoning module AudioFormatOgg (52)
[2017.01.13-04.10.05:841][182]LogModuleManager: Shutting down and abandoning module AudioFormatADPCM (51)
[2017.01.13-04.10.05:841][182]LogModuleManager: Shutting down and abandoning module LinuxTargetPlatform (50)
[2017.01.13-04.10.05:841][182]LogModuleManager: Shutting down and abandoning module LinuxServerTargetPlatform (49)
[2017.01.13-04.10.05:841][182]LogModuleManager: Shutting down and abandoning module LinuxNoEditorTargetPlatform (48)
[2017.01.13-04.10.05:841][182]LogModuleManager: Shutting down and abandoning module LinuxClientTargetPlatform (47)
[2017.01.13-04.10.05:841][182]LogModuleManager: Shutting down and abandoning module TVOSTargetPlatform (46)
[2017.01.13-04.10.05:841][182]LogModuleManager: Shutting down and abandoning module Messaging (45)
[2017.01.13-04.10.05:841][182]LogModuleManager: Shutting down and abandoning module IOSTargetPlatform (44)
[2017.01.13-04.10.05:841][182]LogModuleManager: Shutting down and abandoning module HTML5TargetPlatform (43)
[2017.01.13-04.10.05:841][182]LogModuleManager: Shutting down and abandoning module Android_PVRTCTargetPlatform (42)
[2017.01.13-04.10.05:841][182]LogModuleManager: Shutting down and abandoning module Android_MultiTargetPlatform (41)
[2017.01.13-04.10.05:841][182]LogModuleManager: Shutting down and abandoning module Android_ETC2TargetPlatform (40)
[2017.01.13-04.10.05:841][182]LogModuleManager: Shutting down and abandoning module Android_ETC1TargetPlatform (39)
[2017.01.13-04.10.05:841][182]LogModuleManager: Shutting down and abandoning module Android_DXTTargetPlatform (38)
[2017.01.13-04.10.05:841][182]LogModuleManager: Shutting down and abandoning module Android_ATCTargetPlatform (37)
[2017.01.13-04.10.05:841][182]LogModuleManager: Shutting down and abandoning module Android_ASTCTargetPlatform (36)
[2017.01.13-04.10.05:841][182]LogModuleManager: Shutting down and abandoning module AndroidTargetPlatform (35)
[2017.01.13-04.10.05:841][182]LogModuleManager: Shutting down and abandoning module WindowsTargetPlatform (34)
[2017.01.13-04.10.05:841][182]LogModuleManager: Shutting down and abandoning module WindowsServerTargetPlatform (33)
[2017.01.13-04.10.05:841][182]LogModuleManager: Shutting down and abandoning module WindowsNoEditorTargetPlatform (32)
[2017.01.13-04.10.05:841][182]LogModuleManager: Shutting down and abandoning module WindowsClientTargetPlatform (31)
[2017.01.13-04.10.05:841][182]LogModuleManager: Shutting down and abandoning module MacTargetPlatform (30)
[2017.01.13-04.10.05:841][182]LogModuleManager: Shutting down and abandoning module MacServerTargetPlatform (29)
[2017.01.13-04.10.05:841][182]LogModuleManager: Shutting down and abandoning module MacNoEditorTargetPlatform (28)
[2017.01.13-04.10.05:841][182]LogModuleManager: Shutting down and abandoning module MacClientTargetPlatform (27)
[2017.01.13-04.10.05:842][182]LogModuleManager: Shutting down and abandoning module AllDesktopTargetPlatform (26)
[2017.01.13-04.10.05:842][182]LogModuleManager: Shutting down and abandoning module TargetPlatform (25)
[2017.01.13-04.10.05:842][182]LogModuleManager: Shutting down and abandoning module InputCore (24)
[2017.01.13-04.10.05:842][182]LogModuleManager: Shutting down and abandoning module Settings (23)
[2017.01.13-04.10.05:842][182]LogModuleManager: Shutting down and abandoning module OculusRift (22)
[2017.01.13-04.10.05:842][182]LogModuleManager: Shutting down and abandoning module ExampleDeviceProfileSelector (21)
[2017.01.13-04.10.05:842][182]LogModuleManager: Shutting down and abandoning module OnlineBlueprintSupport (20)
[2017.01.13-04.10.05:842][182]LogModuleManager: Shutting down and abandoning module OnlineSubsystem (18)
[2017.01.13-04.10.05:842][182]LogOnline:Display: Unloading online subsystem: NULL
[2017.01.13-04.10.05:844][182]LogModuleManager: Shutting down and abandoning module SSL (17)
[2017.01.13-04.10.05:849][182]LogModuleManager: Shutting down and abandoning module HTTP (16)
[2017.01.13-04.10.05:849][182]LogModuleManager: Shutting down and abandoning module XMPP (15)
[2017.01.13-04.10.05:852][182]LogModuleManager: Shutting down and abandoning module TextureCompressor (14)
[2017.01.13-04.10.05:853][182]LogModuleManager: Shutting down and abandoning module ShaderCore (13)
[2017.01.13-04.10.05:853][182]LogModuleManager: Shutting down and abandoning module Landscape (12)
[2017.01.13-04.10.05:853][182]LogModuleManager: Shutting down and abandoning module SlateRHIRenderer (11)
[2017.01.13-04.10.05:860][182]LogModuleManager: Shutting down and abandoning module OpenGLDrv (10)
[2017.01.13-04.10.05:861][182]LogModuleManager: Shutting down and abandoning module D3D11RHI (9)
[2017.01.13-04.10.05:861][182]LogModuleManager: Shutting down and abandoning module AnimGraphRuntime (8)
[2017.01.13-04.10.05:861][182]LogModuleManager: Shutting down and abandoning module Renderer (7)
[2017.01.13-04.10.05:862][182]LogModuleManager: Shutting down and abandoning module Engine (6)
[2017.01.13-04.10.05:862][182]LogModuleManager: Shutting down and abandoning module CoreUObject (5)
[2017.01.13-04.10.05:862][182]LogModuleManager: Shutting down and abandoning module NetworkFile (4)
[2017.01.13-04.10.05:862][182]LogModuleManager: Shutting down and abandoning module StreamingFile (3)
[2017.01.13-04.10.05:862][182]LogModuleManager: Shutting down and abandoning module SandboxFile (2)
[2017.01.13-04.10.05:862][182]LogModuleManager: Shutting down and abandoning module PakFile (1)
[2017.01.13-04.10.05:866][182]LogExit: Exiting.
[2017.01.13-04.10.05:868][182]Log file closed, 01/13/17 12:10:05
