Log file open, 01/13/17 15:07:23
LogInit:Display: Running engine for game: aliluyaOVO
LogPlatformFile: Not using cached read wrapper
LogInit:Display: RandInit(120896251) SRandInit(120896251).
LogTaskGraph: Started task graph with 5 named threads and 6 total threads with 1 sets of task threads.
LogStats: Stats thread started at 0.105629
LogPluginManager: Loaded Plugin Paper2D, From C:/Program Files (x86)/Epic Games/4.14/Engine/Plugins/2D/Paper2D/Paper2D.uplugin
LogPluginManager: Loaded Plugin LightPropagationVolume, From C:/Program Files (x86)/Epic Games/4.14/Engine/Plugins/Blendables/LightPropagationVolume/LightPropagationVolume.uplugin
LogPluginManager: Loaded Plugin BlankPlugin, From C:/Program Files (x86)/Epic Games/4.14/Engine/Plugins/Developer/BlankPlugin/BlankPlugin.uplugin
LogPluginManager: Loaded Plugin CodeLiteSourceCodeAccess, From C:/Program Files (x86)/Epic Games/4.14/Engine/Plugins/Developer/CodeLiteSourceCodeAccess/CodeLiteSourceCodeAccess.uplugin
LogPluginManager: Loaded Plugin GitSourceControl, From C:/Program Files (x86)/Epic Games/4.14/Engine/Plugins/Developer/GitSourceControl/GitSourceControl.uplugin
LogPluginManager: Loaded Plugin KDevelopSourceCodeAccess, From C:/Program Files (x86)/Epic Games/4.14/Engine/Plugins/Developer/KDevelopSourceCodeAccess/KDevelopSourceCodeAccess.uplugin
LogPluginManager: Loaded Plugin NullSourceCodeAccess, From C:/Program Files (x86)/Epic Games/4.14/Engine/Plugins/Developer/NullSourceCodeAccess/NullSourceCodeAccess.uplugin
LogPluginManager: Loaded Plugin OneSkyLocalizationService, From C:/Program Files (x86)/Epic Games/4.14/Engine/Plugins/Developer/OneSkyLocalizationService/OneSkyLocalizationService.uplugin
LogPluginManager: Loaded Plugin PerforceSourceControl, From C:/Program Files (x86)/Epic Games/4.14/Engine/Plugins/Developer/PerforceSourceControl/PerforceSourceControl.uplugin
LogPluginManager: Loaded Plugin SubversionSourceControl, From C:/Program Files (x86)/Epic Games/4.14/Engine/Plugins/Developer/SubversionSourceControl/SubversionSourceControl.uplugin
LogPluginManager: Loaded Plugin UObjectPlugin, From C:/Program Files (x86)/Epic Games/4.14/Engine/Plugins/Developer/UObjectPlugin/UObjectPlugin.uplugin
LogPluginManager: Loaded Plugin VisualStudioSourceCodeAccess, From C:/Program Files (x86)/Epic Games/4.14/Engine/Plugins/Developer/VisualStudioSourceCodeAccess/VisualStudioSourceCodeAccess.uplugin
LogPluginManager: Loaded Plugin XCodeSourceCodeAccess, From C:/Program Files (x86)/Epic Games/4.14/Engine/Plugins/Developer/XCodeSourceCodeAccess/XCodeSourceCodeAccess.uplugin
LogPluginManager: Loaded Plugin AudioCapture, From C:/Program Files (x86)/Epic Games/4.14/Engine/Plugins/Editor/AudioCapture/AudioCapture.uplugin
LogPluginManager: Loaded Plugin EpicSurvey, From C:/Program Files (x86)/Epic Games/4.14/Engine/Plugins/Editor/EpicSurvey/EpicSurvey.uplugin
LogPluginManager: Loaded Plugin MacGraphicsSwitching, From C:/Program Files (x86)/Epic Games/4.14/Engine/Plugins/Editor/MacGraphicsSwitching/MacGraphicsSwitching.uplugin
LogPluginManager: Loaded Plugin MobileLauncherProfileWizard, From C:/Program Files (x86)/Epic Games/4.14/Engine/Plugins/Editor/MobileLauncherProfileWizard/MobileLauncherProfileWizard.uplugin
LogPluginManager: Loaded Plugin PluginBrowser, From C:/Program Files (x86)/Epic Games/4.14/Engine/Plugins/Editor/PluginBrowser/PluginBrowser.uplugin
LogPluginManager: Loaded Plugin SpeedTreeImporter, From C:/Program Files (x86)/Epic Games/4.14/Engine/Plugins/Editor/SpeedTreeImporter/SpeedTreeImporter.uplugin
LogPluginManager: Loaded Plugin SuperSearchEditor, From C:/Program Files (x86)/Epic Games/4.14/Engine/Plugins/Editor/SuperSearchEditor/SuperSearchEditor.uplugin
LogPluginManager: Loaded Plugin AlembicImporter, From C:/Program Files (x86)/Epic Games/4.14/Engine/Plugins/Experimental/AlembicImporter/AlembicImporter.uplugin
LogPluginManager: Loaded Plugin BlueprintStats, From C:/Program Files (x86)/Epic Games/4.14/Engine/Plugins/Experimental/BlueprintStats/BlueprintStats.uplugin
LogPluginManager: Loaded Plugin CharacterAI, From C:/Program Files (x86)/Epic Games/4.14/Engine/Plugins/Experimental/CharacterAI/CharacterAI.uplugin
LogPluginManager: Loaded Plugin CodeEditor, From C:/Program Files (x86)/Epic Games/4.14/Engine/Plugins/Experimental/CodeEditor/CodeEditor.uplugin
LogPluginManager: Loaded Plugin CodeView, From C:/Program Files (x86)/Epic Games/4.14/Engine/Plugins/Experimental/CodeView/CodeView.uplugin
LogPluginManager: Loaded Plugin HTML5Networking, From C:/Program Files (x86)/Epic Games/4.14/Engine/Plugins/Experimental/HTML5Networking/HTML5Networking.uplugin
LogPluginManager: Loaded Plugin OSVR, From C:/Program Files (x86)/Epic Games/4.14/Engine/Plugins/Experimental/OSVR/OSVR.uplugin
LogPluginManager: Loaded Plugin Phya, From C:/Program Files (x86)/Epic Games/4.14/Engine/Plugins/Experimental/Phya/Phya.uplugin
LogPluginManager: Loaded Plugin SignificanceManager, From C:/Program Files (x86)/Epic Games/4.14/Engine/Plugins/Experimental/SignificanceManager/SignificanceManager.uplugin
LogPluginManager: Loaded Plugin SimpleHMD, From C:/Program Files (x86)/Epic Games/4.14/Engine/Plugins/Experimental/SimpleHMD/SimpleHMD.uplugin
LogPluginManager: Loaded Plugin StereoPanorama, From C:/Program Files (x86)/Epic Games/4.14/Engine/Plugins/Experimental/StereoPanorama/StereoPanorama.uplugin
LogPluginManager: Loaded Plugin StructBox, From C:/Program Files (x86)/Epic Games/4.14/Engine/Plugins/Experimental/StructBox/StructBox.uplugin
LogPluginManager: Loaded Plugin AndroidMedia, From C:/Program Files (x86)/Epic Games/4.14/Engine/Plugins/Media/AndroidMedia/AndroidMedia.uplugin
LogPluginManager: Loaded Plugin AvfMedia, From C:/Program Files (x86)/Epic Games/4.14/Engine/Plugins/Media/AvfMedia/AvfMedia.uplugin
LogPluginManager: Loaded Plugin MediaPlayerEditor, From C:/Program Files (x86)/Epic Games/4.14/Engine/Plugins/Media/MediaPlayerEditor/MediaPlayerEditor.uplugin
LogPluginManager: Loaded Plugin WmfMedia, From C:/Program Files (x86)/Epic Games/4.14/Engine/Plugins/Media/WmfMedia/WmfMedia.uplugin
LogPluginManager: Loaded Plugin MessagingDebugger, From C:/Program Files (x86)/Epic Games/4.14/Engine/Plugins/Messaging/MessagingDebugger/MessagingDebugger.uplugin
LogPluginManager: Loaded Plugin TcpMessaging, From C:/Program Files (x86)/Epic Games/4.14/Engine/Plugins/Messaging/TcpMessaging/TcpMessaging.uplugin
LogPluginManager: Loaded Plugin UdpMessaging, From C:/Program Files (x86)/Epic Games/4.14/Engine/Plugins/Messaging/UdpMessaging/UdpMessaging.uplugin
LogPluginManager: Loaded Plugin LevelSequenceEditor, From C:/Program Files (x86)/Epic Games/4.14/Engine/Plugins/MovieScene/LevelSequenceEditor/LevelSequenceEditor.uplugin
LogPluginManager: Loaded Plugin MatineeToLevelSequence, From C:/Program Files (x86)/Epic Games/4.14/Engine/Plugins/MovieScene/MatineeToLevelSequence/MatineeToLevelSequence.uplugin
LogPluginManager: Loaded Plugin NetcodeUnitTest, From C:/Program Files (x86)/Epic Games/4.14/Engine/Plugins/NetcodeUnitTest/NetcodeUnitTest/NetcodeUnitTest.uplugin
LogPluginManager: Loaded Plugin NUTUnrealEngine4, From C:/Program Files (x86)/Epic Games/4.14/Engine/Plugins/NetcodeUnitTest/NUTUnrealEngine4/NUTUnrealEngine4.uplugin
LogPluginManager: Loaded Plugin OnlineSubsystemGameCircle, From C:/Program Files (x86)/Epic Games/4.14/Engine/Plugins/Online/Android/OnlineSubsystemGameCircle/OnlineSubsystemGameCircle.uplugin
LogPluginManager: Loaded Plugin OnlineSubsystemGooglePlay, From C:/Program Files (x86)/Epic Games/4.14/Engine/Plugins/Online/Android/OnlineSubsystemGooglePlay/OnlineSubsystemGooglePlay.uplugin
LogPluginManager: Loaded Plugin OnlineSubsystemIOS, From C:/Program Files (x86)/Epic Games/4.14/Engine/Plugins/Online/IOS/OnlineSubsystemIOS/OnlineSubsystemIOS.uplugin
LogPluginManager: Loaded Plugin OnlineFramework, From C:/Program Files (x86)/Epic Games/4.14/Engine/Plugins/Online/OnlineFramework/OnlineFramework.uplugin
LogPluginManager: Loaded Plugin OnlineSubsystem, From C:/Program Files (x86)/Epic Games/4.14/Engine/Plugins/Online/OnlineSubsystem/OnlineSubsystem.uplugin
LogPluginManager: Loaded Plugin OnlineSubsystemAmazon, From C:/Program Files (x86)/Epic Games/4.14/Engine/Plugins/Online/OnlineSubsystemAmazon/OnlineSubsystemAmazon.uplugin
LogPluginManager: Loaded Plugin OnlineSubsystemFacebook, From C:/Program Files (x86)/Epic Games/4.14/Engine/Plugins/Online/OnlineSubsystemFacebook/OnlineSubsystemFacebook.uplugin
LogPluginManager: Loaded Plugin OnlineSubsystemNull, From C:/Program Files (x86)/Epic Games/4.14/Engine/Plugins/Online/OnlineSubsystemNull/OnlineSubsystemNull.uplugin
LogPluginManager: Loaded Plugin OnlineSubsystemOculus, From C:/Program Files (x86)/Epic Games/4.14/Engine/Plugins/Online/OnlineSubsystemOculus/OnlineSubsystemOculus.uplugin
LogPluginManager: Loaded Plugin OnlineSubsystemSteam, From C:/Program Files (x86)/Epic Games/4.14/Engine/Plugins/Online/OnlineSubsystemSteam/OnlineSubsystemSteam.uplugin
LogPluginManager: Loaded Plugin OnlineSubsystemUtils, From C:/Program Files (x86)/Epic Games/4.14/Engine/Plugins/Online/OnlineSubsystemUtils/OnlineSubsystemUtils.uplugin
LogPluginManager: Loaded Plugin IOSTapJoy, From C:/Program Files (x86)/Epic Games/4.14/Engine/Plugins/Runtime/Advertising/IOSTapJoy/IOSTapJoy.uplugin
LogPluginManager: Loaded Plugin AnalyticsBlueprintLibrary, From C:/Program Files (x86)/Epic Games/4.14/Engine/Plugins/Runtime/Analytics/AnalyticsBlueprintLibrary/AnalyticsBlueprintLibrary.uplugin
LogPluginManager: Loaded Plugin AnalyticsMulticast, From C:/Program Files (x86)/Epic Games/4.14/Engine/Plugins/Runtime/Analytics/AnalyticsMulticast/AnalyticsMulticast.uplugin
LogPluginManager: Loaded Plugin Apsalar, From C:/Program Files (x86)/Epic Games/4.14/Engine/Plugins/Runtime/Analytics/Apsalar/Apsalar.uplugin
LogPluginManager: Loaded Plugin FileLogging, From C:/Program Files (x86)/Epic Games/4.14/Engine/Plugins/Runtime/Analytics/FileLogging/FileLogging.uplugin
LogPluginManager: Loaded Plugin Flurry, From C:/Program Files (x86)/Epic Games/4.14/Engine/Plugins/Runtime/Analytics/Flurry/Flurry.uplugin
LogPluginManager: Loaded Plugin AndroidDeviceProfileSelector, From C:/Program Files (x86)/Epic Games/4.14/Engine/Plugins/Runtime/AndroidDeviceProfileSelector/AndroidDeviceProfileSelector.uplugin
LogPluginManager: Loaded Plugin AndroidMoviePlayer, From C:/Program Files (x86)/Epic Games/4.14/Engine/Plugins/Runtime/AndroidMoviePlayer/AndroidMoviePlayer.uplugin
LogPluginManager: Loaded Plugin AppleMoviePlayer, From C:/Program Files (x86)/Epic Games/4.14/Engine/Plugins/Runtime/AppleMoviePlayer/AppleMoviePlayer.uplugin
LogPluginManager: Loaded Plugin ArchVisCharacter, From C:/Program Files (x86)/Epic Games/4.14/Engine/Plugins/Runtime/ArchVisCharacter/ArchVisCharacter.uplugin
LogPluginManager: Loaded Plugin CableComponent, From C:/Program Files (x86)/Epic Games/4.14/Engine/Plugins/Runtime/CableComponent/CableComponent.uplugin
LogPluginManager: Loaded Plugin CustomMeshComponent, From C:/Program Files (x86)/Epic Games/4.14/Engine/Plugins/Runtime/CustomMeshComponent/CustomMeshComponent.uplugin
LogPluginManager: Loaded Plugin ExampleDeviceProfileSelector, From C:/Program Files (x86)/Epic Games/4.14/Engine/Plugins/Runtime/ExampleDeviceProfileSelector/ExampleDeviceProfileSelector.uplugin
LogPluginManager: Loaded Plugin GearVR, From C:/Program Files (x86)/Epic Games/4.14/Engine/Plugins/Runtime/GearVR/GearVR.uplugin
LogPluginManager: Loaded Plugin GoogleVRController, From C:/Program Files (x86)/Epic Games/4.14/Engine/Plugins/Runtime/GoogleVR/GoogleVRController/GoogleVRController.uplugin
LogPluginManager: Loaded Plugin GoogleVRHMD, From C:/Program Files (x86)/Epic Games/4.14/Engine/Plugins/Runtime/GoogleVR/GoogleVRHMD/GoogleVRHMD.uplugin
LogPluginManager: Loaded Plugin IOSDeviceProfileSelector, From C:/Program Files (x86)/Epic Games/4.14/Engine/Plugins/Runtime/IOSDeviceProfileSelector/IOSDeviceProfileSelector.uplugin
LogPluginManager: Loaded Plugin LeapMotion, From C:/Program Files (x86)/Epic Games/4.14/Engine/Plugins/Runtime/LeapMotion/LeapMotion.uplugin
LogPluginManager: Loaded Plugin LinuxDeviceProfileSelector, From C:/Program Files (x86)/Epic Games/4.14/Engine/Plugins/Runtime/LinuxDeviceProfileSelector/LinuxDeviceProfileSelector.uplugin
LogPluginManager: Loaded Plugin MIDIDevice, From C:/Program Files (x86)/Epic Games/4.14/Engine/Plugins/Runtime/MIDIDevice/MIDIDevice.uplugin
LogPluginManager: Loaded Plugin MobilePatchingUtils, From C:/Program Files (x86)/Epic Games/4.14/Engine/Plugins/Runtime/MobilePatchingUtils/MobilePatchingUtils.uplugin
LogPluginManager: Loaded Plugin Ansel, From C:/Program Files (x86)/Epic Games/4.14/Engine/Plugins/Runtime/Nvidia/Ansel/Ansel.uplugin
LogPluginManager: Loaded Plugin OculusAudio, From C:/Program Files (x86)/Epic Games/4.14/Engine/Plugins/Runtime/OculusAudio/OculusAudio.uplugin
LogPluginManager: Loaded Plugin OculusInput, From C:/Program Files (x86)/Epic Games/4.14/Engine/Plugins/Runtime/OculusInput/OculusInput.uplugin
LogPluginManager: Loaded Plugin OculusLibrary, From C:/Program Files (x86)/Epic Games/4.14/Engine/Plugins/Runtime/OculusLibrary/OculusLibrary.uplugin
LogPluginManager: Loaded Plugin OculusRift, From C:/Program Files (x86)/Epic Games/4.14/Engine/Plugins/Runtime/OculusRift/OculusRift.uplugin
LogPluginManager: Loaded Plugin Oodle, From C:/Program Files (x86)/Epic Games/4.14/Engine/Plugins/Runtime/PacketHandlers/CompressionComponents/Oodle/Oodle.uplugin
LogPluginManager: Loaded Plugin ProceduralMeshComponent, From C:/Program Files (x86)/Epic Games/4.14/Engine/Plugins/Runtime/ProceduralMeshComponent/ProceduralMeshComponent.uplugin
LogPluginManager: Loaded Plugin SoundMod, From C:/Program Files (x86)/Epic Games/4.14/Engine/Plugins/Runtime/SoundMod/SoundMod.uplugin
LogPluginManager: Loaded Plugin SoundVisualizations, From C:/Program Files (x86)/Epic Games/4.14/Engine/Plugins/Runtime/SoundVisualizations/SoundVisualizations.uplugin
LogPluginManager: Loaded Plugin SteamController, From C:/Program Files (x86)/Epic Games/4.14/Engine/Plugins/Runtime/Steam/SteamController/SteamController.uplugin
LogPluginManager: Loaded Plugin SteamVR, From C:/Program Files (x86)/Epic Games/4.14/Engine/Plugins/Runtime/Steam/SteamVR/SteamVR.uplugin
LogPluginManager: Loaded Plugin WebBrowserWidget, From C:/Program Files (x86)/Epic Games/4.14/Engine/Plugins/Runtime/WebBrowserWidget/WebBrowserWidget.uplugin
LogPluginManager: Loaded Plugin WindowsDeviceProfileSelector, From C:/Program Files (x86)/Epic Games/4.14/Engine/Plugins/Runtime/WindowsDeviceProfileSelector/WindowsDeviceProfileSelector.uplugin
LogPluginManager: Loaded Plugin WindowsMoviePlayer, From C:/Program Files (x86)/Epic Games/4.14/Engine/Plugins/Runtime/WindowsMoviePlayer/WindowsMoviePlayer.uplugin
LogPluginManager: Loaded Plugin ScriptPlugin, From C:/Program Files (x86)/Epic Games/4.14/Engine/Plugins/ScriptPlugin/ScriptPlugin.uplugin
LogPluginManager: Loaded Plugin SlateRemote, From C:/Program Files (x86)/Epic Games/4.14/Engine/Plugins/Slate/SlateRemote/SlateRemote.uplugin
LogPluginManager: Loaded Plugin EditorTests, From C:/Program Files (x86)/Epic Games/4.14/Engine/Plugins/Tests/EditorTests/EditorTests.uplugin
LogPluginManager: Loaded Plugin FbxAutomationTestBuilder, From C:/Program Files (x86)/Epic Games/4.14/Engine/Plugins/Tests/FbxAutomationTestBuilder/FbxAutomationTestBuilder.uplugin
LogPluginManager: Loaded Plugin FunctionalTestingEditor, From C:/Program Files (x86)/Epic Games/4.14/Engine/Plugins/Tests/FunctionalTestingEditor/FunctionalTestingEditor.uplugin
LogPluginManager: Loaded Plugin RuntimeTests, From C:/Program Files (x86)/Epic Games/4.14/Engine/Plugins/Tests/RuntimeTests/RuntimeTests.uplugin
LogPluginManager: Loaded Plugin ScreenshotTools, From C:/Program Files (x86)/Epic Games/4.14/Engine/Plugins/Tests/ScreenshotTools/ScreenshotTools.uplugin
LogInit: Using libcurl 7.47.1
LogInit:  - built for x86_64-pc-win32
LogInit:  - supports SSL with OpenSSL/1.0.2g
LogInit:  - supports HTTP deflate (compression) using libz 1.2.8
LogInit:  - other features:
LogInit:      CURL_VERSION_SSL
LogInit:      CURL_VERSION_LIBZ
LogInit:      CURL_VERSION_IPV6
LogInit:      CURL_VERSION_ASYNCHDNS
LogInit:      CURL_VERSION_LARGEFILE
LogInit:      CURL_VERSION_IDN
LogInit:  CurlRequestOptions (configurable via config and command line):
LogInit:  - bVerifyPeer = false  - Libcurl will NOT verify peer certificate
LogInit:  - bUseHttpProxy = false  - Libcurl will NOT use HTTP proxy
LogInit:  - bDontReuseConnections = false  - Libcurl will reuse connections
LogInit:  - CertBundlePath = nullptr  - Libcurl will use whatever was configured at build time.
LogInit: Build: ++UE4+Release-4.14-CL-3249277
LogInit: Engine Version: 4.14.3-3249277+++UE4+Release-4.14
LogInit: Compatible Engine Version: 4.14.0-3195953+++UE4+Release-4.14
LogInit: Net CL: 3195953
LogDevObjectVersion: Number of dev versions registered: 13
LogDevObjectVersion:   Dev-Blueprints (B0D832E4-1F89-4F0D-ACCF-7EB736FD4AA2): 7
LogDevObjectVersion:   Dev-Build (E1C64328-A22C-4D53-A36C-8E866417BD8C): 0
LogDevObjectVersion:   Dev-Core (375EC13C-06E4-48FB-B500-84F0262A717E): 1
LogDevObjectVersion:   Dev-Editor (E4B068ED-F494-42E9-A231-DA0B2E46BB41): 8
LogDevObjectVersion:   Dev-Framework (CFFC743F-43B0-4480-9391-14DF171D2073): 17
LogDevObjectVersion:   Dev-Mobile (B02B49B5-BB20-44E9-A304-32B752E40360): 0
LogDevObjectVersion:   Dev-Networking (A4E4105C-59A1-49B5-A7C5-40C4547EDFEE): 0
LogDevObjectVersion:   Dev-Online (39C831C9-5AE6-47DC-9A44-9C173E1C8E7C): 0
LogDevObjectVersion:   Dev-Physics (78F01B33-EBEA-4F98-B9B4-84EACCB95AA2): 0
LogDevObjectVersion:   Dev-Platform (6631380F-2D4D-43E0-8009-CF276956A95A): 0
LogDevObjectVersion:   Dev-Rendering (12F88B9F-8875-4AFC-A67C-D90C383ABD29): 12
LogDevObjectVersion:   Dev-Sequencer (7B5AE74C-D270-4C10-A958-57980B212A5A): 1
LogDevObjectVersion:   Dev-VR (D7296918-1DD6-4BDD-9DE2-64A83CC13884): 0
LogInit: Compiled (64-bit): Jan  6 2017 10:49:43
LogInit: Compiled with Visual C++: 19.00.23026.00
LogInit: Build Configuration: Development
LogInit: Branch Name: ++UE4+Release-4.14
LogInit: Command line:  
LogInit: Base directory: C:/Program Files (x86)/Epic Games/4.14/Engine/Binaries/Win64/
LogInit: Installed Engine Build: 1
LogInit: Presizing for max 8388607 objects, including 0 objects not considered by GC, pre-allocating 0 bytes for permanent pool.
LogInit: Object subsystem initialized
[2017.01.13-07.07.23:587][  0]LogInit: Selected Device Profile: [Windows]
[2017.01.13-07.07.23:587][  0]LogInit: Applying CVar settings loaded from the selected device profile: [Windows]
[2017.01.13-07.07.23:595][  0]LogInit: Computer: X6X8-20160115BT
[2017.01.13-07.07.23:595][  0]LogInit: User: Administrator
[2017.01.13-07.07.23:595][  0]LogInit: CPU Page size=65536, Cores=2
[2017.01.13-07.07.23:595][  0]LogInit: High frequency timer resolution =2.533251 MHz
[2017.01.13-07.07.23:595][  0]LogMemory: Memory total: Physical=3.7GB (4GB approx)
[2017.01.13-07.07.23:595][  0]LogMemory: Platform Memory Stats for Windows
[2017.01.13-07.07.23:595][  0]LogMemory: Process Physical Memory: 265.46 MB used, 265.46 MB peak
[2017.01.13-07.07.23:595][  0]LogMemory: Process Virtual Memory: 264.34 MB used, 264.34 MB peak
[2017.01.13-07.07.23:595][  0]LogMemory: Physical Memory: 2239.52 MB used,  1577.38 MB free, 3816.90 MB total
[2017.01.13-07.07.23:595][  0]LogMemory: Virtual Memory: 662.28 MB used,  1577.38 MB free, 8388608.00 MB total
[2017.01.13-07.07.23:712][  0]LogTextLocalizationManager:Warning: Loaded localization resources contain conflicting entries for (Namespace:UObjectToolTips, Key:AnimNode_AssetPlayerBase:InternalTimeAccumulator):
Localization Resource: (C:/Program Files (x86)/Epic Games/4.14/Engine/Content/Localization/EditorTutorials/zh-CN/EditorTutorials.locres) Source String Hash: (502993589) Localized String: (用于引用此节点中的资源的累积时间)
Localization Resource: (C:/Program Files (x86)/Epic Games/4.14/Engine/Content/Localization/Engine/zh-CN/Engine.locres) Source String Hash: (502993589) Localized String: (引用该节点中资源所用的累计时间)
[2017.01.13-07.07.23:712][  0]LogTextLocalizationManager:Warning: Loaded localization resources contain conflicting entries for (Namespace:UObjectToolTips, Key:AnimNode_AssetPlayerBase:bIgnoreForRelevancyTest):
Localization Resource: (C:/Program Files (x86)/Epic Games/4.14/Engine/Content/Localization/EditorTutorials/zh-CN/EditorTutorials.locres) Source String Hash: (319969718) Localized String: (若为真，在状态中寻找最高权重动画的“相关动画”节点将忽视 此节点)
Localization Resource: (C:/Program Files (x86)/Epic Games/4.14/Engine/Content/Localization/Engine/zh-CN/Engine.locres) Source String Hash: (319969718) Localized String: (如果为真，那么将会忽略查找最高权重动画的"相关动画"节点。
这个节点)
[2017.01.13-07.07.23:712][  0]LogTextLocalizationManager:Warning: Loaded localization resources contain conflicting entries for (Namespace:UObjectToolTips, Key:AnimNode_AssetPlayerBase:BlendWeight):
Localization Resource: (C:/Program Files (x86)/Epic Games/4.14/Engine/Content/Localization/EditorTutorials/zh-CN/EditorTutorials.locres) Source String Hash: (-1232800293) Localized String: (此节点最后交会的混合权重)
Localization Resource: (C:/Program Files (x86)/Epic Games/4.14/Engine/Content/Localization/Engine/zh-CN/Engine.locres) Source String Hash: (-1232800293) Localized String: (该节点上一次遇到的混合权重)
[2017.01.13-07.07.24:086][  0]LogD3D11RHI: D3D11 adapters:
[2017.01.13-07.07.24:122][  0]LogD3D11RHI:    0. 'NVIDIA GeForce GT 720M' (Feature Level 11_0)
[2017.01.13-07.07.24:122][  0]LogD3D11RHI:       978/0/1652 MB DedicatedVideo/DedicatedSystem/SharedSystem, Outputs:1, VendorId:0x10de
[2017.01.13-07.07.24:143][  0]LogD3D11RHI:    1. 'NVIDIA GeForce GT 720M' (Feature Level 11_0)
[2017.01.13-07.07.24:143][  0]LogD3D11RHI:       978/0/1652 MB DedicatedVideo/DedicatedSystem/SharedSystem, Outputs:0, VendorId:0x10de
[2017.01.13-07.07.24:143][  0]LogD3D11RHI: Chosen D3D11 Adapter: 0
[2017.01.13-07.07.24:150][  0]LogD3D11RHI: Creating new Direct3DDevice
[2017.01.13-07.07.24:150][  0]LogD3D11RHI:     GPU DeviceId: 0x1140 (for the marketing name, search the web for "GPU Device Id")
[2017.01.13-07.07.24:150][  0]LogWindows: EnumDisplayDevices:
[2017.01.13-07.07.24:151][  0]LogWindows:    0. 'Intel(R) HD Graphics 4600' (P:1 D:1)
[2017.01.13-07.07.24:151][  0]LogWindows:    1. 'Intel(R) HD Graphics 4600' (P:0 D:0)
[2017.01.13-07.07.24:151][  0]LogWindows:    2. 'Intel(R) HD Graphics 4600' (P:0 D:0)
[2017.01.13-07.07.24:152][  0]LogWindows:    3. 'NVIDIA GeForce GT 720M' (P:0 D:0)
[2017.01.13-07.07.24:152][  0]LogWindows:    4. 'RDPDD Chained DD' (P:0 D:0)
[2017.01.13-07.07.24:152][  0]LogWindows:    5. 'RDP Encoder Mirror Driver' (P:0 D:0)
[2017.01.13-07.07.24:152][  0]LogWindows:    6. 'RDP Reflector Display Driver' (P:0 D:0)
[2017.01.13-07.07.24:153][  0]LogWindows: DebugString: PrimaryIsNotTheChoosenAdapter PrimaryIsNotTheChoosenAdapter PrimaryIsNotTheChoosenAdapter GetVideoDriverDetailsInvalid PrimaryIsNotTheChoosenAdapter GetVideoDriverDetailsInvalid PrimaryIsNotTheChoosenAdapter GetVideoDriverDetailsInvalid PrimaryIsNotTheChoosenAdapter 
[2017.01.13-07.07.24:153][  0]LogD3D11RHI:     Adapter Name: NVIDIA GeForce GT 720M
[2017.01.13-07.07.24:153][  0]LogD3D11RHI:   Driver Version: 369.59 (internal:21.21.13.6959, unified:369.59)
[2017.01.13-07.07.24:153][  0]LogD3D11RHI:      Driver Date: 10-18-2016
[2017.01.13-07.07.24:153][  0]LogRHI: Texture pool is 685 MB (70% of 978 MB)
[2017.01.13-07.07.24:175][  0]LogD3D11RHI:Warning: Timestamp queries are currently disabled on this hardware due to instability. Realtime GPU stats will not be available. You can override this behaviour by setting r.NVIDIATimestampWorkaround to 0
[2017.01.13-07.07.24:175][  0]LogD3D11RHI: Async texture creation enabled
[2017.01.13-07.07.24:190][  0]LogD3D11RHI: GPU Timing Frequency: 1000.000000 (Debug: 2 2)
[2017.01.13-07.07.24:190][  0]LogShaderCompilers: Guid format shader working directory is 25 characters bigger than the processId version (D:/zuoye1/ALILUYA1/aliluyaOVO/Intermediate/Shaders/WorkingDirectory/1524/).
[2017.01.13-07.07.24:190][  0]LogShaderCompilers: Cleaned the shader compiler working directory 'C:/Users/Administrator/AppData/Local/Temp/UnrealShaderWorkingDir/BE543B654BA95991F209549D338767EF/'.
[2017.01.13-07.07.24:190][  0]LogShaderCompilers:Display: Using Local Shader Compiler.
[2017.01.13-07.07.27:350][  0]LogTemp:Display: Loaded TP AllDesktopTargetPlatform
[2017.01.13-07.07.27:403][  0]LogTemp:Display: Loaded TP MacClientTargetPlatform
[2017.01.13-07.07.27:455][  0]LogTemp:Display: Loaded TP MacNoEditorTargetPlatform
[2017.01.13-07.07.27:508][  0]LogTemp:Display: Loaded TP MacServerTargetPlatform
[2017.01.13-07.07.27:560][  0]LogTemp:Display: Loaded TP MacTargetPlatform
[2017.01.13-07.07.27:612][  0]LogTemp:Display: Loaded TP WindowsClientTargetPlatform
[2017.01.13-07.07.27:665][  0]LogTemp:Display: Loaded TP WindowsNoEditorTargetPlatform
[2017.01.13-07.07.27:717][  0]LogTemp:Display: Loaded TP WindowsServerTargetPlatform
[2017.01.13-07.07.27:758][  0]LogTemp:Display: Loaded TP WindowsTargetPlatform
[2017.01.13-07.07.27:809][  0]LogTemp:Display: Loaded TP AndroidTargetPlatform
[2017.01.13-07.07.27:860][  0]LogTemp:Display: Loaded TP Android_ASTCTargetPlatform
[2017.01.13-07.07.27:911][  0]LogTemp:Display: Loaded TP Android_ATCTargetPlatform
[2017.01.13-07.07.27:963][  0]LogTemp:Display: Loaded TP Android_DXTTargetPlatform
[2017.01.13-07.07.28:015][  0]LogTemp:Display: Loaded TP Android_ETC1TargetPlatform
[2017.01.13-07.07.28:068][  0]LogTemp:Display: Loaded TP Android_ETC2TargetPlatform
[2017.01.13-07.07.28:169][  0]LogTemp:Display: Loaded TP Android_MultiTargetPlatform
[2017.01.13-07.07.28:169][  0]LogTemp:Display: Loaded TP Android_PVRTCTargetPlatform
[2017.01.13-07.07.28:202][  0]LogTemp:Display: Loaded TP HTML5TargetPlatform
[2017.01.13-07.07.28:280][  0]LogTemp:Display: Loaded TP IOSTargetPlatform
[2017.01.13-07.07.28:318][  0]LogTemp:Display: Loaded TP TVOSTargetPlatform
[2017.01.13-07.07.28:370][  0]LogTemp:Display: Loaded TP LinuxClientTargetPlatform
[2017.01.13-07.07.28:420][  0]LogTemp:Display: Loaded TP LinuxNoEditorTargetPlatform
[2017.01.13-07.07.28:470][  0]LogTemp:Display: Loaded TP LinuxServerTargetPlatform
[2017.01.13-07.07.28:523][  0]LogTemp:Display: Loaded TP LinuxTargetPlatform
[2017.01.13-07.07.28:523][  0]LogTargetPlatformManager:Display: Building Assets For Windows
[2017.01.13-07.07.28:875][  0]LogDerivedDataCache:Display: Max Cache Size: 512 MB
[2017.01.13-07.07.29:110][  0]LogDerivedDataCache: Loaded boot cache 0.23s 51MB C:/Users/Administrator/AppData/Local/UnrealEngine/4.14/DerivedDataCache/Boot.ddc.
[2017.01.13-07.07.29:110][  0]LogDerivedDataCache:Display: Loaded Boot cache: C:/Users/Administrator/AppData/Local/UnrealEngine/4.14/DerivedDataCache/Boot.ddc
[2017.01.13-07.07.29:110][  0]LogDerivedDataCache: FDerivedDataBackendGraph:  Pak pak cache file D:/zuoye1/ALILUYA1/aliluyaOVO/DerivedDataCache/DDC.ddp not found, will not use a pak cache.
[2017.01.13-07.07.29:110][  0]LogDerivedDataCache: Unable to find inner node Pak for hierarchical cache Hierarchy.
[2017.01.13-07.07.29:110][  0]LogDerivedDataCache: FDerivedDataBackendGraph:  CompressedPak pak cache file D:/zuoye1/ALILUYA1/aliluyaOVO/DerivedDataCache/Compressed.ddp not found, will not use a pak cache.
[2017.01.13-07.07.29:110][  0]LogDerivedDataCache: Unable to find inner node CompressedPak for hierarchical cache Hierarchy.
[2017.01.13-07.07.29:127][  0]LogDerivedDataCache:Display: Pak cache opened for reading ../../../Engine/DerivedDataCache/Compressed.ddp.
[2017.01.13-07.07.29:139][  0]LogDerivedDataCache: Using Local data cache path C:/Users/Administrator/AppData/Local/UnrealEngine/Common/DerivedDataCache: Writable
[2017.01.13-07.07.29:354][  0]LogInit: Selected Device Profile: [Windows]
[2017.01.13-07.07.29:358][  0]LogContentStreaming: Texture pool size is 0.00 MB
[2017.01.13-07.07.29:563][  0]LogMeshUtilities: Using QuadricMeshReduction for automatic static mesh reduction
[2017.01.13-07.07.29:603][  0]LogSimplygon: Simplygon DLL not present - disabling.
[2017.01.13-07.07.29:641][  0]LogMeshUtilities: Using SimplygonSwarm for distributed automatic mesh merging
[2017.01.13-07.07.29:641][  0]LogMeshUtilities: No automatic skeletal mesh reduction module available
[2017.01.13-07.07.29:641][  0]LogMeshUtilities: No automatic mesh merging module available
[2017.01.13-07.07.30:163][  0]LogNetVersion: GetLocalNetworkVersion: CL: 3195953, ProjectName: aliluyaovo, ProjectVersion: , EngineNetworkVersion: 2, GameNetworkVersion: 0, NetworkChecksum: 3199669633
[2017.01.13-07.07.30:217][  0]LogAssetRegistry: FAssetRegistry took 0.0201 seconds to start up
[2017.01.13-07.07.30:285][  0]LogPackageLocalizationCache: Processed 3 localized package path(s) for 4 prioritized culture(s) in 0.045393 seconds
[2017.01.13-07.07.30:292][  0]LogUObjectArray: 31946 objects as part of root set at end of initial load.
[2017.01.13-07.07.30:292][  0]LogUObjectAllocator: 6935848 out of 0 bytes used by permanent object pool.
[2017.01.13-07.07.30:292][  0]LogUObjectArray: CloseDisregardForGC: 0/0 objects in disregard for GC pool
[2017.01.13-07.07.30:354][  0]LogInit: WinSock: version 1.1 (2.2), MaxSocks=32767, MaxUdp=65467
[2017.01.13-07.07.30:992][  0]LogSlate: Using Freetype 2.6.0
[2017.01.13-07.07.30:993][  0]LogSlate: SlateFontCache - WITH_FREETYPE: 1, WITH_HARFBUZZ: 1
[2017.01.13-07.07.30:993][  0]LogSlate: SlateFontCache - WITH_FREETYPE: 1, WITH_HARFBUZZ: 1
[2017.01.13-07.07.31:713][  0]LogTcpMessaging: Initializing TcpMessaging bridge
[2017.01.13-07.07.31:746][  0]LogUdpMessaging: Initializing bridge on interface 0.0.0.0:0 to multicast group 230.0.0.1:6666.
[2017.01.13-07.07.32:353][  0]LogMaterial: Uniform references updated for custom material expression Custom.
[2017.01.13-07.07.32:712][  0]SourceControl: 信息 源码控制已禁用
[2017.01.13-07.07.32:758][  0]SourceControl: 信息 源码控制已禁用
[2017.01.13-07.07.32:798][  0]SourceControl: 信息 源码控制已禁用
[2017.01.13-07.07.32:838][  0]SourceControl: 信息 源码控制已禁用
[2017.01.13-07.07.33:952][  0]LogEngine: Initializing Engine...
[2017.01.13-07.07.33:953][  0]LogHMD: Failed to initialize OpenVR with code 110
[2017.01.13-07.07.34:189][  0]LogAIModule: Creating AISystem for world Untitled
[2017.01.13-07.07.34:207][  0]LogInit: XAudio2 using '喇叭/耳机 (Realtek High Definition Audio)' : 2 channels at 48 kHz using 32 bits per sample (channel mask 0x3)
[2017.01.13-07.07.34:260][  0]LogInit: FAudioDevice initialized.
[2017.01.13-07.07.34:294][  0]LogDerivedDataCache: Saved boot cache 0.03s 51MB C:/Users/Administrator/AppData/Local/UnrealEngine/4.14/DerivedDataCache/Boot.ddc.
[2017.01.13-07.07.34:302][  0]LogInit: Texture streaming: Enabled
[2017.01.13-07.07.34:514][  0]LogInit: Transaction tracking system initialized
[2017.01.13-07.07.34:885][  0]BlueprintLog: New page: 编辑器加载
[2017.01.13-07.07.35:950][  0]LocalizationService: 信息 本地化服务已被禁用
[2017.01.13-07.07.36:648][  0]LogConsoleResponse:Display: 
[2017.01.13-07.07.36:829][  0]LogCook:Display: Max memory allowance for cook 16384mb min free memory 0mb
[2017.01.13-07.07.36:829][  0]LogCook:Display: Mobile HDR setting 1
[2017.01.13-07.07.37:726][  0]LogFileCache: Scanning file cache for directory 'D:/zuoye1/ALILUYA1/aliluyaOVO/Content/' took 0.02s
[2017.01.13-07.07.37:767][  0]SourceControl: 信息 源码控制已禁用
[2017.01.13-07.07.37:767][  0]Cmd: MAP LOAD FILE="D:/zuoye1/ALILUYA1/aliluyaOVO/Content/FirstPersonCPP/Maps/FirstPersonExampleMap.umap" TEMPLATE=0 SHOWPROGRESS=1 FEATURELEVEL=3
[2017.01.13-07.07.37:767][  0]LightingResults: New page: 光照构建
[2017.01.13-07.07.37:802][  0]MapCheck: New page: 地图检测
[2017.01.13-07.07.37:802][  0]LightingResults: New page: 光照构建
[2017.01.13-07.07.38:219][  0]LogAIModule: Creating AISystem for world FirstPersonExampleMap
[2017.01.13-07.07.38:232][  0]LogEditorServer: Finished looking for orphan Actors (0.000 secs)
[2017.01.13-07.07.38:233][  0]Cmd: MAP CHECKDEP NOCLEARLOG
[2017.01.13-07.07.38:278][  0]MapCheck: 信息 地图检测完成：0个错误，0 个警告，用时45.521毫秒完成。
[2017.01.13-07.07.38:278][  0]LogFileHelpers: Loading map 'FirstPersonExampleMap' took 0.511
[2017.01.13-07.07.38:431][  0]LogCollectionManager: Loaded 0 collections in 0.001302 seconds
[2017.01.13-07.07.38:502][  0]LogFileCache: Scanning file cache for directory 'D:/zuoye1/ALILUYA1/aliluyaOVO/Saved/Collections/' took 0.01s
[2017.01.13-07.07.38:502][  0]LogFileCache: Scanning file cache for directory 'D:/zuoye1/ALILUYA1/aliluyaOVO/Content/Developers/Administrator/Collections/' took 0.01s
[2017.01.13-07.07.38:502][  0]LogFileCache: Scanning file cache for directory 'D:/zuoye1/ALILUYA1/aliluyaOVO/Content/Collections/' took 0.01s
[2017.01.13-07.07.38:502][  0]LogCollectionManager: Rebuilt the GUID cache for 0 collections in 0.000002 seconds
[2017.01.13-07.07.38:515][  0]LogContentBrowser: Native class hierarchy populated in 0.0125 seconds. Added 2196 classes and 431 folders.
[2017.01.13-07.07.38:551][  0]LogStats: UGameplayTagsManager::ConstructGameplayTagTree: Construct from data asset -  0.000 s
[2017.01.13-07.07.38:551][  0]LogStats: UGameplayTagsManager::ConstructGameplayTagTree: GameplayTagTreeChangedEvent.Broadcast -  0.000 s
[2017.01.13-07.07.38:552][  0]LogContentBrowser: Native class hierarchy updated for 'GameplayTags' in 0.0012 seconds. Added 13 classes and 0 folders.
[2017.01.13-07.07.38:606][  0]LogContentBrowser: Native class hierarchy updated for 'WidgetCarousel' in 0.0015 seconds. Added 0 classes and 0 folders.
[2017.01.13-07.07.38:642][  0]LogContentBrowser: Native class hierarchy updated for 'AddContentDialog' in 0.0011 seconds. Added 0 classes and 0 folders.
[2017.01.13-07.07.38:682][  0]LogContentBrowser: Native class hierarchy updated for 'SceneOutliner' in 0.0013 seconds. Added 1 classes and 2 folders.
[2017.01.13-07.07.38:720][  0]LogCrashTracker: Crashtracker disabled due to settings.
[2017.01.13-07.07.38:724][  0]LogUObjectGlobals:Warning: 寻找对象'Class 无.'失败
[2017.01.13-07.07.38:788][  0]LogContentBrowser: Native class hierarchy updated for 'HierarchicalLODOutliner' in 0.0012 seconds. Added 1 classes and 2 folders.
[2017.01.13-07.07.38:788][  0]LogLoad: (Engine Initialization) Total time: 16.71 seconds
[2017.01.13-07.07.38:788][  0]LogLoad: (Engine Initialization) Total Blueprint compile time: 0.14 seconds
[2017.01.13-07.07.38:788][  0]LogExternalProfiler: Found external profiler: VSPerf
[2017.01.13-07.07.38:788][  0]LogExternalProfiler: Using external profiler: VSPerf
[2017.01.13-07.07.39:128][  0]LogOcInput: OculusInput pre-init called
[2017.01.13-07.07.39:153][  0]LogContentStreaming: Texture pool size now 800 MB
[2017.01.13-07.07.39:528][  2]LogRenderer: Reallocating scene render targets to support 532x352 NumSamples 1 (Frame:2).
[2017.01.13-07.07.40:799][  5]LogAssetRegistry: Asset discovery search completed in 10.6029 seconds
[2017.01.13-07.07.40:799][  5]LogCollectionManager: Rebuilt the object cache for 0 collections in 0.000000 seconds (found 0 objects)
[2017.01.13-07.07.40:799][  5]LogCollectionManager: Fixed up redirectors for 0 collections in 0.000021 seconds (updated 0 objects)
[2017.01.13-07.07.48:438][101]LogRenderer: Reallocating scene render targets to support 756x368 NumSamples 1 (Frame:76).
[2017.01.13-07.15.06:022][526]LogActorFactory: Actor Factory created Cube
[2017.01.13-07.15.06:956][577]LogActorFactory: Actor Factory created Cube
[2017.01.13-07.15.09:489][709]LogEditorViewport: Clicking on Actor (context menu): StaticMeshActor (Cube30)
[2017.01.13-07.15.10:317][753]LogEditorViewport: Clicking on Actor (LMB): StaticMeshActor (Cube30)
[2017.01.13-07.15.16:724][107]LogEditorViewport: Clicking on Actor (LMB): StaticMeshActor (Cube)
[2017.01.13-07.15.17:583][149]LogEditorViewport: Clicking on Actor (LMB): StaticMeshActor (Cube30)
[2017.01.13-07.15.18:056][170]LogEditorViewport: Clicking on Actor (LMB): StaticMeshActor (Cube30)
[2017.01.13-07.15.35:565][922]LogTemp: Repeting last play command: 选中的视口
[2017.01.13-07.15.35:577][922]LogBlueprintUserMessages: Early PlayInEditor Detection: Level '/Game/FirstPersonCPP/Maps/FirstPersonExampleMap.FirstPersonExampleMap:PersistentLevel' has LevelScriptBlueprint '/Game/FirstPersonCPP/Maps/FirstPersonExampleMap.FirstPersonExampleMap:PersistentLevel.FirstPersonExampleMap' with GeneratedClass '/Game/FirstPersonCPP/Maps/FirstPersonExampleMap.FirstPersonExampleMap_C' with ClassGeneratedBy '/Game/FirstPersonCPP/Maps/FirstPersonExampleMap.FirstPersonExampleMap:PersistentLevel.FirstPersonExampleMap'
[2017.01.13-07.15.35:578][922]LogPlayLevel: PlayLevel: No blueprints needed recompiling
[2017.01.13-07.15.35:581][922]PIE: New page: PIE会话: FirstPersonExampleMap (2017年1月13日 下午11:15:35)
[2017.01.13-07.15.35:581][922]LogPlayLevel: Creating play world package: /Game/FirstPersonCPP/Maps/UEDPIE_0_FirstPersonExampleMap
[2017.01.13-07.15.35:589][922]LogPlayLevel: PIE: StaticDuplicateObject took: (0.008748s)
[2017.01.13-07.15.35:590][922]LogAIModule: Creating AISystem for world FirstPersonExampleMap
[2017.01.13-07.15.35:590][922]LogPlayLevel: PIE: World Init took: (0.000816s)
[2017.01.13-07.15.35:590][922]LogPlayLevel: PIE: Created PIE world by copying editor world from /Game/FirstPersonCPP/Maps/FirstPersonExampleMap.FirstPersonExampleMap to /Game/FirstPersonCPP/Maps/UEDPIE_0_FirstPersonExampleMap.FirstPersonExampleMap (0.009841s)
[2017.01.13-07.15.35:617][922]LogInit: XAudio2 using '喇叭/耳机 (Realtek High Definition Audio)' : 2 channels at 48 kHz using 32 bits per sample (channel mask 0x3)
[2017.01.13-07.15.35:629][922]LogInit: FAudioDevice initialized.
[2017.01.13-07.15.35:680][922]LogLoad: Game class is 'aliluyaOVOGameMode'
[2017.01.13-07.15.35:683][922]LogWorld: Bringing World /Game/FirstPersonCPP/Maps/UEDPIE_0_FirstPersonExampleMap.FirstPersonExampleMap up for play (max tick rate 60) at 2017.01.13-15.15.35
[2017.01.13-07.15.35:684][922]LogWorld: Bringing up level for play took: 0.003064
[2017.01.13-07.15.35:725][922]LogContentBrowser: Native class hierarchy updated for 'MovieSceneCapture' in 0.0016 seconds. Added 11 classes and 0 folders.
[2017.01.13-07.15.35:727][922]PIE: 信息 /Game/FirstPersonCPP/Maps/UEDPIE_0_FirstPersonExampleMap的‘在编辑器中播放’的起始时间0.827
[2017.01.13-07.15.35:728][922]LogBlueprintUserMessages: Late PlayInEditor Detection: Level '/Game/FirstPersonCPP/Maps/FirstPersonExampleMap.FirstPersonExampleMap:PersistentLevel' has LevelScriptBlueprint '/Game/FirstPersonCPP/Maps/FirstPersonExampleMap.FirstPersonExampleMap:PersistentLevel.FirstPersonExampleMap' with GeneratedClass '/Game/FirstPersonCPP/Maps/FirstPersonExampleMap.FirstPersonExampleMap_C' with ClassGeneratedBy '/Game/FirstPersonCPP/Maps/FirstPersonExampleMap.FirstPersonExampleMap:PersistentLevel.FirstPersonExampleMap'
[2017.01.13-07.15.58:993][233]LogBlueprintUserMessages: Early EndPlayMap Detection: Level '/Game/FirstPersonCPP/Maps/FirstPersonExampleMap.FirstPersonExampleMap:PersistentLevel' has LevelScriptBlueprint '/Game/FirstPersonCPP/Maps/FirstPersonExampleMap.FirstPersonExampleMap:PersistentLevel.FirstPersonExampleMap' with GeneratedClass '/Game/FirstPersonCPP/Maps/FirstPersonExampleMap.FirstPersonExampleMap_C' with ClassGeneratedBy '/Game/FirstPersonCPP/Maps/FirstPersonExampleMap.FirstPersonExampleMap:PersistentLevel.FirstPersonExampleMap'
[2017.01.13-07.15.59:066][233]LogBlueprintUserMessages: Late EndPlayMap Detection: Level '/Game/FirstPersonCPP/Maps/FirstPersonExampleMap.FirstPersonExampleMap:PersistentLevel' has LevelScriptBlueprint '/Game/FirstPersonCPP/Maps/FirstPersonExampleMap.FirstPersonExampleMap:PersistentLevel.FirstPersonExampleMap' with GeneratedClass '/Game/FirstPersonCPP/Maps/FirstPersonExampleMap.FirstPersonExampleMap_C' with ClassGeneratedBy '/Game/FirstPersonCPP/Maps/FirstPersonExampleMap.FirstPersonExampleMap:PersistentLevel.FirstPersonExampleMap'
[2017.01.13-07.17.57:079][ 94]LogEditorViewport: Clicking on Actor (LMB): StaticMeshActor (Cube30)
[2017.01.13-07.18.05:080][521]LogEditorViewport: Clicking on Actor (LMB): StaticMeshActor (Cube)
[2017.01.13-07.18.05:438][536]LogEditorViewport: Clicking on Actor (LMB): StaticMeshActor (Cube30)
[2017.01.13-07.18.05:974][559]LogEditorViewport: Clicking on Actor (LMB): StaticMeshActor (Cube30)
[2017.01.13-07.18.06:057][561]LogEditorViewport: Clicking on Component (LMB): StaticMeshComponent (StaticMeshComponent0)
[2017.01.13-07.18.06:313][571]LogEditorViewport: Clicking on Component (LMB): StaticMeshComponent (StaticMeshComponent0)
[2017.01.13-07.18.06:401][574]LogEditorViewport: Clicking on Actor (double click): StaticMeshActor (Cube30)
[2017.01.13-07.18.33:525][802]LogSavePackage: Save=102.10ms
[2017.01.13-07.18.33:525][802]LogSavePackage: Moving 'D:/zuoye1/ALILUYA1/aliluyaOVO/Saved/FirstPersonExampleMap_Auto174C1FE9B43ED074EFE3770A307136502.tmp' to 'D:/zuoye1/ALILUYA1/aliluyaOVO/Saved/Autosaves/Game/FirstPersonCPP/Maps/FirstPersonExampleMap_Auto1.umap'
[2017.01.13-07.18.33:526][802]LogSavePackage:Display: Finished SavePackage D:/zuoye1/ALILUYA1/aliluyaOVO/Saved/Autosaves/Game/FirstPersonCPP/Maps/FirstPersonExampleMap_Auto1.umap
[2017.01.13-07.18.33:530][802]LogFileHelpers: Editor autosave (incl. sublevels) for '/Game/FirstPersonCPP/Maps/FirstPersonExampleMap' took 0.131
[2017.01.13-07.18.33:530][802]LogFileHelpers: Editor autosave (incl. sublevels) for all levels took 0.131
[2017.01.13-07.51.28:287][236]LogEditorViewport: Clicking on Actor (LMB): StaticMeshActor (Cube30)
[2017.01.13-07.51.29:107][284]Cmd: EDIT COPY
[2017.01.13-07.51.29:328][296]Cmd: EDIT PASTE
[2017.01.13-07.51.55:114][374]LogStaticMesh: 正在构建静态网格物体SM_MERGED_Cube31...
[2017.01.13-07.51.55:172][374]LogStaticMesh: Built static mesh [0.06s] /Game/SM_MERGED_Cube31.SM_MERGED_Cube31
[2017.01.13-07.51.58:887][546]LogActorFactory: Actor Factory created SM_MERGED_Cube31
[2017.01.13-07.51.59:301][570]LogActorFactory: Actor Factory created SM_MERGED_Cube31
[2017.01.13-07.52.14:203][369]LogActorFactory: Actor Factory created SM_MERGED_Cube31
[2017.01.13-07.52.14:521][387]LogActorFactory: Actor Factory created SM_MERGED_Cube31
[2017.01.13-07.52.29:760][198]LogActorFactory: Actor Factory created SM_MERGED_Cube31
[2017.01.13-07.52.30:346][232]LogActorFactory: Actor Factory created SM_MERGED_Cube31
[2017.01.13-07.52.35:778][517]LogTemp: Repeting last play command: 选中的视口
[2017.01.13-07.52.35:791][517]LogBlueprintUserMessages: Early PlayInEditor Detection: Level '/Game/FirstPersonCPP/Maps/FirstPersonExampleMap.FirstPersonExampleMap:PersistentLevel' has LevelScriptBlueprint '/Game/FirstPersonCPP/Maps/FirstPersonExampleMap.FirstPersonExampleMap:PersistentLevel.FirstPersonExampleMap' with GeneratedClass '/Game/FirstPersonCPP/Maps/FirstPersonExampleMap.FirstPersonExampleMap_C' with ClassGeneratedBy '/Game/FirstPersonCPP/Maps/FirstPersonExampleMap.FirstPersonExampleMap:PersistentLevel.FirstPersonExampleMap'
[2017.01.13-07.52.35:791][517]LogPlayLevel: PlayLevel: No blueprints needed recompiling
[2017.01.13-07.52.35:791][517]PIE: New page: PIE会话: FirstPersonExampleMap (2017年1月13日 下午11:52:35)
[2017.01.13-07.52.35:791][517]LogPlayLevel: Creating play world package: /Game/FirstPersonCPP/Maps/UEDPIE_0_FirstPersonExampleMap
[2017.01.13-07.52.35:802][517]LogPlayLevel: PIE: StaticDuplicateObject took: (0.010610s)
[2017.01.13-07.52.35:803][517]LogAIModule: Creating AISystem for world FirstPersonExampleMap
[2017.01.13-07.52.35:803][517]LogPlayLevel: PIE: World Init took: (0.001263s)
[2017.01.13-07.52.35:803][517]LogPlayLevel: PIE: Created PIE world by copying editor world from /Game/FirstPersonCPP/Maps/FirstPersonExampleMap.FirstPersonExampleMap to /Game/FirstPersonCPP/Maps/UEDPIE_0_FirstPersonExampleMap.FirstPersonExampleMap (0.012359s)
[2017.01.13-07.52.35:828][517]LogInit: XAudio2 using '喇叭/耳机 (Realtek High Definition Audio)' : 2 channels at 48 kHz using 32 bits per sample (channel mask 0x3)
[2017.01.13-07.52.35:839][517]LogInit: FAudioDevice initialized.
[2017.01.13-07.52.35:866][517]LogLoad: Game class is 'aliluyaOVOGameMode'
[2017.01.13-07.52.35:869][517]LogWorld: Bringing World /Game/FirstPersonCPP/Maps/UEDPIE_0_FirstPersonExampleMap.FirstPersonExampleMap up for play (max tick rate 60) at 2017.01.13-15.52.35
[2017.01.13-07.52.35:869][517]LogWorld: Bringing up level for play took: 0.002914
[2017.01.13-07.52.35:871][517]PIE: 信息 /Game/FirstPersonCPP/Maps/UEDPIE_0_FirstPersonExampleMap的‘在编辑器中播放’的起始时间0.924
[2017.01.13-07.52.35:871][517]LogBlueprintUserMessages: Late PlayInEditor Detection: Level '/Game/FirstPersonCPP/Maps/FirstPersonExampleMap.FirstPersonExampleMap:PersistentLevel' has LevelScriptBlueprint '/Game/FirstPersonCPP/Maps/FirstPersonExampleMap.FirstPersonExampleMap:PersistentLevel.FirstPersonExampleMap' with GeneratedClass '/Game/FirstPersonCPP/Maps/FirstPersonExampleMap.FirstPersonExampleMap_C' with ClassGeneratedBy '/Game/FirstPersonCPP/Maps/FirstPersonExampleMap.FirstPersonExampleMap:PersistentLevel.FirstPersonExampleMap'
[2017.01.13-07.52.53:038][525]LogBlueprintUserMessages: Early EndPlayMap Detection: Level '/Game/FirstPersonCPP/Maps/FirstPersonExampleMap.FirstPersonExampleMap:PersistentLevel' has LevelScriptBlueprint '/Game/FirstPersonCPP/Maps/FirstPersonExampleMap.FirstPersonExampleMap:PersistentLevel.FirstPersonExampleMap' with GeneratedClass '/Game/FirstPersonCPP/Maps/FirstPersonExampleMap.FirstPersonExampleMap_C' with ClassGeneratedBy '/Game/FirstPersonCPP/Maps/FirstPersonExampleMap.FirstPersonExampleMap:PersistentLevel.FirstPersonExampleMap'
[2017.01.13-07.52.53:087][525]LogBlueprintUserMessages: Late EndPlayMap Detection: Level '/Game/FirstPersonCPP/Maps/FirstPersonExampleMap.FirstPersonExampleMap:PersistentLevel' has LevelScriptBlueprint '/Game/FirstPersonCPP/Maps/FirstPersonExampleMap.FirstPersonExampleMap:PersistentLevel.FirstPersonExampleMap' with GeneratedClass '/Game/FirstPersonCPP/Maps/FirstPersonExampleMap.FirstPersonExampleMap_C' with ClassGeneratedBy '/Game/FirstPersonCPP/Maps/FirstPersonExampleMap.FirstPersonExampleMap:PersistentLevel.FirstPersonExampleMap'
[2017.01.13-07.52.59:817][866]LogTemp: Repeting last play command: 选中的视口
[2017.01.13-07.52.59:833][866]LogBlueprintUserMessages: Early PlayInEditor Detection: Level '/Game/FirstPersonCPP/Maps/FirstPersonExampleMap.FirstPersonExampleMap:PersistentLevel' has LevelScriptBlueprint '/Game/FirstPersonCPP/Maps/FirstPersonExampleMap.FirstPersonExampleMap:PersistentLevel.FirstPersonExampleMap' with GeneratedClass '/Game/FirstPersonCPP/Maps/FirstPersonExampleMap.FirstPersonExampleMap_C' with ClassGeneratedBy '/Game/FirstPersonCPP/Maps/FirstPersonExampleMap.FirstPersonExampleMap:PersistentLevel.FirstPersonExampleMap'
[2017.01.13-07.52.59:833][866]LogPlayLevel: PlayLevel: No blueprints needed recompiling
[2017.01.13-07.52.59:833][866]PIE: New page: PIE会话: FirstPersonExampleMap (2017年1月13日 下午11:52:59)
[2017.01.13-07.52.59:833][866]LogPlayLevel: Creating play world package: /Game/FirstPersonCPP/Maps/UEDPIE_0_FirstPersonExampleMap
[2017.01.13-07.52.59:841][866]LogPlayLevel: PIE: StaticDuplicateObject took: (0.007932s)
[2017.01.13-07.52.59:841][866]LogAIModule: Creating AISystem for world FirstPersonExampleMap
[2017.01.13-07.52.59:842][866]LogPlayLevel: PIE: World Init took: (0.000731s)
[2017.01.13-07.52.59:842][866]LogPlayLevel: PIE: Created PIE world by copying editor world from /Game/FirstPersonCPP/Maps/FirstPersonExampleMap.FirstPersonExampleMap to /Game/FirstPersonCPP/Maps/UEDPIE_0_FirstPersonExampleMap.FirstPersonExampleMap (0.008931s)
[2017.01.13-07.52.59:867][866]LogInit: XAudio2 using '喇叭/耳机 (Realtek High Definition Audio)' : 2 channels at 48 kHz using 32 bits per sample (channel mask 0x3)
[2017.01.13-07.52.59:877][866]LogInit: FAudioDevice initialized.
[2017.01.13-07.52.59:906][866]LogLoad: Game class is 'aliluyaOVOGameMode'
[2017.01.13-07.52.59:908][866]LogWorld: Bringing World /Game/FirstPersonCPP/Maps/UEDPIE_0_FirstPersonExampleMap.FirstPersonExampleMap up for play (max tick rate 60) at 2017.01.13-15.52.59
[2017.01.13-07.52.59:909][866]LogWorld: Bringing up level for play took: 0.002713
[2017.01.13-07.52.59:910][866]PIE: 信息 /Game/FirstPersonCPP/Maps/UEDPIE_0_FirstPersonExampleMap的‘在编辑器中播放’的起始时间0.962
[2017.01.13-07.52.59:911][866]LogBlueprintUserMessages: Late PlayInEditor Detection: Level '/Game/FirstPersonCPP/Maps/FirstPersonExampleMap.FirstPersonExampleMap:PersistentLevel' has LevelScriptBlueprint '/Game/FirstPersonCPP/Maps/FirstPersonExampleMap.FirstPersonExampleMap:PersistentLevel.FirstPersonExampleMap' with GeneratedClass '/Game/FirstPersonCPP/Maps/FirstPersonExampleMap.FirstPersonExampleMap_C' with ClassGeneratedBy '/Game/FirstPersonCPP/Maps/FirstPersonExampleMap.FirstPersonExampleMap:PersistentLevel.FirstPersonExampleMap'
[2017.01.13-07.53.20:060][ 53]LogBlueprintUserMessages: Early EndPlayMap Detection: Level '/Game/FirstPersonCPP/Maps/FirstPersonExampleMap.FirstPersonExampleMap:PersistentLevel' has LevelScriptBlueprint '/Game/FirstPersonCPP/Maps/FirstPersonExampleMap.FirstPersonExampleMap:PersistentLevel.FirstPersonExampleMap' with GeneratedClass '/Game/FirstPersonCPP/Maps/FirstPersonExampleMap.FirstPersonExampleMap_C' with ClassGeneratedBy '/Game/FirstPersonCPP/Maps/FirstPersonExampleMap.FirstPersonExampleMap:PersistentLevel.FirstPersonExampleMap'
[2017.01.13-07.53.20:105][ 53]LogBlueprintUserMessages: Late EndPlayMap Detection: Level '/Game/FirstPersonCPP/Maps/FirstPersonExampleMap.FirstPersonExampleMap:PersistentLevel' has LevelScriptBlueprint '/Game/FirstPersonCPP/Maps/FirstPersonExampleMap.FirstPersonExampleMap:PersistentLevel.FirstPersonExampleMap' with GeneratedClass '/Game/FirstPersonCPP/Maps/FirstPersonExampleMap.FirstPersonExampleMap_C' with ClassGeneratedBy '/Game/FirstPersonCPP/Maps/FirstPersonExampleMap.FirstPersonExampleMap:PersistentLevel.FirstPersonExampleMap'
[2017.01.13-07.53.46:443][593]LogSavePackage: Save=101.47ms
[2017.01.13-07.53.46:443][593]LogSavePackage: Moving 'D:/zuoye1/ALILUYA1/aliluyaOVO/Saved/FirstPersonExampleMap_Auto2958C708F4A9A62A7CCC090B250F5EB47.tmp' to 'D:/zuoye1/ALILUYA1/aliluyaOVO/Saved/Autosaves/Game/FirstPersonCPP/Maps/FirstPersonExampleMap_Auto2.umap'
[2017.01.13-07.53.46:445][593]LogSavePackage:Display: Finished SavePackage D:/zuoye1/ALILUYA1/aliluyaOVO/Saved/Autosaves/Game/FirstPersonCPP/Maps/FirstPersonExampleMap_Auto2.umap
[2017.01.13-07.53.46:447][593]LogFileHelpers: Editor autosave (incl. sublevels) for '/Game/FirstPersonCPP/Maps/FirstPersonExampleMap' took 0.129
[2017.01.13-07.53.46:447][593]LogFileHelpers: Editor autosave (incl. sublevels) for all levels took 0.129
[2017.01.13-07.53.46:450][593]OBJ SavePackage: Generating thumbnails for [1] asset(s) in package [/Game/SM_MERGED_Cube31] ([1] browsable assets)...
[2017.01.13-07.53.46:475][593]OBJ SavePackage:     Rendered thumbnail for [StaticMesh /Game/SM_MERGED_Cube31.SM_MERGED_Cube31]
[2017.01.13-07.53.46:475][593]OBJ SavePackage: Finished generating thumbnails for package [/Game/SM_MERGED_Cube31]
[2017.01.13-07.53.46:475][593]Cmd: OBJ SAVEPACKAGE PACKAGE="/Game/SM_MERGED_Cube31" FILE="D:/zuoye1/ALILUYA1/aliluyaOVO/Saved/Autosaves/Game/SM_MERGED_Cube31_Auto2.uasset" SILENT=false AUTOSAVING=true
[2017.01.13-07.53.46:489][593]LogSavePackage: Save=13.56ms
[2017.01.13-07.53.46:489][593]LogSavePackage: Moving 'D:/zuoye1/ALILUYA1/aliluyaOVO/Saved/SM_MERGED_Cube31_Auto25A74F14B4E336A19089439908E230681.tmp' to 'D:/zuoye1/ALILUYA1/aliluyaOVO/Saved/Autosaves/Game/SM_MERGED_Cube31_Auto2.uasset'
[2017.01.13-07.53.46:490][593]LogSavePackage:Display: Finished SavePackage D:/zuoye1/ALILUYA1/aliluyaOVO/Saved/Autosaves/Game/SM_MERGED_Cube31_Auto2.uasset
[2017.01.13-07.53.46:490][593]LogFileHelpers: Auto-saving content packages took 0.041
[2017.01.13-07.58.38:442][848]LogActorFactory: Actor Factory created Cube
[2017.01.13-07.58.38:840][871]LogActorFactory: Actor Factory created Cube
[2017.01.13-07.58.48:296][256]Cmd: EDIT COPY
[2017.01.13-07.58.48:526][265]Cmd: EDIT COPY
[2017.01.13-07.58.48:652][270]Cmd: EDIT PASTE
[2017.01.13-07.58.52:096][410]Cmd: EDIT COPY
[2017.01.13-07.58.52:381][422]Cmd: EDIT PASTE
[2017.01.13-07.58.54:919][523]Cmd: EDIT COPY
[2017.01.13-07.58.55:205][535]Cmd: EDIT PASTE
[2017.01.13-07.59.12:400][233]Cmd: EDIT COPY
[2017.01.13-07.59.12:636][243]Cmd: EDIT PASTE
[2017.01.13-07.59.19:550][525]Cmd: EDIT COPY
[2017.01.13-07.59.19:794][535]Cmd: EDIT PASTE
[2017.01.13-07.59.29:244][893]Cmd: DELETE
[2017.01.13-07.59.29:244][893]Cmd: ACTOR DELETE
[2017.01.13-07.59.29:247][893]LogEditorActor: Deleted Actor: StaticMeshActor
[2017.01.13-07.59.29:267][893]LogEditorActor: Deleted 1 Actors (0.022 secs)
[2017.01.13-07.59.36:821][205]LogEditorViewport: Clicking on Actor (LMB): StaticMeshActor (Cube32)
[2017.01.13-07.59.37:743][241]Cmd: EDIT COPY
[2017.01.13-07.59.38:014][252]Cmd: EDIT PASTE
[2017.01.13-07.59.42:302][424]LogEditorViewport: Clicking on Actor (LMB): StaticMeshActor (Cube33)
[2017.01.13-07.59.45:172][539]LogEditorViewport: Clicking on Actor (LMB): StaticMeshActor (Cube37)
[2017.01.13-07.59.45:985][572]Cmd: EDIT COPY
[2017.01.13-07.59.46:251][583]Cmd: EDIT PASTE
[2017.01.13-07.59.50:132][741]Cmd: EDIT COPY
[2017.01.13-07.59.50:393][752]Cmd: EDIT PASTE
[2017.01.13-07.59.55:400][950]Cmd: EDIT COPY
[2017.01.13-07.59.55:652][960]Cmd: EDIT PASTE
[2017.01.13-08.00.02:993][257]Cmd: EDIT COPY
[2017.01.13-08.00.03:258][267]Cmd: EDIT PASTE
[2017.01.13-08.00.15:027][729]Cmd: EDIT COPY
[2017.01.13-08.00.15:286][739]Cmd: EDIT PASTE
[2017.01.13-08.00.21:811][998]LogEditorViewport: Clicking on Actor (LMB): StaticMeshActor (Cube36)
[2017.01.13-08.00.23:220][ 54]Cmd: EDIT COPY
[2017.01.13-08.00.23:542][ 67]Cmd: EDIT PASTE
[2017.01.13-08.00.28:873][271]Cmd: EDIT COPY
[2017.01.13-08.00.29:127][281]Cmd: EDIT PASTE
[2017.01.13-08.00.32:508][416]Cmd: EDIT COPY
[2017.01.13-08.00.32:807][428]Cmd: EDIT PASTE
[2017.01.13-08.00.40:967][751]Cmd: EDIT COPY
[2017.01.13-08.00.41:212][761]Cmd: EDIT PASTE
[2017.01.13-08.00.43:336][845]Cmd: EDIT COPY
[2017.01.13-08.00.43:613][856]Cmd: EDIT PASTE
[2017.01.13-08.00.47:611][ 16]Cmd: EDIT COPY
[2017.01.13-08.00.47:931][ 29]Cmd: EDIT PASTE
[2017.01.13-08.00.50:749][139]Cmd: EDIT COPY
[2017.01.13-08.00.51:037][150]Cmd: EDIT PASTE
[2017.01.13-08.01.02:316][598]Cmd: EDIT COPY
[2017.01.13-08.01.02:625][610]Cmd: EDIT PASTE
[2017.01.13-08.01.11:188][949]Cmd: EDIT COPY
[2017.01.13-08.01.11:441][959]Cmd: EDIT PASTE
[2017.01.13-08.01.17:770][209]LogEditorViewport: Clicking on Actor (LMB): StaticMeshActor (Cube43)
[2017.01.13-08.01.19:271][267]Cmd: EDIT COPY
[2017.01.13-08.01.19:591][280]Cmd: EDIT PASTE
[2017.01.13-08.01.23:035][415]Cmd: EDIT COPY
[2017.01.13-08.01.23:284][425]Cmd: EDIT PASTE
[2017.01.13-08.01.28:097][610]Cmd: EDIT COPY
[2017.01.13-08.01.28:357][619]Cmd: EDIT PASTE
[2017.01.13-08.01.32:211][764]LogEditorViewport: Clicking on Actor (LMB): StaticMeshActor (Cube45)
[2017.01.13-08.01.32:818][787]Cmd: EDIT COPY
[2017.01.13-08.01.33:071][797]Cmd: EDIT PASTE
[2017.01.13-08.01.37:764][979]Cmd: EDIT COPY
[2017.01.13-08.01.38:028][989]Cmd: EDIT PASTE
[2017.01.13-08.01.40:714][ 91]Cmd: EDIT COPY
[2017.01.13-08.01.40:964][101]Cmd: EDIT PASTE
[2017.01.13-08.02.23:086][494]LogStaticMesh: 正在构建静态网格物体SM_MERGED_Cube57...
[2017.01.13-08.02.23:576][494]LogStaticMesh: Built static mesh [0.49s] /Game/SM_MERGED_Cube57.SM_MERGED_Cube57
[2017.01.13-08.02.27:552][617]LogActorFactory: Actor Factory created SM_MERGED_Cube57
[2017.01.13-08.02.28:229][642]LogActorFactory: Actor Factory created SM_MERGED_Cube57
[2017.01.13-08.02.35:814][904]LogEditorViewport: Clicking on Actor (LMB): StaticMeshActor (Cube45)
[2017.01.13-08.02.39:892][ 61]LogEditorViewport: Clicking on Actor (LMB): StaticMeshActor (Cube57)
[2017.01.13-08.02.42:829][162]LogTemp: Repeting last play command: 选中的视口
[2017.01.13-08.02.42:843][162]LogBlueprintUserMessages: Early PlayInEditor Detection: Level '/Game/FirstPersonCPP/Maps/FirstPersonExampleMap.FirstPersonExampleMap:PersistentLevel' has LevelScriptBlueprint '/Game/FirstPersonCPP/Maps/FirstPersonExampleMap.FirstPersonExampleMap:PersistentLevel.FirstPersonExampleMap' with GeneratedClass '/Game/FirstPersonCPP/Maps/FirstPersonExampleMap.FirstPersonExampleMap_C' with ClassGeneratedBy '/Game/FirstPersonCPP/Maps/FirstPersonExampleMap.FirstPersonExampleMap:PersistentLevel.FirstPersonExampleMap'
[2017.01.13-08.02.42:843][162]LogPlayLevel: PlayLevel: No blueprints needed recompiling
[2017.01.13-08.02.42:843][162]PIE: New page: PIE会话: FirstPersonExampleMap (2017年1月14日 上午12:02:42)
[2017.01.13-08.02.42:843][162]LogPlayLevel: Creating play world package: /Game/FirstPersonCPP/Maps/UEDPIE_0_FirstPersonExampleMap
[2017.01.13-08.02.42:854][162]LogPlayLevel: PIE: StaticDuplicateObject took: (0.010679s)
[2017.01.13-08.02.42:856][162]LogAIModule: Creating AISystem for world FirstPersonExampleMap
[2017.01.13-08.02.42:856][162]LogPlayLevel: PIE: World Init took: (0.001757s)
[2017.01.13-08.02.42:856][162]LogPlayLevel: PIE: Created PIE world by copying editor world from /Game/FirstPersonCPP/Maps/FirstPersonExampleMap.FirstPersonExampleMap to /Game/FirstPersonCPP/Maps/UEDPIE_0_FirstPersonExampleMap.FirstPersonExampleMap (0.012782s)
[2017.01.13-08.02.42:888][162]LogInit: XAudio2 using '喇叭/耳机 (Realtek High Definition Audio)' : 2 channels at 48 kHz using 32 bits per sample (channel mask 0x3)
[2017.01.13-08.02.42:902][162]LogInit: FAudioDevice initialized.
[2017.01.13-08.02.42:933][162]LogLoad: Game class is 'aliluyaOVOGameMode'
[2017.01.13-08.02.42:937][162]LogWorld: Bringing World /Game/FirstPersonCPP/Maps/UEDPIE_0_FirstPersonExampleMap.FirstPersonExampleMap up for play (max tick rate 60) at 2017.01.13-16.02.42
[2017.01.13-08.02.42:938][162]LogWorld: Bringing up level for play took: 0.004367
[2017.01.13-08.02.42:940][162]PIE: 信息 /Game/FirstPersonCPP/Maps/UEDPIE_0_FirstPersonExampleMap的‘在编辑器中播放’的起始时间-0.021
[2017.01.13-08.02.42:941][162]LogBlueprintUserMessages: Late PlayInEditor Detection: Level '/Game/FirstPersonCPP/Maps/FirstPersonExampleMap.FirstPersonExampleMap:PersistentLevel' has LevelScriptBlueprint '/Game/FirstPersonCPP/Maps/FirstPersonExampleMap.FirstPersonExampleMap:PersistentLevel.FirstPersonExampleMap' with GeneratedClass '/Game/FirstPersonCPP/Maps/FirstPersonExampleMap.FirstPersonExampleMap_C' with ClassGeneratedBy '/Game/FirstPersonCPP/Maps/FirstPersonExampleMap.FirstPersonExampleMap:PersistentLevel.FirstPersonExampleMap'
[2017.01.13-08.03.18:956][669]LogBlueprintUserMessages: Early EndPlayMap Detection: Level '/Game/FirstPersonCPP/Maps/FirstPersonExampleMap.FirstPersonExampleMap:PersistentLevel' has LevelScriptBlueprint '/Game/FirstPersonCPP/Maps/FirstPersonExampleMap.FirstPersonExampleMap:PersistentLevel.FirstPersonExampleMap' with GeneratedClass '/Game/FirstPersonCPP/Maps/FirstPersonExampleMap.FirstPersonExampleMap_C' with ClassGeneratedBy '/Game/FirstPersonCPP/Maps/FirstPersonExampleMap.FirstPersonExampleMap:PersistentLevel.FirstPersonExampleMap'
[2017.01.13-08.03.19:026][669]LogBlueprintUserMessages: Late EndPlayMap Detection: Level '/Game/FirstPersonCPP/Maps/FirstPersonExampleMap.FirstPersonExampleMap:PersistentLevel' has LevelScriptBlueprint '/Game/FirstPersonCPP/Maps/FirstPersonExampleMap.FirstPersonExampleMap:PersistentLevel.FirstPersonExampleMap' with GeneratedClass '/Game/FirstPersonCPP/Maps/FirstPersonExampleMap.FirstPersonExampleMap_C' with ClassGeneratedBy '/Game/FirstPersonCPP/Maps/FirstPersonExampleMap.FirstPersonExampleMap:PersistentLevel.FirstPersonExampleMap'
[2017.01.13-08.03.29:702][ 23]LogSavePackage: Save=105.89ms
[2017.01.13-08.03.29:702][ 23]LogSavePackage: Moving 'D:/zuoye1/ALILUYA1/aliluyaOVO/Saved/FirstPersonExampleMap39685F0046755697334D4499A0E98E98.tmp' to 'D:/zuoye1/ALILUYA1/aliluyaOVO/Content/FirstPersonCPP/Maps/FirstPersonExampleMap.umap'
[2017.01.13-08.03.29:703][ 23]LogSavePackage:Display: Finished SavePackage D:/zuoye1/ALILUYA1/aliluyaOVO/Content/FirstPersonCPP/Maps/FirstPersonExampleMap.umap
[2017.01.13-08.03.29:727][ 23]LogFileHelpers: Saving map 'FirstPersonExampleMap' took 0.204
[2017.01.13-08.03.29:762][ 23]Cmd: OBJ SAVEPACKAGE PACKAGE="/Game/SM_MERGED_Cube31" FILE="D:/zuoye1/ALILUYA1/aliluyaOVO/Content/SM_MERGED_Cube31.uasset" SILENT=true
[2017.01.13-08.03.29:777][ 23]LogSavePackage: Save=13.88ms
[2017.01.13-08.03.29:777][ 23]LogSavePackage: Moving 'D:/zuoye1/ALILUYA1/aliluyaOVO/Saved/SM_MERGED_Cube31259089424D2453EB66C935BB05F807C8.tmp' to 'D:/zuoye1/ALILUYA1/aliluyaOVO/Content/SM_MERGED_Cube31.uasset'
[2017.01.13-08.03.29:779][ 23]LogSavePackage:Display: Finished SavePackage D:/zuoye1/ALILUYA1/aliluyaOVO/Content/SM_MERGED_Cube31.uasset
[2017.01.13-08.03.29:809][ 23]Cmd: OBJ SAVEPACKAGE PACKAGE="/Game/SM_MERGED_Cube57" FILE="D:/zuoye1/ALILUYA1/aliluyaOVO/Content/SM_MERGED_Cube57.uasset" SILENT=true
[2017.01.13-08.03.29:823][ 23]LogSavePackage: Save=13.49ms
[2017.01.13-08.03.29:823][ 23]LogSavePackage: Moving 'D:/zuoye1/ALILUYA1/aliluyaOVO/Saved/SM_MERGED_Cube57F547CA1B4B0E744D6CD73AB76B4E2F33.tmp' to 'D:/zuoye1/ALILUYA1/aliluyaOVO/Content/SM_MERGED_Cube57.uasset'
[2017.01.13-08.03.29:824][ 23]LogSavePackage:Display: Finished SavePackage D:/zuoye1/ALILUYA1/aliluyaOVO/Content/SM_MERGED_Cube57.uasset
[2017.01.13-08.12.22:099][289]Cmd: QUIT_EDITOR
[2017.01.13-08.12.22:240][289]LogExit: Preparing to exit.
[2017.01.13-08.12.23:041][289]LogExit: Editor shut down
[2017.01.13-08.12.23:041][289]LogExit: Transaction tracking system shut down
[2017.01.13-08.12.23:282][289]LogObj: Freed 0b from 0 cluster array pools.
[2017.01.13-08.12.23:282][289]LogExit: Object subsystem successfully closed.
[2017.01.13-08.12.23:309][289]LogD3D11RHI: Shutdown
[2017.01.13-08.12.23:310][289]LogD3D11RHI: CleanupD3DDevice
[2017.01.13-08.12.23:408][289]LogD3D11RHI: ~FD3D11DynamicRHI
[2017.01.13-08.12.23:449][289]LogHttp:Display: Http module shutting down, but needs to wait on 1 outstanding Http requests:
[2017.01.13-08.12.23:449][289]LogHttp:Display: 	verb=[POST] url=[https://datarouter.ol.epicgames.com/datarouter/api/v1/public/data?SessionID=%7BCFE1AED4-4EF0-433E-07D8-5988F0B4388B%7D&AppID=UEEditor.Rocket.Release&AppVersion=4.14.3-3249277%2B%2B%2BUE4%2BRelease-4.14&UserID=1323ed57452532e724365191befd528b%7C7afad932ad774be6add98a6aa1090a50%7C6442fbc1-2d4d-42fa-a1c1-873169838c99&AppEnvironment=datacollector-binary&UploadType=eteventstream] status=Processing
[2017.01.13-08.12.23:455][289]LogModuleManager: Shutting down and abandoning module MovieSceneCapture (244)
[2017.01.13-08.12.23:455][289]LogModuleManager: Shutting down and abandoning module HierarchicalLODUtilities (243)
[2017.01.13-08.12.23:455][289]LogModuleManager: Shutting down and abandoning module HierarchicalLODOutliner (242)
[2017.01.13-08.12.23:455][289]LogModuleManager: Shutting down and abandoning module CrashTracker (241)
[2017.01.13-08.12.23:455][289]LogModuleManager: Shutting down and abandoning module SceneOutliner (240)
[2017.01.13-08.12.23:455][289]LogModuleManager: Shutting down and abandoning module WidgetCarousel (239)
[2017.01.13-08.12.23:455][289]LogModuleManager: Shutting down and abandoning module AddContentDialog (238)
[2017.01.13-08.12.23:456][289]LogDirectoryWatcher: A directory notification for 'C:/Program Files (x86)/Epic Games/4.14/FeaturePacks/' was aborted.
[2017.01.13-08.12.23:458][289]LogModuleManager: Shutting down and abandoning module GameplayTags (237)
[2017.01.13-08.12.23:458][289]LogModuleManager: Shutting down and abandoning module EditorWidgets (236)
[2017.01.13-08.12.23:458][289]LogModuleManager: Shutting down and abandoning module CollectionManager (235)
[2017.01.13-08.12.23:459][289]LogDirectoryWatcher: A directory notification for 'D:/zuoye1/ALILUYA1/aliluyaOVO/Content/Collections/' was aborted.
[2017.01.13-08.12.23:459][289]LogDirectoryWatcher: A directory notification for 'D:/zuoye1/ALILUYA1/aliluyaOVO/Content/Developers/Administrator/Collections/' was aborted.
[2017.01.13-08.12.23:459][289]LogDirectoryWatcher: A directory notification for 'D:/zuoye1/ALILUYA1/aliluyaOVO/Saved/Collections/' was aborted.
[2017.01.13-08.12.23:459][289]LogModuleManager: Shutting down and abandoning module StatsViewer (234)
[2017.01.13-08.12.23:460][289]LogModuleManager: Shutting down and abandoning module FoliageEdit (233)
[2017.01.13-08.12.23:461][289]LogModuleManager: Shutting down and abandoning module LandscapeEditor (232)
[2017.01.13-08.12.23:462][289]LogModuleManager: Shutting down and abandoning module SceneDepthPickerMode (231)
[2017.01.13-08.12.23:462][289]LogModuleManager: Shutting down and abandoning module ActorPickerMode (230)
[2017.01.13-08.12.23:462][289]LogModuleManager: Shutting down and abandoning module GeometryMode (229)
[2017.01.13-08.12.23:462][289]LogModuleManager: Shutting down and abandoning module TextureAlignMode (228)
[2017.01.13-08.12.23:462][289]LogModuleManager: Shutting down and abandoning module BspMode (227)
[2017.01.13-08.12.23:462][289]LogModuleManager: Shutting down and abandoning module HardwareSurvey (226)
[2017.01.13-08.12.23:462][289]LogModuleManager: Shutting down and abandoning module SequenceRecorderSections (225)
[2017.01.13-08.12.23:462][289]LogModuleManager: Shutting down and abandoning module AutomationWorker (224)
[2017.01.13-08.12.23:462][289]LogModuleManager: Shutting down and abandoning module MatineeToLevelSequence (223)
[2017.01.13-08.12.23:463][289]LogModuleManager: Shutting down and abandoning module PlacementMode (222)
[2017.01.13-08.12.23:464][289]LogModuleManager: Shutting down and abandoning module LevelSequenceEditor (221)
[2017.01.13-08.12.23:467][289]LogModuleManager: Shutting down and abandoning module WmfMediaFactory (220)
[2017.01.13-08.12.23:467][289]LogModuleManager: Shutting down and abandoning module WmfMediaEditor (219)
[2017.01.13-08.12.23:468][289]LogModuleManager: Shutting down and abandoning module AvfMediaFactory (218)
[2017.01.13-08.12.23:468][289]LogModuleManager: Shutting down and abandoning module AvfMediaEditor (217)
[2017.01.13-08.12.23:468][289]LogModuleManager: Shutting down and abandoning module Media (216)
[2017.01.13-08.12.23:468][289]LogModuleManager: Shutting down and abandoning module AndroidMediaFactory (215)
[2017.01.13-08.12.23:468][289]LogModuleManager: Shutting down and abandoning module AndroidMediaEditor (214)
[2017.01.13-08.12.23:468][289]LogModuleManager: Shutting down and abandoning module CharacterAI (213)
[2017.01.13-08.12.23:468][289]LogModuleManager: Shutting down and abandoning module SequenceRecorder (212)
[2017.01.13-08.12.23:469][289]LogModuleManager: Shutting down and abandoning module AudioCapture (211)
[2017.01.13-08.12.23:469][289]LogModuleManager: Shutting down and abandoning module SmartSnapping (210)
[2017.01.13-08.12.23:469][289]LogModuleManager: Shutting down and abandoning module SessionServices (209)
[2017.01.13-08.12.23:469][289]LogModuleManager: Shutting down and abandoning module ViewportSnapping (208)
[2017.01.13-08.12.23:469][289]LogModuleManager: Shutting down and abandoning module ViewportInteraction (207)
[2017.01.13-08.12.23:469][289]LogModuleManager: Shutting down and abandoning module LogVisualizer (206)
[2017.01.13-08.12.23:471][289]LogModuleManager: Shutting down and abandoning module GameProjectGeneration (205)
[2017.01.13-08.12.23:472][289]LogModuleManager: Shutting down and abandoning module IntroTutorials (204)
[2017.01.13-08.12.23:473][289]LogModuleManager: Shutting down and abandoning module EditorLiveStreaming (203)
[2017.01.13-08.12.23:473][289]LogModuleManager: Shutting down and abandoning module IOSPlatformEditor (202)
[2017.01.13-08.12.23:474][289]LogModuleManager: Shutting down and abandoning module HTML5PlatformEditor (201)
[2017.01.13-08.12.23:474][289]LogModuleManager: Shutting down and abandoning module AndroidDeviceDetection (200)
[2017.01.13-08.12.24:417][289]LogModuleManager: Shutting down and abandoning module AndroidPlatformEditor (199)
[2017.01.13-08.12.24:418][289]LogModuleManager: Shutting down and abandoning module IOSRuntimeSettings (198)
[2017.01.13-08.12.24:419][289]LogModuleManager: Shutting down and abandoning module AndroidRuntimeSettings (197)
[2017.01.13-08.12.24:419][289]LogModuleManager: Shutting down and abandoning module InputBindingEditor (196)
[2017.01.13-08.12.24:419][289]LogModuleManager: Shutting down and abandoning module NiagaraEditor (195)
[2017.01.13-08.12.24:422][289]LogModuleManager: Shutting down and abandoning module MergeActors (194)
[2017.01.13-08.12.24:426][289]LogModuleManager: Shutting down and abandoning module SizeMap (193)
[2017.01.13-08.12.24:427][289]LogModuleManager: Shutting down and abandoning module TreeMap (192)
[2017.01.13-08.12.24:428][289]LogModuleManager: Shutting down and abandoning module ReferenceViewer (191)
[2017.01.13-08.12.24:428][289]LogModuleManager: Shutting down and abandoning module LocalizationService (190)
[2017.01.13-08.12.24:429][289]LogModuleManager: Shutting down and abandoning module LocalizationDashboard (189)
[2017.01.13-08.12.24:430][289]LogModuleManager: Shutting down and abandoning module HardwareTargeting (188)
[2017.01.13-08.12.24:434][289]LogModuleManager: Shutting down and abandoning module DeviceProfileEditor (187)
[2017.01.13-08.12.24:435][289]LogModuleManager: Shutting down and abandoning module UndoHistory (186)
[2017.01.13-08.12.24:435][289]LogModuleManager: Shutting down and abandoning module UserFeedback (185)
[2017.01.13-08.12.24:435][289]LogModuleManager: Shutting down and abandoning module XmlParser (184)
[2017.01.13-08.12.24:435][289]LogModuleManager: Shutting down and abandoning module Blutility (183)
[2017.01.13-08.12.24:436][289]LogModuleManager: Shutting down and abandoning module ProjectTargetPlatformEditor (182)
[2017.01.13-08.12.24:436][289]LogModuleManager: Shutting down and abandoning module ProjectSettingsViewer (181)
[2017.01.13-08.12.24:436][289]LogModuleManager: Shutting down and abandoning module EditorSettingsViewer (180)
[2017.01.13-08.12.24:436][289]LogModuleManager: Shutting down and abandoning module SettingsEditor (179)
[2017.01.13-08.12.24:439][289]LogModuleManager: Shutting down and abandoning module ProjectLauncher (178)
[2017.01.13-08.12.24:441][289]LogModuleManager: Shutting down and abandoning module SessionFrontend (177)
[2017.01.13-08.12.24:442][289]LogModuleManager: Shutting down and abandoning module ProfilerClient (176)
[2017.01.13-08.12.24:443][289]LogModuleManager: Shutting down and abandoning module TargetDeviceServices (175)
[2017.01.13-08.12.24:443][289]LogModuleManager: Shutting down and abandoning module DeviceManager (174)
[2017.01.13-08.12.24:475][289]LogModuleManager: Shutting down and abandoning module AutomationController (173)
[2017.01.13-08.12.24:477][289]LogModuleManager: Shutting down and abandoning module AutomationWindow (172)
[2017.01.13-08.12.24:478][289]LogModuleManager: Shutting down and abandoning module Layers (171)
[2017.01.13-08.12.24:482][289]LogModuleManager: Shutting down and abandoning module ComponentVisualizers (170)
[2017.01.13-08.12.24:483][289]LogModuleManager: Shutting down and abandoning module DetailCustomizations (169)
[2017.01.13-08.12.24:483][289]LogModuleManager: Shutting down and abandoning module PackagesDialog (168)
[2017.01.13-08.12.24:483][289]LogModuleManager: Shutting down and abandoning module AnimGraph (167)
[2017.01.13-08.12.24:483][289]LogModuleManager: Shutting down and abandoning module Persona (166)
[2017.01.13-08.12.24:483][289]LogModuleManager: Shutting down and abandoning module Kismet (165)
[2017.01.13-08.12.24:485][289]LogModuleManager: Shutting down and abandoning module GraphEditor (164)
[2017.01.13-08.12.24:485][289]LogModuleManager: Shutting down and abandoning module ClassViewer (163)
[2017.01.13-08.12.24:485][289]LogModuleManager: Shutting down and abandoning module Toolbox (162)
[2017.01.13-08.12.24:485][289]LogModuleManager: Shutting down and abandoning module ModuleUI (161)
[2017.01.13-08.12.24:486][289]LogModuleManager: Shutting down and abandoning module MovieSceneTools (160)
[2017.01.13-08.12.24:487][289]LogModuleManager: Shutting down and abandoning module OutputLog (159)
[2017.01.13-08.12.24:489][289]LogModuleManager: Shutting down and abandoning module GammaUI (158)
[2017.01.13-08.12.24:490][289]LogModuleManager: Shutting down and abandoning module Documentation (157)
[2017.01.13-08.12.24:490][289]LogModuleManager: Shutting down and abandoning module Niagara (156)
[2017.01.13-08.12.24:490][289]LogModuleManager: Shutting down and abandoning module StreamingPauseRendering (155)
[2017.01.13-08.12.24:490][289]LogModuleManager: Shutting down and abandoning module AnalyticsET (154)
[2017.01.13-08.12.24:490][289]LogModuleManager: Shutting down and abandoning module PortalServices (153)
[2017.01.13-08.12.24:490][289]LogModuleManager: Shutting down and abandoning module PortalRpc (152)
[2017.01.13-08.12.24:490][289]LogModuleManager: Shutting down and abandoning module MessagingRpc (151)
[2017.01.13-08.12.24:490][289]LogModuleManager: Shutting down and abandoning module GameplayDebugger (150)
[2017.01.13-08.12.24:490][289]LogModuleManager: Shutting down and abandoning module AITestSuite (149)
[2017.01.13-08.12.24:491][289]LogModuleManager: Shutting down and abandoning module AIModule (148)
[2017.01.13-08.12.24:491][289]LogModuleManager: Shutting down and abandoning module ProfilerService (147)
[2017.01.13-08.12.24:669][289]LogModuleManager: Shutting down and abandoning module TaskGraph (146)
[2017.01.13-08.12.24:671][289]LogModuleManager: Shutting down and abandoning module SlateRemote (145)
[2017.01.13-08.12.24:671][289]LogModuleManager: Shutting down and abandoning module SteamVRController (144)
[2017.01.13-08.12.24:671][289]LogModuleManager: Shutting down and abandoning module SteamVR (143)
[2017.01.13-08.12.24:671][289]LogModuleManager: Shutting down and abandoning module ProceduralMeshComponentEditor (142)
[2017.01.13-08.12.24:672][289]LogModuleManager: Shutting down and abandoning module ProceduralMeshComponent (141)
[2017.01.13-08.12.24:673][289]LogModuleManager: Shutting down and abandoning module OculusLibrary (140)
[2017.01.13-08.12.24:673][289]LogModuleManager: Shutting down and abandoning module OculusInput (139)
[2017.01.13-08.12.24:673][289]LogModuleManager: Shutting down and abandoning module MobilePatchingUtils (138)
[2017.01.13-08.12.24:673][289]LogModuleManager: Shutting down and abandoning module CustomMeshComponent (137)
[2017.01.13-08.12.24:673][289]LogModuleManager: Shutting down and abandoning module CableComponent (136)
[2017.01.13-08.12.24:673][289]LogModuleManager: Shutting down and abandoning module ArchVisCharacter (135)
[2017.01.13-08.12.24:673][289]LogModuleManager: Shutting down and abandoning module MediaPlayerEditor (133)
[2017.01.13-08.12.24:678][289]LogModuleManager: Shutting down and abandoning module HTML5Networking (132)
[2017.01.13-08.12.24:679][289]LogModuleManager: Shutting down and abandoning module GeometryCacheEd (131)
[2017.01.13-08.12.24:679][289]LogModuleManager: Shutting down and abandoning module GeometryCache (130)
[2017.01.13-08.12.24:679][289]LogModuleManager: Shutting down and abandoning module AlembicLibrary (129)
[2017.01.13-08.12.24:679][289]LogModuleManager: Shutting down and abandoning module AlembicImporter (128)
[2017.01.13-08.12.24:680][289]LogModuleManager: Shutting down and abandoning module SuperSearch (127)
[2017.01.13-08.12.24:680][289]LogModuleManager: Shutting down and abandoning module SuperSearchEditor (126)
[2017.01.13-08.12.24:680][289]LogModuleManager: Shutting down and abandoning module SpeedTreeImporter (125)
[2017.01.13-08.12.24:680][289]LogModuleManager: Shutting down and abandoning module PluginBrowser (124)
[2017.01.13-08.12.24:682][289]LogModuleManager: Shutting down and abandoning module MobileLauncherProfileWizard (123)
[2017.01.13-08.12.24:683][289]LogModuleManager: Shutting down and abandoning module EpicSurvey (122)
[2017.01.13-08.12.24:684][289]LogModuleManager: Shutting down and abandoning module DesktopPlatform (121)
[2017.01.13-08.12.24:685][289]LogModuleManager: Shutting down and abandoning module VisualStudioSourceCodeAccess (120)
[2017.01.13-08.12.24:685][289]LogModuleManager: Shutting down and abandoning module UObjectPlugin (119)
[2017.01.13-08.12.24:685][289]LogModuleManager: Shutting down and abandoning module SubversionSourceControl (118)
[2017.01.13-08.12.24:687][289]LogModuleManager: Shutting down and abandoning module PerforceSourceControl (117)
[2017.01.13-08.12.24:688][289]LogModuleManager: Shutting down and abandoning module SourceControl (116)
[2017.01.13-08.12.24:688][289]LogModuleManager: Shutting down and abandoning module GitSourceControl (115)
[2017.01.13-08.12.24:688][289]LogModuleManager: Shutting down and abandoning module LightPropagationVolumeEditor (114)
[2017.01.13-08.12.24:688][289]LogModuleManager: Shutting down and abandoning module PaperTiledImporter (113)
[2017.01.13-08.12.24:689][289]LogModuleManager: Shutting down and abandoning module PaperSpriteSheetImporter (112)
[2017.01.13-08.12.24:689][289]LogModuleManager: Shutting down and abandoning module MeshPaint (111)
[2017.01.13-08.12.24:689][289]LogModuleManager: Shutting down and abandoning module PixelInspectorModule (110)
[2017.01.13-08.12.24:689][289]LogModuleManager: Shutting down and abandoning module HotReload (109)
[2017.01.13-08.12.24:689][289]LogDirectoryWatcher: A directory notification for 'D:/zuoye1/ALILUYA1/aliluyaOVO/Binaries/Win64' was aborted.
[2017.01.13-08.12.24:691][289]LogModuleManager: Shutting down and abandoning module MainFrame (108)
[2017.01.13-08.12.24:691][289]LogModuleManager: Shutting down and abandoning module LevelEditor (107)
[2017.01.13-08.12.24:696][289]LogModuleManager: Shutting down and abandoning module ContentBrowser (106)
[2017.01.13-08.12.24:699][289]LogModuleManager: Shutting down and abandoning module Paper2DEditor (105)
[2017.01.13-08.12.24:700][289]LogModuleManager: Shutting down and abandoning module aliluyaOVO (104)
[2017.01.13-08.12.24:700][289]LogModuleManager: Shutting down and abandoning module UdpMessaging (103)
[2017.01.13-08.12.24:800][289]LogModuleManager: Shutting down and abandoning module TcpMessaging (102)
[2017.01.13-08.12.24:900][289]LogModuleManager: Shutting down and abandoning module LightPropagationVolumeRuntime (101)
[2017.01.13-08.12.24:900][289]LogModuleManager: Shutting down and abandoning module Paper2D (100)
[2017.01.13-08.12.24:900][289]LogModuleManager: Shutting down and abandoning module WindowsMoviePlayer (99)
[2017.01.13-08.12.24:900][289]LogModuleManager: Shutting down and abandoning module WmfMedia (98)
[2017.01.13-08.12.24:903][289]LogModuleManager: Shutting down and abandoning module MediaAssets (97)
[2017.01.13-08.12.24:903][289]LogModuleManager: Shutting down and abandoning module GameLiveStreaming (96)
[2017.01.13-08.12.24:904][289]LogModuleManager: Shutting down and abandoning module GameplayTagsEditor (95)
[2017.01.13-08.12.24:904][289]LogModuleManager: Shutting down and abandoning module VREditor (94)
[2017.01.13-08.12.24:904][289]LogModuleManager: Shutting down and abandoning module GameplayTasksEditor (93)
[2017.01.13-08.12.24:904][289]LogModuleManager: Shutting down and abandoning module BehaviorTreeEditor (92)
[2017.01.13-08.12.24:907][289]LogModuleManager: Shutting down and abandoning module FunctionalTesting (91)
[2017.01.13-08.12.24:907][289]LogModuleManager: Shutting down and abandoning module CollisionAnalyzer (90)
[2017.01.13-08.12.24:910][289]LogModuleManager: Shutting down and abandoning module Sequencer (89)
[2017.01.13-08.12.24:913][289]LogModuleManager: Shutting down and abandoning module WorkspaceMenuStructure (88)
[2017.01.13-08.12.24:913][289]LogModuleManager: Shutting down and abandoning module MessageLog (87)
[2017.01.13-08.12.24:913][289]LogModuleManager: Shutting down and abandoning module AssetTools (86)
[2017.01.13-08.12.24:916][289]LogModuleManager: Shutting down and abandoning module UMGEditor (85)
[2017.01.13-08.12.24:919][289]LogModuleManager: Shutting down and abandoning module UMG (84)
[2017.01.13-08.12.24:922][289]LogModuleManager: Shutting down and abandoning module SlateReflector (83)
[2017.01.13-08.12.24:926][289]LogModuleManager: Shutting down and abandoning module Slate (82)
[2017.01.13-08.12.24:926][289]LogModuleManager: Shutting down and abandoning module EditorStyle (81)
[2017.01.13-08.12.24:935][289]LogModuleManager: Shutting down and abandoning module SourceCodeAccess (80)
[2017.01.13-08.12.24:935][289]LogModuleManager: Shutting down and abandoning module HeadMountedDisplay (79)
[2017.01.13-08.12.24:935][289]LogModuleManager: Shutting down and abandoning module XAudio2 (78)
[2017.01.13-08.12.24:935][289]LogModuleManager: Shutting down and abandoning module Networking (76)
[2017.01.13-08.12.24:935][289]LogModuleManager: Shutting down and abandoning module Core (75)
[2017.01.13-08.12.24:935][289]LogModuleManager: Shutting down and abandoning module DirectoryWatcher (74)
[2017.01.13-08.12.24:935][289]LogDirectoryWatcher: A directory notification for '../../../Engine/Content/' was aborted.
[2017.01.13-08.12.24:936][289]LogDirectoryWatcher: A directory notification for 'D:/zuoye1/ALILUYA1/aliluyaOVO/Content/' was aborted.
[2017.01.13-08.12.24:936][289]LogDirectoryWatcher: A directory notification for '../../../Engine/Plugins/2D/Paper2D/Content/' was aborted.
[2017.01.13-08.12.24:937][289]LogModuleManager: Shutting down and abandoning module AssetRegistry (73)
[2017.01.13-08.12.25:207][289]LogModuleManager: Shutting down and abandoning module KismetCompiler (72)
[2017.01.13-08.12.25:207][289]LogModuleManager: Shutting down and abandoning module PhysXFormats (71)
[2017.01.13-08.12.25:207][289]LogModuleManager: Shutting down and abandoning module SimplygonSwarm (70)
[2017.01.13-08.12.25:208][289]LogModuleManager: Shutting down and abandoning module SimplygonMeshReduction (69)
[2017.01.13-08.12.25:208][289]LogModuleManager: Shutting down and abandoning module QuadricMeshReduction (68)
[2017.01.13-08.12.25:208][289]LogModuleManager: Shutting down and abandoning module PropertyEditor (67)
[2017.01.13-08.12.25:209][289]LogModuleManager: Shutting down and abandoning module MeshUtilities (66)
[2017.01.13-08.12.25:209][289]LogModuleManager: Shutting down and abandoning module DerivedDataCache (65)
[2017.01.13-08.12.25:235][289]LogDerivedDataCache: Shutdown
[2017.01.13-08.12.25:235][289]LogModuleManager: Shutting down and abandoning module VulkanShaderFormat (64)
[2017.01.13-08.12.25:235][289]LogModuleManager: Shutting down and abandoning module ShaderFormatOpenGL (63)
[2017.01.13-08.12.25:236][289]LogModuleManager: Shutting down and abandoning module ShaderFormatD3D (62)
[2017.01.13-08.12.25:236][289]LogModuleManager: Shutting down and abandoning module MetalShaderFormat (61)
[2017.01.13-08.12.25:237][289]LogModuleManager: Shutting down and abandoning module TextureFormatUncompressed (60)
[2017.01.13-08.12.25:237][289]LogModuleManager: Shutting down and abandoning module TextureFormatPVR (59)
[2017.01.13-08.12.25:237][289]LogModuleManager: Shutting down and abandoning module TextureFormatDXT (58)
[2017.01.13-08.12.25:237][289]LogModuleManager: Shutting down and abandoning module TextureFormatIntelISPCTexComp (57)
[2017.01.13-08.12.25:238][289]LogModuleManager: Shutting down and abandoning module ImageWrapper (56)
[2017.01.13-08.12.25:238][289]LogModuleManager: Shutting down and abandoning module TextureFormatASTC (55)
[2017.01.13-08.12.25:238][289]LogModuleManager: Shutting down and abandoning module TextureFormatAndroid (54)
[2017.01.13-08.12.25:238][289]LogModuleManager: Shutting down and abandoning module AudioFormatOpus (53)
[2017.01.13-08.12.25:238][289]LogModuleManager: Shutting down and abandoning module AudioFormatOgg (52)
[2017.01.13-08.12.25:238][289]LogModuleManager: Shutting down and abandoning module AudioFormatADPCM (51)
[2017.01.13-08.12.25:238][289]LogModuleManager: Shutting down and abandoning module LinuxTargetPlatform (50)
[2017.01.13-08.12.25:238][289]LogModuleManager: Shutting down and abandoning module LinuxServerTargetPlatform (49)
[2017.01.13-08.12.25:239][289]LogModuleManager: Shutting down and abandoning module LinuxNoEditorTargetPlatform (48)
[2017.01.13-08.12.25:239][289]LogModuleManager: Shutting down and abandoning module LinuxClientTargetPlatform (47)
[2017.01.13-08.12.25:239][289]LogModuleManager: Shutting down and abandoning module TVOSTargetPlatform (46)
[2017.01.13-08.12.25:239][289]LogModuleManager: Shutting down and abandoning module Messaging (45)
[2017.01.13-08.12.25:239][289]LogModuleManager: Shutting down and abandoning module IOSTargetPlatform (44)
[2017.01.13-08.12.25:239][289]LogModuleManager: Shutting down and abandoning module HTML5TargetPlatform (43)
[2017.01.13-08.12.25:239][289]LogModuleManager: Shutting down and abandoning module Android_PVRTCTargetPlatform (42)
[2017.01.13-08.12.25:239][289]LogModuleManager: Shutting down and abandoning module Android_MultiTargetPlatform (41)
[2017.01.13-08.12.25:239][289]LogModuleManager: Shutting down and abandoning module Android_ETC2TargetPlatform (40)
[2017.01.13-08.12.25:239][289]LogModuleManager: Shutting down and abandoning module Android_ETC1TargetPlatform (39)
[2017.01.13-08.12.25:239][289]LogModuleManager: Shutting down and abandoning module Android_DXTTargetPlatform (38)
[2017.01.13-08.12.25:239][289]LogModuleManager: Shutting down and abandoning module Android_ATCTargetPlatform (37)
[2017.01.13-08.12.25:239][289]LogModuleManager: Shutting down and abandoning module Android_ASTCTargetPlatform (36)
[2017.01.13-08.12.25:239][289]LogModuleManager: Shutting down and abandoning module AndroidTargetPlatform (35)
[2017.01.13-08.12.25:239][289]LogModuleManager: Shutting down and abandoning module WindowsTargetPlatform (34)
[2017.01.13-08.12.25:239][289]LogModuleManager: Shutting down and abandoning module WindowsServerTargetPlatform (33)
[2017.01.13-08.12.25:239][289]LogModuleManager: Shutting down and abandoning module WindowsNoEditorTargetPlatform (32)
[2017.01.13-08.12.25:239][289]LogModuleManager: Shutting down and abandoning module WindowsClientTargetPlatform (31)
[2017.01.13-08.12.25:239][289]LogModuleManager: Shutting down and abandoning module MacTargetPlatform (30)
[2017.01.13-08.12.25:239][289]LogModuleManager: Shutting down and abandoning module MacServerTargetPlatform (29)
[2017.01.13-08.12.25:239][289]LogModuleManager: Shutting down and abandoning module MacNoEditorTargetPlatform (28)
[2017.01.13-08.12.25:239][289]LogModuleManager: Shutting down and abandoning module MacClientTargetPlatform (27)
[2017.01.13-08.12.25:239][289]LogModuleManager: Shutting down and abandoning module AllDesktopTargetPlatform (26)
[2017.01.13-08.12.25:239][289]LogModuleManager: Shutting down and abandoning module TargetPlatform (25)
[2017.01.13-08.12.25:239][289]LogModuleManager: Shutting down and abandoning module InputCore (24)
[2017.01.13-08.12.25:239][289]LogModuleManager: Shutting down and abandoning module Settings (23)
[2017.01.13-08.12.25:239][289]LogModuleManager: Shutting down and abandoning module OculusRift (22)
[2017.01.13-08.12.25:239][289]LogModuleManager: Shutting down and abandoning module ExampleDeviceProfileSelector (21)
[2017.01.13-08.12.25:239][289]LogModuleManager: Shutting down and abandoning module OnlineBlueprintSupport (20)
[2017.01.13-08.12.25:239][289]LogModuleManager: Shutting down and abandoning module OnlineSubsystem (18)
[2017.01.13-08.12.25:239][289]LogOnline:Display: Unloading online subsystem: NULL
[2017.01.13-08.12.25:241][289]LogModuleManager: Shutting down and abandoning module SSL (17)
[2017.01.13-08.12.25:246][289]LogModuleManager: Shutting down and abandoning module HTTP (16)
[2017.01.13-08.12.25:246][289]LogModuleManager: Shutting down and abandoning module XMPP (15)
[2017.01.13-08.12.25:249][289]LogModuleManager: Shutting down and abandoning module TextureCompressor (14)
[2017.01.13-08.12.25:250][289]LogModuleManager: Shutting down and abandoning module ShaderCore (13)
[2017.01.13-08.12.25:250][289]LogModuleManager: Shutting down and abandoning module Landscape (12)
[2017.01.13-08.12.25:250][289]LogModuleManager: Shutting down and abandoning module SlateRHIRenderer (11)
[2017.01.13-08.12.25:257][289]LogModuleManager: Shutting down and abandoning module OpenGLDrv (10)
[2017.01.13-08.12.25:258][289]LogModuleManager: Shutting down and abandoning module D3D11RHI (9)
[2017.01.13-08.12.25:258][289]LogModuleManager: Shutting down and abandoning module AnimGraphRuntime (8)
[2017.01.13-08.12.25:259][289]LogModuleManager: Shutting down and abandoning module Renderer (7)
[2017.01.13-08.12.25:259][289]LogModuleManager: Shutting down and abandoning module Engine (6)
[2017.01.13-08.12.25:259][289]LogModuleManager: Shutting down and abandoning module CoreUObject (5)
[2017.01.13-08.12.25:259][289]LogModuleManager: Shutting down and abandoning module NetworkFile (4)
[2017.01.13-08.12.25:260][289]LogModuleManager: Shutting down and abandoning module StreamingFile (3)
[2017.01.13-08.12.25:260][289]LogModuleManager: Shutting down and abandoning module SandboxFile (2)
[2017.01.13-08.12.25:260][289]LogModuleManager: Shutting down and abandoning module PakFile (1)
[2017.01.13-08.12.25:265][289]LogExit: Exiting.
[2017.01.13-08.12.25:268][289]Log file closed, 01/13/17 16:12:25
